16:38 INFO    : Running for label 'AT2017gfo_dL40_tight_iota', output will be saved to 'outdir'
16:38 INFO    : Running for label 'AT2017gfo_dL40_tight_iota', output will be saved to 'outdir'
16:38 INFO    : Running for label 'AT2017gfo_dL40_tight_iota', output will be saved to 'outdir'
16:38 INFO    : Running for label 'AT2017gfo_dL40_tight_iota', output will be saved to 'outdir'
16:38 INFO    : Running for label 'AT2017gfo_dL40_tight_iota', output will be saved to 'outdir'
16:38 INFO    : Running for label 'AT2017gfo_dL40_tight_iota', output will be saved to 'outdir'
16:38 INFO    : Running for label 'AT2017gfo_dL40_tight_iota', output will be saved to 'outdir'
16:38 INFO    : Running for label 'AT2017gfo_dL40_tight_iota', output will be saved to 'outdir'
16:38 INFO    : Running for label 'AT2017gfo_dL40_tight_iota', output will be saved to 'outdir'
16:38 INFO    : Running for label 'AT2017gfo_dL40_tight_iota', output will be saved to 'outdir'
16:38 INFO    : Running for label 'AT2017gfo_dL40_tight_iota', output will be saved to 'outdir'
16:38 INFO    : Running for label 'AT2017gfo_dL40_tight_iota', output will be saved to 'outdir'
16:38 INFO    : Running for label 'AT2017gfo_dL40_tight_iota', output will be saved to 'outdir'
16:38 INFO    : Running for label 'AT2017gfo_dL40_tight_iota', output will be saved to 'outdir'
16:38 INFO    : Running for label 'AT2017gfo_dL40_tight_iota', output will be saved to 'outdir'
16:38 INFO    : Running for label 'AT2017gfo_dL40_tight_iota', output will be saved to 'outdir'
16:38 INFO    : Analysis priors:
16:38 INFO    : Analysis priors:
16:38 INFO    : Analysis priors:
16:38 INFO    : Analysis priors:
16:38 INFO    : inclination_EM=TruncatedGaussian(mu=0.3717551306747922, sigma=0.04363323129985824, minimum=0.0, maximum=1.5707963267948966, name='inclination_EM', latex_label='$\\iota$', unit=None, boundary=None)
16:38 INFO    : inclination_EM=TruncatedGaussian(mu=0.3717551306747922, sigma=0.04363323129985824, minimum=0.0, maximum=1.5707963267948966, name='inclination_EM', latex_label='$\\iota$', unit=None, boundary=None)
16:38 INFO    : log10_mej_dyn=Uniform(minimum=-3, maximum=-1.7, name='log10_mej_dyn', latex_label='$\\log_{10}M^{\\rm{dyn}}_{\\rm{ej}}$', unit=None, boundary=None)
16:38 INFO    : vej_dyn=Uniform(minimum=0.12, maximum=0.25, name='vej_dyn', latex_label='$V^{\\rm{dyn}}_{\\rm{ej}}$', unit=None, boundary=None)
16:38 INFO    : log10_mej_dyn=Uniform(minimum=-3, maximum=-1.7, name='log10_mej_dyn', latex_label='$\\log_{10}M^{\\rm{dyn}}_{\\rm{ej}}$', unit=None, boundary=None)
16:38 INFO    : Analysis priors:
16:38 INFO    : inclination_EM=TruncatedGaussian(mu=0.3717551306747922, sigma=0.04363323129985824, minimum=0.0, maximum=1.5707963267948966, name='inclination_EM', latex_label='$\\iota$', unit=None, boundary=None)
16:38 INFO    : Yedyn=Uniform(minimum=0.15, maximum=0.3, name='Yedyn', latex_label='$Y_{\\rm{dyn}}$', unit=None, boundary=None)
16:38 INFO    : inclination_EM=TruncatedGaussian(mu=0.3717551306747922, sigma=0.04363323129985824, minimum=0.0, maximum=1.5707963267948966, name='inclination_EM', latex_label='$\\iota$', unit=None, boundary=None)
16:38 INFO    : vej_dyn=Uniform(minimum=0.12, maximum=0.25, name='vej_dyn', latex_label='$V^{\\rm{dyn}}_{\\rm{ej}}$', unit=None, boundary=None)
16:38 INFO    : Yewind=Uniform(minimum=0.15, maximum=0.3, name='Yewind', latex_label='$Y_{\\rm{wind}}$', unit=None, boundary=None)
16:38 INFO    : log10_mej_wind=Uniform(minimum=-2, maximum=-0.89, name='log10_mej_wind', latex_label='$\\log_{10}M^{\\rm{wind}}_{\\rm{ej}}$', unit=None, boundary=None)
16:38 INFO    : log10_mej_dyn=Uniform(minimum=-3, maximum=-1.7, name='log10_mej_dyn', latex_label='$\\log_{10}M^{\\rm{dyn}}_{\\rm{ej}}$', unit=None, boundary=None)
16:38 INFO    : Yedyn=Uniform(minimum=0.15, maximum=0.3, name='Yedyn', latex_label='$Y_{\\rm{dyn}}$', unit=None, boundary=None)
16:38 INFO    : log10_mej_dyn=Uniform(minimum=-3, maximum=-1.7, name='log10_mej_dyn', latex_label='$\\log_{10}M^{\\rm{dyn}}_{\\rm{ej}}$', unit=None, boundary=None)
16:38 INFO    : vej_wind=Uniform(minimum=0.03, maximum=0.15, name='vej_wind', latex_label='$V^{\\rm{wind}}_{\\rm{ej}}$', unit=None, boundary=None)
16:38 INFO    : timeshift=0.0
16:38 INFO    : vej_dyn=Uniform(minimum=0.12, maximum=0.25, name='vej_dyn', latex_label='$V^{\\rm{dyn}}_{\\rm{ej}}$', unit=None, boundary=None)
16:38 INFO    : luminosity_distance=40.0
16:38 INFO    : inclination_EM=TruncatedGaussian(mu=0.3717551306747922, sigma=0.04363323129985824, minimum=0.0, maximum=1.5707963267948966, name='inclination_EM', latex_label='$\\iota$', unit=None, boundary=None)
16:38 INFO    : Ebv=0.0
16:38 INFO    : Yewind=Uniform(minimum=0.15, maximum=0.3, name='Yewind', latex_label='$Y_{\\rm{wind}}$', unit=None, boundary=None)
16:38 INFO    : Analysis likelihood class: <class 'nmma.em.likelihood.OpticalLightCurve'>
16:38 INFO    : Analysis likelihood noise evidence: 0.0
16:38 INFO    : Yedyn=Uniform(minimum=0.15, maximum=0.3, name='Yedyn', latex_label='$Y_{\\rm{dyn}}$', unit=None, boundary=None)
16:38 INFO    : vej_dyn=Uniform(minimum=0.12, maximum=0.25, name='vej_dyn', latex_label='$V^{\\rm{dyn}}_{\\rm{ej}}$', unit=None, boundary=None)
16:38 INFO    : log10_mej_wind=Uniform(minimum=-2, maximum=-0.89, name='log10_mej_wind', latex_label='$\\log_{10}M^{\\rm{wind}}_{\\rm{ej}}$', unit=None, boundary=None)
16:38 INFO    : log10_mej_dyn=Uniform(minimum=-3, maximum=-1.7, name='log10_mej_dyn', latex_label='$\\log_{10}M^{\\rm{dyn}}_{\\rm{ej}}$', unit=None, boundary=None)
16:38 INFO    : Yewind=Uniform(minimum=0.15, maximum=0.3, name='Yewind', latex_label='$Y_{\\rm{wind}}$', unit=None, boundary=None)
16:38 INFO    : vej_wind=Uniform(minimum=0.03, maximum=0.15, name='vej_wind', latex_label='$V^{\\rm{wind}}_{\\rm{ej}}$', unit=None, boundary=None)
16:38 INFO    : vej_dyn=Uniform(minimum=0.12, maximum=0.25, name='vej_dyn', latex_label='$V^{\\rm{dyn}}_{\\rm{ej}}$', unit=None, boundary=None)
16:38 INFO    : timeshift=0.0
16:38 INFO    : log10_mej_wind=Uniform(minimum=-2, maximum=-0.89, name='log10_mej_wind', latex_label='$\\log_{10}M^{\\rm{wind}}_{\\rm{ej}}$', unit=None, boundary=None)
16:38 INFO    : luminosity_distance=40.0
16:38 INFO    : Yedyn=Uniform(minimum=0.15, maximum=0.3, name='Yedyn', latex_label='$Y_{\\rm{dyn}}$', unit=None, boundary=None)
16:38 INFO    : Ebv=0.0
16:38 INFO    : Analysis likelihood class: <class 'nmma.em.likelihood.OpticalLightCurve'>
16:38 INFO    : Yedyn=Uniform(minimum=0.15, maximum=0.3, name='Yedyn', latex_label='$Y_{\\rm{dyn}}$', unit=None, boundary=None)
16:38 INFO    : vej_wind=Uniform(minimum=0.03, maximum=0.15, name='vej_wind', latex_label='$V^{\\rm{wind}}_{\\rm{ej}}$', unit=None, boundary=None)
16:38 INFO    : Analysis likelihood noise evidence: 0.0
16:38 INFO    : timeshift=0.0
16:38 INFO    : luminosity_distance=40.0
16:38 INFO    : Ebv=0.0
16:38 INFO    : Yewind=Uniform(minimum=0.15, maximum=0.3, name='Yewind', latex_label='$Y_{\\rm{wind}}$', unit=None, boundary=None)
16:38 INFO    : Yewind=Uniform(minimum=0.15, maximum=0.3, name='Yewind', latex_label='$Y_{\\rm{wind}}$', unit=None, boundary=None)
16:38 INFO    : Analysis likelihood class: <class 'nmma.em.likelihood.OpticalLightCurve'>
16:38 INFO    : Analysis likelihood noise evidence: 0.0
16:38 INFO    : log10_mej_wind=Uniform(minimum=-2, maximum=-0.89, name='log10_mej_wind', latex_label='$\\log_{10}M^{\\rm{wind}}_{\\rm{ej}}$', unit=None, boundary=None)
16:38 INFO    : vej_wind=Uniform(minimum=0.03, maximum=0.15, name='vej_wind', latex_label='$V^{\\rm{wind}}_{\\rm{ej}}$', unit=None, boundary=None)
16:38 INFO    : log10_mej_wind=Uniform(minimum=-2, maximum=-0.89, name='log10_mej_wind', latex_label='$\\log_{10}M^{\\rm{wind}}_{\\rm{ej}}$', unit=None, boundary=None)
16:38 INFO    : timeshift=0.0
16:38 INFO    : Analysis priors:
16:38 INFO    : luminosity_distance=40.0
16:38 INFO    : Ebv=0.0
16:38 INFO    : Analysis likelihood class: <class 'nmma.em.likelihood.OpticalLightCurve'>
16:38 INFO    : Analysis likelihood noise evidence: 0.0
16:38 INFO    : vej_wind=Uniform(minimum=0.03, maximum=0.15, name='vej_wind', latex_label='$V^{\\rm{wind}}_{\\rm{ej}}$', unit=None, boundary=None)
16:38 INFO    : timeshift=0.0
16:38 INFO    : luminosity_distance=40.0
16:38 INFO    : Ebv=0.0
16:38 INFO    : inclination_EM=TruncatedGaussian(mu=0.3717551306747922, sigma=0.04363323129985824, minimum=0.0, maximum=1.5707963267948966, name='inclination_EM', latex_label='$\\iota$', unit=None, boundary=None)
16:38 INFO    : Analysis likelihood class: <class 'nmma.em.likelihood.OpticalLightCurve'>
16:38 INFO    : Analysis likelihood noise evidence: 0.0
16:38 INFO    : log10_mej_dyn=Uniform(minimum=-3, maximum=-1.7, name='log10_mej_dyn', latex_label='$\\log_{10}M^{\\rm{dyn}}_{\\rm{ej}}$', unit=None, boundary=None)
16:38 INFO    : Analysis priors:
16:38 INFO    : vej_dyn=Uniform(minimum=0.12, maximum=0.25, name='vej_dyn', latex_label='$V^{\\rm{dyn}}_{\\rm{ej}}$', unit=None, boundary=None)
16:38 INFO    : Analysis priors:
16:38 INFO    : Analysis priors:
16:38 INFO    : Analysis priors:
16:38 INFO    : Yedyn=Uniform(minimum=0.15, maximum=0.3, name='Yedyn', latex_label='$Y_{\\rm{dyn}}$', unit=None, boundary=None)
16:38 INFO    : inclination_EM=TruncatedGaussian(mu=0.3717551306747922, sigma=0.04363323129985824, minimum=0.0, maximum=1.5707963267948966, name='inclination_EM', latex_label='$\\iota$', unit=None, boundary=None)
16:38 INFO    : Analysis priors:
16:38 INFO    : Yewind=Uniform(minimum=0.15, maximum=0.3, name='Yewind', latex_label='$Y_{\\rm{wind}}$', unit=None, boundary=None)
16:38 INFO    : log10_mej_dyn=Uniform(minimum=-3, maximum=-1.7, name='log10_mej_dyn', latex_label='$\\log_{10}M^{\\rm{dyn}}_{\\rm{ej}}$', unit=None, boundary=None)
16:38 INFO    : inclination_EM=TruncatedGaussian(mu=0.3717551306747922, sigma=0.04363323129985824, minimum=0.0, maximum=1.5707963267948966, name='inclination_EM', latex_label='$\\iota$', unit=None, boundary=None)
16:38 INFO    : Analysis priors:
16:38 INFO    : vej_dyn=Uniform(minimum=0.12, maximum=0.25, name='vej_dyn', latex_label='$V^{\\rm{dyn}}_{\\rm{ej}}$', unit=None, boundary=None)
16:38 INFO    : log10_mej_wind=Uniform(minimum=-2, maximum=-0.89, name='log10_mej_wind', latex_label='$\\log_{10}M^{\\rm{wind}}_{\\rm{ej}}$', unit=None, boundary=None)
16:38 INFO    : inclination_EM=TruncatedGaussian(mu=0.3717551306747922, sigma=0.04363323129985824, minimum=0.0, maximum=1.5707963267948966, name='inclination_EM', latex_label='$\\iota$', unit=None, boundary=None)
16:38 INFO    : inclination_EM=TruncatedGaussian(mu=0.3717551306747922, sigma=0.04363323129985824, minimum=0.0, maximum=1.5707963267948966, name='inclination_EM', latex_label='$\\iota$', unit=None, boundary=None)
16:38 INFO    : Analysis priors:
16:38 INFO    : log10_mej_dyn=Uniform(minimum=-3, maximum=-1.7, name='log10_mej_dyn', latex_label='$\\log_{10}M^{\\rm{dyn}}_{\\rm{ej}}$', unit=None, boundary=None)
16:38 INFO    : Yedyn=Uniform(minimum=0.15, maximum=0.3, name='Yedyn', latex_label='$Y_{\\rm{dyn}}$', unit=None, boundary=None)
16:38 INFO    : inclination_EM=TruncatedGaussian(mu=0.3717551306747922, sigma=0.04363323129985824, minimum=0.0, maximum=1.5707963267948966, name='inclination_EM', latex_label='$\\iota$', unit=None, boundary=None)
16:38 INFO    : vej_wind=Uniform(minimum=0.03, maximum=0.15, name='vej_wind', latex_label='$V^{\\rm{wind}}_{\\rm{ej}}$', unit=None, boundary=None)
16:38 INFO    : Analysis priors:
16:38 INFO    : Yewind=Uniform(minimum=0.15, maximum=0.3, name='Yewind', latex_label='$Y_{\\rm{wind}}$', unit=None, boundary=None)
16:38 INFO    : log10_mej_dyn=Uniform(minimum=-3, maximum=-1.7, name='log10_mej_dyn', latex_label='$\\log_{10}M^{\\rm{dyn}}_{\\rm{ej}}$', unit=None, boundary=None)
16:38 INFO    : Analysis priors:
16:38 INFO    : vej_dyn=Uniform(minimum=0.12, maximum=0.25, name='vej_dyn', latex_label='$V^{\\rm{dyn}}_{\\rm{ej}}$', unit=None, boundary=None)
16:38 INFO    : timeshift=0.0
16:38 INFO    : log10_mej_dyn=Uniform(minimum=-3, maximum=-1.7, name='log10_mej_dyn', latex_label='$\\log_{10}M^{\\rm{dyn}}_{\\rm{ej}}$', unit=None, boundary=None)
16:38 INFO    : log10_mej_dyn=Uniform(minimum=-3, maximum=-1.7, name='log10_mej_dyn', latex_label='$\\log_{10}M^{\\rm{dyn}}_{\\rm{ej}}$', unit=None, boundary=None)
16:38 INFO    : luminosity_distance=40.0
16:38 INFO    : log10_mej_wind=Uniform(minimum=-2, maximum=-0.89, name='log10_mej_wind', latex_label='$\\log_{10}M^{\\rm{wind}}_{\\rm{ej}}$', unit=None, boundary=None)
16:38 INFO    : Ebv=0.0
16:38 INFO    : vej_dyn=Uniform(minimum=0.12, maximum=0.25, name='vej_dyn', latex_label='$V^{\\rm{dyn}}_{\\rm{ej}}$', unit=None, boundary=None)
16:38 INFO    : inclination_EM=TruncatedGaussian(mu=0.3717551306747922, sigma=0.04363323129985824, minimum=0.0, maximum=1.5707963267948966, name='inclination_EM', latex_label='$\\iota$', unit=None, boundary=None)
16:38 INFO    : Yedyn=Uniform(minimum=0.15, maximum=0.3, name='Yedyn', latex_label='$Y_{\\rm{dyn}}$', unit=None, boundary=None)
16:38 INFO    : vej_dyn=Uniform(minimum=0.12, maximum=0.25, name='vej_dyn', latex_label='$V^{\\rm{dyn}}_{\\rm{ej}}$', unit=None, boundary=None)
16:38 INFO    : Analysis likelihood class: <class 'nmma.em.likelihood.OpticalLightCurve'>
16:38 INFO    : vej_wind=Uniform(minimum=0.03, maximum=0.15, name='vej_wind', latex_label='$V^{\\rm{wind}}_{\\rm{ej}}$', unit=None, boundary=None)
16:38 INFO    : inclination_EM=TruncatedGaussian(mu=0.3717551306747922, sigma=0.04363323129985824, minimum=0.0, maximum=1.5707963267948966, name='inclination_EM', latex_label='$\\iota$', unit=None, boundary=None)
16:38 INFO    : Analysis likelihood noise evidence: 0.0
16:38 INFO    : vej_dyn=Uniform(minimum=0.12, maximum=0.25, name='vej_dyn', latex_label='$V^{\\rm{dyn}}_{\\rm{ej}}$', unit=None, boundary=None)
16:38 INFO    : timeshift=0.0
16:38 INFO    : Yedyn=Uniform(minimum=0.15, maximum=0.3, name='Yedyn', latex_label='$Y_{\\rm{dyn}}$', unit=None, boundary=None)
16:38 INFO    : Yedyn=Uniform(minimum=0.15, maximum=0.3, name='Yedyn', latex_label='$Y_{\\rm{dyn}}$', unit=None, boundary=None)
16:38 INFO    : log10_mej_dyn=Uniform(minimum=-3, maximum=-1.7, name='log10_mej_dyn', latex_label='$\\log_{10}M^{\\rm{dyn}}_{\\rm{ej}}$', unit=None, boundary=None)
16:38 INFO    : Yewind=Uniform(minimum=0.15, maximum=0.3, name='Yewind', latex_label='$Y_{\\rm{wind}}$', unit=None, boundary=None)
16:38 INFO    : luminosity_distance=40.0
16:38 INFO    : Ebv=0.0
16:38 INFO    : Analysis likelihood class: <class 'nmma.em.likelihood.OpticalLightCurve'>
16:38 INFO    : Yewind=Uniform(minimum=0.15, maximum=0.3, name='Yewind', latex_label='$Y_{\\rm{wind}}$', unit=None, boundary=None)
16:38 INFO    : inclination_EM=TruncatedGaussian(mu=0.3717551306747922, sigma=0.04363323129985824, minimum=0.0, maximum=1.5707963267948966, name='inclination_EM', latex_label='$\\iota$', unit=None, boundary=None)
16:38 INFO    : log10_mej_dyn=Uniform(minimum=-3, maximum=-1.7, name='log10_mej_dyn', latex_label='$\\log_{10}M^{\\rm{dyn}}_{\\rm{ej}}$', unit=None, boundary=None)
16:38 INFO    : Analysis likelihood noise evidence: 0.0
16:38 INFO    : vej_dyn=Uniform(minimum=0.12, maximum=0.25, name='vej_dyn', latex_label='$V^{\\rm{dyn}}_{\\rm{ej}}$', unit=None, boundary=None)
16:38 INFO    : Yewind=Uniform(minimum=0.15, maximum=0.3, name='Yewind', latex_label='$Y_{\\rm{wind}}$', unit=None, boundary=None)
16:38 INFO    : Analysis priors:
16:38 INFO    : inclination_EM=TruncatedGaussian(mu=0.3717551306747922, sigma=0.04363323129985824, minimum=0.0, maximum=1.5707963267948966, name='inclination_EM', latex_label='$\\iota$', unit=None, boundary=None)
16:38 INFO    : log10_mej_wind=Uniform(minimum=-2, maximum=-0.89, name='log10_mej_wind', latex_label='$\\log_{10}M^{\\rm{wind}}_{\\rm{ej}}$', unit=None, boundary=None)
16:38 INFO    : Yedyn=Uniform(minimum=0.15, maximum=0.3, name='Yedyn', latex_label='$Y_{\\rm{dyn}}$', unit=None, boundary=None)
16:38 INFO    : log10_mej_wind=Uniform(minimum=-2, maximum=-0.89, name='log10_mej_wind', latex_label='$\\log_{10}M^{\\rm{wind}}_{\\rm{ej}}$', unit=None, boundary=None)
16:38 INFO    : Yedyn=Uniform(minimum=0.15, maximum=0.3, name='Yedyn', latex_label='$Y_{\\rm{dyn}}$', unit=None, boundary=None)
16:38 INFO    : vej_dyn=Uniform(minimum=0.12, maximum=0.25, name='vej_dyn', latex_label='$V^{\\rm{dyn}}_{\\rm{ej}}$', unit=None, boundary=None)
16:38 INFO    : log10_mej_wind=Uniform(minimum=-2, maximum=-0.89, name='log10_mej_wind', latex_label='$\\log_{10}M^{\\rm{wind}}_{\\rm{ej}}$', unit=None, boundary=None)
16:38 INFO    : log10_mej_dyn=Uniform(minimum=-3, maximum=-1.7, name='log10_mej_dyn', latex_label='$\\log_{10}M^{\\rm{dyn}}_{\\rm{ej}}$', unit=None, boundary=None)
16:38 INFO    : vej_wind=Uniform(minimum=0.03, maximum=0.15, name='vej_wind', latex_label='$V^{\\rm{wind}}_{\\rm{ej}}$', unit=None, boundary=None)
16:38 INFO    : vej_wind=Uniform(minimum=0.03, maximum=0.15, name='vej_wind', latex_label='$V^{\\rm{wind}}_{\\rm{ej}}$', unit=None, boundary=None)
16:38 INFO    : timeshift=0.0
16:38 INFO    : timeshift=0.0
16:38 INFO    : Yewind=Uniform(minimum=0.15, maximum=0.3, name='Yewind', latex_label='$Y_{\\rm{wind}}$', unit=None, boundary=None)
16:38 INFO    : Yewind=Uniform(minimum=0.15, maximum=0.3, name='Yewind', latex_label='$Y_{\\rm{wind}}$', unit=None, boundary=None)
16:38 INFO    : luminosity_distance=40.0
16:38 INFO    : Yedyn=Uniform(minimum=0.15, maximum=0.3, name='Yedyn', latex_label='$Y_{\\rm{dyn}}$', unit=None, boundary=None)
16:38 INFO    : luminosity_distance=40.0
16:38 INFO    : vej_dyn=Uniform(minimum=0.12, maximum=0.25, name='vej_dyn', latex_label='$V^{\\rm{dyn}}_{\\rm{ej}}$', unit=None, boundary=None)
16:38 INFO    : Ebv=0.0
16:38 INFO    : vej_wind=Uniform(minimum=0.03, maximum=0.15, name='vej_wind', latex_label='$V^{\\rm{wind}}_{\\rm{ej}}$', unit=None, boundary=None)
16:38 INFO    : Ebv=0.0
16:38 INFO    : Analysis likelihood class: <class 'nmma.em.likelihood.OpticalLightCurve'>
16:38 INFO    : timeshift=0.0
16:38 INFO    : Analysis likelihood class: <class 'nmma.em.likelihood.OpticalLightCurve'>
16:38 INFO    : log10_mej_wind=Uniform(minimum=-2, maximum=-0.89, name='log10_mej_wind', latex_label='$\\log_{10}M^{\\rm{wind}}_{\\rm{ej}}$', unit=None, boundary=None)
16:38 INFO    : Analysis likelihood noise evidence: 0.0
16:38 INFO    : luminosity_distance=40.0
16:38 INFO    : Yewind=Uniform(minimum=0.15, maximum=0.3, name='Yewind', latex_label='$Y_{\\rm{wind}}$', unit=None, boundary=None)
16:38 INFO    : Analysis likelihood noise evidence: 0.0
16:38 INFO    : Yedyn=Uniform(minimum=0.15, maximum=0.3, name='Yedyn', latex_label='$Y_{\\rm{dyn}}$', unit=None, boundary=None)
16:38 INFO    : Ebv=0.0
16:38 INFO    : Analysis likelihood class: <class 'nmma.em.likelihood.OpticalLightCurve'>
16:38 INFO    : vej_wind=Uniform(minimum=0.03, maximum=0.15, name='vej_wind', latex_label='$V^{\\rm{wind}}_{\\rm{ej}}$', unit=None, boundary=None)
16:38 INFO    : Analysis likelihood noise evidence: 0.0
16:38 INFO    : log10_mej_wind=Uniform(minimum=-2, maximum=-0.89, name='log10_mej_wind', latex_label='$\\log_{10}M^{\\rm{wind}}_{\\rm{ej}}$', unit=None, boundary=None)
16:38 INFO    : timeshift=0.0
16:38 INFO    : Yewind=Uniform(minimum=0.15, maximum=0.3, name='Yewind', latex_label='$Y_{\\rm{wind}}$', unit=None, boundary=None)
16:38 INFO    : log10_mej_wind=Uniform(minimum=-2, maximum=-0.89, name='log10_mej_wind', latex_label='$\\log_{10}M^{\\rm{wind}}_{\\rm{ej}}$', unit=None, boundary=None)
16:38 INFO    : luminosity_distance=40.0
16:38 INFO    : inclination_EM=TruncatedGaussian(mu=0.3717551306747922, sigma=0.04363323129985824, minimum=0.0, maximum=1.5707963267948966, name='inclination_EM', latex_label='$\\iota$', unit=None, boundary=None)
16:38 INFO    : Ebv=0.0
16:38 INFO    : vej_wind=Uniform(minimum=0.03, maximum=0.15, name='vej_wind', latex_label='$V^{\\rm{wind}}_{\\rm{ej}}$', unit=None, boundary=None)
16:38 INFO    : Analysis likelihood class: <class 'nmma.em.likelihood.OpticalLightCurve'>
16:38 INFO    : log10_mej_wind=Uniform(minimum=-2, maximum=-0.89, name='log10_mej_wind', latex_label='$\\log_{10}M^{\\rm{wind}}_{\\rm{ej}}$', unit=None, boundary=None)
16:38 INFO    : timeshift=0.0
16:38 INFO    : Analysis likelihood noise evidence: 0.0
16:38 INFO    : luminosity_distance=40.0
16:38 INFO    : Ebv=0.0
16:38 INFO    : vej_wind=Uniform(minimum=0.03, maximum=0.15, name='vej_wind', latex_label='$V^{\\rm{wind}}_{\\rm{ej}}$', unit=None, boundary=None)
16:38 INFO    : Analysis likelihood class: <class 'nmma.em.likelihood.OpticalLightCurve'>
16:38 INFO    : log10_mej_dyn=Uniform(minimum=-3, maximum=-1.7, name='log10_mej_dyn', latex_label='$\\log_{10}M^{\\rm{dyn}}_{\\rm{ej}}$', unit=None, boundary=None)
16:38 INFO    : timeshift=0.0
16:38 INFO    : log10_mej_dyn=Uniform(minimum=-3, maximum=-1.7, name='log10_mej_dyn', latex_label='$\\log_{10}M^{\\rm{dyn}}_{\\rm{ej}}$', unit=None, boundary=None)
16:38 INFO    : Analysis likelihood noise evidence: 0.0
16:38 INFO    : luminosity_distance=40.0
16:38 INFO    : Ebv=0.0
16:38 INFO    : Analysis likelihood class: <class 'nmma.em.likelihood.OpticalLightCurve'>
16:38 INFO    : vej_wind=Uniform(minimum=0.03, maximum=0.15, name='vej_wind', latex_label='$V^{\\rm{wind}}_{\\rm{ej}}$', unit=None, boundary=None)
16:38 INFO    : Analysis likelihood noise evidence: 0.0
16:38 INFO    : vej_dyn=Uniform(minimum=0.12, maximum=0.25, name='vej_dyn', latex_label='$V^{\\rm{dyn}}_{\\rm{ej}}$', unit=None, boundary=None)
16:38 INFO    : vej_dyn=Uniform(minimum=0.12, maximum=0.25, name='vej_dyn', latex_label='$V^{\\rm{dyn}}_{\\rm{ej}}$', unit=None, boundary=None)
16:38 INFO    : timeshift=0.0
16:38 INFO    : Yedyn=Uniform(minimum=0.15, maximum=0.3, name='Yedyn', latex_label='$Y_{\\rm{dyn}}$', unit=None, boundary=None)
16:38 INFO    : Yedyn=Uniform(minimum=0.15, maximum=0.3, name='Yedyn', latex_label='$Y_{\\rm{dyn}}$', unit=None, boundary=None)
16:38 INFO    : luminosity_distance=40.0
16:38 INFO    : Yewind=Uniform(minimum=0.15, maximum=0.3, name='Yewind', latex_label='$Y_{\\rm{wind}}$', unit=None, boundary=None)
16:38 INFO    : Ebv=0.0
16:38 INFO    : Yewind=Uniform(minimum=0.15, maximum=0.3, name='Yewind', latex_label='$Y_{\\rm{wind}}$', unit=None, boundary=None)
16:38 INFO    : log10_mej_wind=Uniform(minimum=-2, maximum=-0.89, name='log10_mej_wind', latex_label='$\\log_{10}M^{\\rm{wind}}_{\\rm{ej}}$', unit=None, boundary=None)
16:38 INFO    : Analysis likelihood class: <class 'nmma.em.likelihood.OpticalLightCurve'>
16:38 INFO    : log10_mej_wind=Uniform(minimum=-2, maximum=-0.89, name='log10_mej_wind', latex_label='$\\log_{10}M^{\\rm{wind}}_{\\rm{ej}}$', unit=None, boundary=None)
16:38 INFO    : Analysis likelihood noise evidence: 0.0
16:38 INFO    : vej_wind=Uniform(minimum=0.03, maximum=0.15, name='vej_wind', latex_label='$V^{\\rm{wind}}_{\\rm{ej}}$', unit=None, boundary=None)
16:38 INFO    : timeshift=0.0
16:38 INFO    : luminosity_distance=40.0
16:38 INFO    : Ebv=0.0
16:38 INFO    : vej_wind=Uniform(minimum=0.03, maximum=0.15, name='vej_wind', latex_label='$V^{\\rm{wind}}_{\\rm{ej}}$', unit=None, boundary=None)
16:38 INFO    : Analysis likelihood class: <class 'nmma.em.likelihood.OpticalLightCurve'>
16:38 INFO    : timeshift=0.0
16:38 INFO    : luminosity_distance=40.0
16:38 INFO    : Ebv=0.0
16:38 INFO    : Analysis likelihood class: <class 'nmma.em.likelihood.OpticalLightCurve'>
16:38 INFO    : Analysis likelihood noise evidence: 0.0
16:38 INFO    : Analysis likelihood noise evidence: 0.0
16:39 INFO    : Running for label 'AT2017gfo_dL40_tight_iota', output will be saved to 'outdir'
16:39 INFO    : Running for label 'AT2017gfo_dL40_tight_iota', output will be saved to 'outdir'
16:39 INFO    : Running for label 'AT2017gfo_dL40_tight_iota', output will be saved to 'outdir'
16:39 INFO    : Running for label 'AT2017gfo_dL40_tight_iota', output will be saved to 'outdir'
16:39 INFO    : Running for label 'AT2017gfo_dL40_tight_iota', output will be saved to 'outdir'
16:39 INFO    : Running for label 'AT2017gfo_dL40_tight_iota', output will be saved to 'outdir'
16:39 INFO    : Running for label 'AT2017gfo_dL40_tight_iota', output will be saved to 'outdir'
16:39 INFO    : Running for label 'AT2017gfo_dL40_tight_iota', output will be saved to 'outdir'
16:39 INFO    : Running for label 'AT2017gfo_dL40_tight_iota', output will be saved to 'outdir'
16:39 INFO    : Running for label 'AT2017gfo_dL40_tight_iota', output will be saved to 'outdir'
16:39 INFO    : Running for label 'AT2017gfo_dL40_tight_iota', output will be saved to 'outdir'
16:39 INFO    : Running for label 'AT2017gfo_dL40_tight_iota', output will be saved to 'outdir'
16:39 INFO    : Running for label 'AT2017gfo_dL40_tight_iota', output will be saved to 'outdir'
16:39 INFO    : Running for label 'AT2017gfo_dL40_tight_iota', output will be saved to 'outdir'
16:39 INFO    : Running for label 'AT2017gfo_dL40_tight_iota', output will be saved to 'outdir'
16:39 INFO    : Running for label 'AT2017gfo_dL40_tight_iota', output will be saved to 'outdir'
16:39 INFO    : Analysis priors:
16:39 INFO    : Analysis priors:
16:39 INFO    : inclination_EM=TruncatedGaussian(mu=0.3717551306747922, sigma=0.04363323129985824, minimum=0.0, maximum=1.5707963267948966, name='inclination_EM', latex_label='$\\iota$', unit=None, boundary=None)
16:39 INFO    : Analysis priors:
16:39 INFO    : inclination_EM=TruncatedGaussian(mu=0.3717551306747922, sigma=0.04363323129985824, minimum=0.0, maximum=1.5707963267948966, name='inclination_EM', latex_label='$\\iota$', unit=None, boundary=None)
16:39 INFO    : Analysis priors:
16:39 INFO    : log10_mej_dyn=Uniform(minimum=-3, maximum=-1.7, name='log10_mej_dyn', latex_label='$\\log_{10}M^{\\rm{dyn}}_{\\rm{ej}}$', unit=None, boundary=None)
16:39 INFO    : Analysis priors:
16:39 INFO    : vej_dyn=Uniform(minimum=0.12, maximum=0.25, name='vej_dyn', latex_label='$V^{\\rm{dyn}}_{\\rm{ej}}$', unit=None, boundary=None)
16:39 INFO    : log10_mej_dyn=Uniform(minimum=-3, maximum=-1.7, name='log10_mej_dyn', latex_label='$\\log_{10}M^{\\rm{dyn}}_{\\rm{ej}}$', unit=None, boundary=None)
16:39 INFO    : Yedyn=Uniform(minimum=0.15, maximum=0.3, name='Yedyn', latex_label='$Y_{\\rm{dyn}}$', unit=None, boundary=None)
16:39 INFO    : vej_dyn=Uniform(minimum=0.12, maximum=0.25, name='vej_dyn', latex_label='$V^{\\rm{dyn}}_{\\rm{ej}}$', unit=None, boundary=None)
16:39 INFO    : inclination_EM=TruncatedGaussian(mu=0.3717551306747922, sigma=0.04363323129985824, minimum=0.0, maximum=1.5707963267948966, name='inclination_EM', latex_label='$\\iota$', unit=None, boundary=None)
16:39 INFO    : Yewind=Uniform(minimum=0.15, maximum=0.3, name='Yewind', latex_label='$Y_{\\rm{wind}}$', unit=None, boundary=None)
16:39 INFO    : Yedyn=Uniform(minimum=0.15, maximum=0.3, name='Yedyn', latex_label='$Y_{\\rm{dyn}}$', unit=None, boundary=None)
16:39 INFO    : log10_mej_wind=Uniform(minimum=-2, maximum=-0.89, name='log10_mej_wind', latex_label='$\\log_{10}M^{\\rm{wind}}_{\\rm{ej}}$', unit=None, boundary=None)
16:39 INFO    : inclination_EM=TruncatedGaussian(mu=0.3717551306747922, sigma=0.04363323129985824, minimum=0.0, maximum=1.5707963267948966, name='inclination_EM', latex_label='$\\iota$', unit=None, boundary=None)
16:39 INFO    : Yewind=Uniform(minimum=0.15, maximum=0.3, name='Yewind', latex_label='$Y_{\\rm{wind}}$', unit=None, boundary=None)
16:39 INFO    : inclination_EM=TruncatedGaussian(mu=0.3717551306747922, sigma=0.04363323129985824, minimum=0.0, maximum=1.5707963267948966, name='inclination_EM', latex_label='$\\iota$', unit=None, boundary=None)
16:39 INFO    : log10_mej_dyn=Uniform(minimum=-3, maximum=-1.7, name='log10_mej_dyn', latex_label='$\\log_{10}M^{\\rm{dyn}}_{\\rm{ej}}$', unit=None, boundary=None)
16:39 INFO    : vej_wind=Uniform(minimum=0.03, maximum=0.15, name='vej_wind', latex_label='$V^{\\rm{wind}}_{\\rm{ej}}$', unit=None, boundary=None)
16:39 INFO    : log10_mej_wind=Uniform(minimum=-2, maximum=-0.89, name='log10_mej_wind', latex_label='$\\log_{10}M^{\\rm{wind}}_{\\rm{ej}}$', unit=None, boundary=None)
16:39 INFO    : KNphi=Uniform(minimum=15.0, maximum=75.0, name='KNphi', latex_label='$\\phi_{\\rm{KN}}$', unit=None, boundary=None)
16:39 INFO    : timeshift=0.0
16:39 INFO    : vej_wind=Uniform(minimum=0.03, maximum=0.15, name='vej_wind', latex_label='$V^{\\rm{wind}}_{\\rm{ej}}$', unit=None, boundary=None)
16:39 INFO    : luminosity_distance=40.0
16:39 INFO    : vej_dyn=Uniform(minimum=0.12, maximum=0.25, name='vej_dyn', latex_label='$V^{\\rm{dyn}}_{\\rm{ej}}$', unit=None, boundary=None)
16:39 INFO    : Ebv=0.0
16:39 INFO    : log10_mej_dyn=Uniform(minimum=-3, maximum=-1.7, name='log10_mej_dyn', latex_label='$\\log_{10}M^{\\rm{dyn}}_{\\rm{ej}}$', unit=None, boundary=None)
16:39 INFO    : log10_mej_dyn=Uniform(minimum=-3, maximum=-1.7, name='log10_mej_dyn', latex_label='$\\log_{10}M^{\\rm{dyn}}_{\\rm{ej}}$', unit=None, boundary=None)
16:39 INFO    : Analysis likelihood class: <class 'nmma.em.likelihood.OpticalLightCurve'>
16:39 INFO    : KNphi=Uniform(minimum=15.0, maximum=75.0, name='KNphi', latex_label='$\\phi_{\\rm{KN}}$', unit=None, boundary=None)
16:39 INFO    : Analysis likelihood noise evidence: 0.0
16:39 INFO    : timeshift=0.0
16:39 INFO    : luminosity_distance=40.0
16:39 INFO    : Ebv=0.0
16:39 INFO    : Yedyn=Uniform(minimum=0.15, maximum=0.3, name='Yedyn', latex_label='$Y_{\\rm{dyn}}$', unit=None, boundary=None)
16:39 INFO    : Analysis likelihood class: <class 'nmma.em.likelihood.OpticalLightCurve'>
16:39 INFO    : vej_dyn=Uniform(minimum=0.12, maximum=0.25, name='vej_dyn', latex_label='$V^{\\rm{dyn}}_{\\rm{ej}}$', unit=None, boundary=None)
16:39 INFO    : Analysis likelihood noise evidence: 0.0
16:39 INFO    : vej_dyn=Uniform(minimum=0.12, maximum=0.25, name='vej_dyn', latex_label='$V^{\\rm{dyn}}_{\\rm{ej}}$', unit=None, boundary=None)
16:39 INFO    : Analysis priors:
16:39 INFO    : Yewind=Uniform(minimum=0.15, maximum=0.3, name='Yewind', latex_label='$Y_{\\rm{wind}}$', unit=None, boundary=None)
16:39 INFO    : Yedyn=Uniform(minimum=0.15, maximum=0.3, name='Yedyn', latex_label='$Y_{\\rm{dyn}}$', unit=None, boundary=None)
16:39 INFO    : log10_mej_wind=Uniform(minimum=-2, maximum=-0.89, name='log10_mej_wind', latex_label='$\\log_{10}M^{\\rm{wind}}_{\\rm{ej}}$', unit=None, boundary=None)
16:39 INFO    : Yedyn=Uniform(minimum=0.15, maximum=0.3, name='Yedyn', latex_label='$Y_{\\rm{dyn}}$', unit=None, boundary=None)
16:39 INFO    : Analysis priors:
16:39 INFO    : Yewind=Uniform(minimum=0.15, maximum=0.3, name='Yewind', latex_label='$Y_{\\rm{wind}}$', unit=None, boundary=None)
16:39 INFO    : vej_wind=Uniform(minimum=0.03, maximum=0.15, name='vej_wind', latex_label='$V^{\\rm{wind}}_{\\rm{ej}}$', unit=None, boundary=None)
16:39 INFO    : inclination_EM=TruncatedGaussian(mu=0.3717551306747922, sigma=0.04363323129985824, minimum=0.0, maximum=1.5707963267948966, name='inclination_EM', latex_label='$\\iota$', unit=None, boundary=None)
16:39 INFO    : KNphi=Uniform(minimum=15.0, maximum=75.0, name='KNphi', latex_label='$\\phi_{\\rm{KN}}$', unit=None, boundary=None)
16:39 INFO    : Yewind=Uniform(minimum=0.15, maximum=0.3, name='Yewind', latex_label='$Y_{\\rm{wind}}$', unit=None, boundary=None)
16:39 INFO    : log10_mej_wind=Uniform(minimum=-2, maximum=-0.89, name='log10_mej_wind', latex_label='$\\log_{10}M^{\\rm{wind}}_{\\rm{ej}}$', unit=None, boundary=None)
16:39 INFO    : timeshift=0.0
16:39 INFO    : luminosity_distance=40.0
16:39 INFO    : Ebv=0.0
16:39 INFO    : Analysis likelihood class: <class 'nmma.em.likelihood.OpticalLightCurve'>
16:39 INFO    : vej_wind=Uniform(minimum=0.03, maximum=0.15, name='vej_wind', latex_label='$V^{\\rm{wind}}_{\\rm{ej}}$', unit=None, boundary=None)
16:39 INFO    : Analysis likelihood noise evidence: 0.0
16:39 INFO    : log10_mej_wind=Uniform(minimum=-2, maximum=-0.89, name='log10_mej_wind', latex_label='$\\log_{10}M^{\\rm{wind}}_{\\rm{ej}}$', unit=None, boundary=None)
16:39 INFO    : log10_mej_dyn=Uniform(minimum=-3, maximum=-1.7, name='log10_mej_dyn', latex_label='$\\log_{10}M^{\\rm{dyn}}_{\\rm{ej}}$', unit=None, boundary=None)
16:39 INFO    : inclination_EM=TruncatedGaussian(mu=0.3717551306747922, sigma=0.04363323129985824, minimum=0.0, maximum=1.5707963267948966, name='inclination_EM', latex_label='$\\iota$', unit=None, boundary=None)
16:39 INFO    : KNphi=Uniform(minimum=15.0, maximum=75.0, name='KNphi', latex_label='$\\phi_{\\rm{KN}}$', unit=None, boundary=None)
16:39 INFO    : timeshift=0.0
16:39 INFO    : vej_dyn=Uniform(minimum=0.12, maximum=0.25, name='vej_dyn', latex_label='$V^{\\rm{dyn}}_{\\rm{ej}}$', unit=None, boundary=None)
16:39 INFO    : vej_wind=Uniform(minimum=0.03, maximum=0.15, name='vej_wind', latex_label='$V^{\\rm{wind}}_{\\rm{ej}}$', unit=None, boundary=None)
16:39 INFO    : luminosity_distance=40.0
16:39 INFO    : Ebv=0.0
16:39 INFO    : Analysis likelihood class: <class 'nmma.em.likelihood.OpticalLightCurve'>
16:39 INFO    : Yedyn=Uniform(minimum=0.15, maximum=0.3, name='Yedyn', latex_label='$Y_{\\rm{dyn}}$', unit=None, boundary=None)
16:39 INFO    : log10_mej_dyn=Uniform(minimum=-3, maximum=-1.7, name='log10_mej_dyn', latex_label='$\\log_{10}M^{\\rm{dyn}}_{\\rm{ej}}$', unit=None, boundary=None)
16:39 INFO    : Analysis likelihood noise evidence: 0.0
16:39 INFO    : KNphi=Uniform(minimum=15.0, maximum=75.0, name='KNphi', latex_label='$\\phi_{\\rm{KN}}$', unit=None, boundary=None)
16:39 INFO    : timeshift=0.0
16:39 INFO    : luminosity_distance=40.0
16:39 INFO    : Yewind=Uniform(minimum=0.15, maximum=0.3, name='Yewind', latex_label='$Y_{\\rm{wind}}$', unit=None, boundary=None)
16:39 INFO    : Ebv=0.0
16:39 INFO    : vej_dyn=Uniform(minimum=0.12, maximum=0.25, name='vej_dyn', latex_label='$V^{\\rm{dyn}}_{\\rm{ej}}$', unit=None, boundary=None)
16:39 INFO    : Analysis likelihood class: <class 'nmma.em.likelihood.OpticalLightCurve'>
16:39 INFO    : Analysis likelihood noise evidence: 0.0
16:39 INFO    : log10_mej_wind=Uniform(minimum=-2, maximum=-0.89, name='log10_mej_wind', latex_label='$\\log_{10}M^{\\rm{wind}}_{\\rm{ej}}$', unit=None, boundary=None)
16:39 INFO    : Analysis priors:
16:39 INFO    : Yedyn=Uniform(minimum=0.15, maximum=0.3, name='Yedyn', latex_label='$Y_{\\rm{dyn}}$', unit=None, boundary=None)
16:39 INFO    : Analysis priors:
16:39 INFO    : vej_wind=Uniform(minimum=0.03, maximum=0.15, name='vej_wind', latex_label='$V^{\\rm{wind}}_{\\rm{ej}}$', unit=None, boundary=None)
16:39 INFO    : Yewind=Uniform(minimum=0.15, maximum=0.3, name='Yewind', latex_label='$Y_{\\rm{wind}}$', unit=None, boundary=None)
16:39 INFO    : log10_mej_wind=Uniform(minimum=-2, maximum=-0.89, name='log10_mej_wind', latex_label='$\\log_{10}M^{\\rm{wind}}_{\\rm{ej}}$', unit=None, boundary=None)
16:39 INFO    : KNphi=Uniform(minimum=15.0, maximum=75.0, name='KNphi', latex_label='$\\phi_{\\rm{KN}}$', unit=None, boundary=None)
16:39 INFO    : timeshift=0.0
16:39 INFO    : vej_wind=Uniform(minimum=0.03, maximum=0.15, name='vej_wind', latex_label='$V^{\\rm{wind}}_{\\rm{ej}}$', unit=None, boundary=None)
16:39 INFO    : luminosity_distance=40.0
16:39 INFO    : inclination_EM=TruncatedGaussian(mu=0.3717551306747922, sigma=0.04363323129985824, minimum=0.0, maximum=1.5707963267948966, name='inclination_EM', latex_label='$\\iota$', unit=None, boundary=None)
16:39 INFO    : Ebv=0.0
16:39 INFO    : KNphi=Uniform(minimum=15.0, maximum=75.0, name='KNphi', latex_label='$\\phi_{\\rm{KN}}$', unit=None, boundary=None)
16:39 INFO    : inclination_EM=TruncatedGaussian(mu=0.3717551306747922, sigma=0.04363323129985824, minimum=0.0, maximum=1.5707963267948966, name='inclination_EM', latex_label='$\\iota$', unit=None, boundary=None)
16:39 INFO    : Analysis likelihood class: <class 'nmma.em.likelihood.OpticalLightCurve'>
16:39 INFO    : timeshift=0.0
16:39 INFO    : luminosity_distance=40.0
16:39 INFO    : Analysis likelihood noise evidence: 0.0
16:39 INFO    : Ebv=0.0
16:39 INFO    : Analysis likelihood class: <class 'nmma.em.likelihood.OpticalLightCurve'>
16:39 INFO    : log10_mej_dyn=Uniform(minimum=-3, maximum=-1.7, name='log10_mej_dyn', latex_label='$\\log_{10}M^{\\rm{dyn}}_{\\rm{ej}}$', unit=None, boundary=None)
16:39 INFO    : Analysis likelihood noise evidence: 0.0
16:39 INFO    : log10_mej_dyn=Uniform(minimum=-3, maximum=-1.7, name='log10_mej_dyn', latex_label='$\\log_{10}M^{\\rm{dyn}}_{\\rm{ej}}$', unit=None, boundary=None)
16:39 INFO    : vej_dyn=Uniform(minimum=0.12, maximum=0.25, name='vej_dyn', latex_label='$V^{\\rm{dyn}}_{\\rm{ej}}$', unit=None, boundary=None)
16:39 INFO    : Yedyn=Uniform(minimum=0.15, maximum=0.3, name='Yedyn', latex_label='$Y_{\\rm{dyn}}$', unit=None, boundary=None)
16:39 INFO    : Analysis priors:
16:39 INFO    : Analysis priors:
16:39 INFO    : vej_dyn=Uniform(minimum=0.12, maximum=0.25, name='vej_dyn', latex_label='$V^{\\rm{dyn}}_{\\rm{ej}}$', unit=None, boundary=None)
16:39 INFO    : Yewind=Uniform(minimum=0.15, maximum=0.3, name='Yewind', latex_label='$Y_{\\rm{wind}}$', unit=None, boundary=None)
16:39 INFO    : log10_mej_wind=Uniform(minimum=-2, maximum=-0.89, name='log10_mej_wind', latex_label='$\\log_{10}M^{\\rm{wind}}_{\\rm{ej}}$', unit=None, boundary=None)
16:39 INFO    : Yedyn=Uniform(minimum=0.15, maximum=0.3, name='Yedyn', latex_label='$Y_{\\rm{dyn}}$', unit=None, boundary=None)
16:39 INFO    : inclination_EM=TruncatedGaussian(mu=0.3717551306747922, sigma=0.04363323129985824, minimum=0.0, maximum=1.5707963267948966, name='inclination_EM', latex_label='$\\iota$', unit=None, boundary=None)
16:39 INFO    : inclination_EM=TruncatedGaussian(mu=0.3717551306747922, sigma=0.04363323129985824, minimum=0.0, maximum=1.5707963267948966, name='inclination_EM', latex_label='$\\iota$', unit=None, boundary=None)
16:39 INFO    : vej_wind=Uniform(minimum=0.03, maximum=0.15, name='vej_wind', latex_label='$V^{\\rm{wind}}_{\\rm{ej}}$', unit=None, boundary=None)
16:39 INFO    : log10_mej_dyn=Uniform(minimum=-3, maximum=-1.7, name='log10_mej_dyn', latex_label='$\\log_{10}M^{\\rm{dyn}}_{\\rm{ej}}$', unit=None, boundary=None)
16:39 INFO    : KNphi=Uniform(minimum=15.0, maximum=75.0, name='KNphi', latex_label='$\\phi_{\\rm{KN}}$', unit=None, boundary=None)
16:39 INFO    : log10_mej_dyn=Uniform(minimum=-3, maximum=-1.7, name='log10_mej_dyn', latex_label='$\\log_{10}M^{\\rm{dyn}}_{\\rm{ej}}$', unit=None, boundary=None)
16:39 INFO    : timeshift=0.0
16:39 INFO    : Yewind=Uniform(minimum=0.15, maximum=0.3, name='Yewind', latex_label='$Y_{\\rm{wind}}$', unit=None, boundary=None)
16:39 INFO    : luminosity_distance=40.0
16:39 INFO    : vej_dyn=Uniform(minimum=0.12, maximum=0.25, name='vej_dyn', latex_label='$V^{\\rm{dyn}}_{\\rm{ej}}$', unit=None, boundary=None)
16:39 INFO    : vej_dyn=Uniform(minimum=0.12, maximum=0.25, name='vej_dyn', latex_label='$V^{\\rm{dyn}}_{\\rm{ej}}$', unit=None, boundary=None)
16:39 INFO    : Ebv=0.0
16:39 INFO    : Analysis likelihood class: <class 'nmma.em.likelihood.OpticalLightCurve'>
16:39 INFO    : Yedyn=Uniform(minimum=0.15, maximum=0.3, name='Yedyn', latex_label='$Y_{\\rm{dyn}}$', unit=None, boundary=None)
16:39 INFO    : Analysis likelihood noise evidence: 0.0
16:39 INFO    : Yedyn=Uniform(minimum=0.15, maximum=0.3, name='Yedyn', latex_label='$Y_{\\rm{dyn}}$', unit=None, boundary=None)
16:39 INFO    : Yewind=Uniform(minimum=0.15, maximum=0.3, name='Yewind', latex_label='$Y_{\\rm{wind}}$', unit=None, boundary=None)
16:39 INFO    : log10_mej_wind=Uniform(minimum=-2, maximum=-0.89, name='log10_mej_wind', latex_label='$\\log_{10}M^{\\rm{wind}}_{\\rm{ej}}$', unit=None, boundary=None)
16:39 INFO    : Yewind=Uniform(minimum=0.15, maximum=0.3, name='Yewind', latex_label='$Y_{\\rm{wind}}$', unit=None, boundary=None)
16:39 INFO    : log10_mej_wind=Uniform(minimum=-2, maximum=-0.89, name='log10_mej_wind', latex_label='$\\log_{10}M^{\\rm{wind}}_{\\rm{ej}}$', unit=None, boundary=None)
16:39 INFO    : vej_wind=Uniform(minimum=0.03, maximum=0.15, name='vej_wind', latex_label='$V^{\\rm{wind}}_{\\rm{ej}}$', unit=None, boundary=None)
16:39 INFO    : log10_mej_wind=Uniform(minimum=-2, maximum=-0.89, name='log10_mej_wind', latex_label='$\\log_{10}M^{\\rm{wind}}_{\\rm{ej}}$', unit=None, boundary=None)
16:39 INFO    : KNphi=Uniform(minimum=15.0, maximum=75.0, name='KNphi', latex_label='$\\phi_{\\rm{KN}}$', unit=None, boundary=None)
16:39 INFO    : vej_wind=Uniform(minimum=0.03, maximum=0.15, name='vej_wind', latex_label='$V^{\\rm{wind}}_{\\rm{ej}}$', unit=None, boundary=None)
16:39 INFO    : timeshift=0.0
16:39 INFO    : vej_wind=Uniform(minimum=0.03, maximum=0.15, name='vej_wind', latex_label='$V^{\\rm{wind}}_{\\rm{ej}}$', unit=None, boundary=None)
16:39 INFO    : luminosity_distance=40.0
16:39 INFO    : Analysis priors:
16:39 INFO    : Ebv=0.0
16:39 INFO    : Analysis likelihood class: <class 'nmma.em.likelihood.OpticalLightCurve'>
16:39 INFO    : Analysis likelihood noise evidence: 0.0
16:39 INFO    : KNphi=Uniform(minimum=15.0, maximum=75.0, name='KNphi', latex_label='$\\phi_{\\rm{KN}}$', unit=None, boundary=None)
16:39 INFO    : timeshift=0.0
16:39 INFO    : luminosity_distance=40.0
16:39 INFO    : KNphi=Uniform(minimum=15.0, maximum=75.0, name='KNphi', latex_label='$\\phi_{\\rm{KN}}$', unit=None, boundary=None)
16:39 INFO    : Ebv=0.0
16:39 INFO    : Analysis likelihood class: <class 'nmma.em.likelihood.OpticalLightCurve'>
16:39 INFO    : Analysis likelihood noise evidence: 0.0
16:39 INFO    : timeshift=0.0
16:39 INFO    : luminosity_distance=40.0
16:39 INFO    : Ebv=0.0
16:39 INFO    : Analysis priors:
16:39 INFO    : Analysis likelihood class: <class 'nmma.em.likelihood.OpticalLightCurve'>
16:39 INFO    : Analysis priors:
16:39 INFO    : Analysis likelihood noise evidence: 0.0
16:39 INFO    : inclination_EM=TruncatedGaussian(mu=0.3717551306747922, sigma=0.04363323129985824, minimum=0.0, maximum=1.5707963267948966, name='inclination_EM', latex_label='$\\iota$', unit=None, boundary=None)
16:39 INFO    : inclination_EM=TruncatedGaussian(mu=0.3717551306747922, sigma=0.04363323129985824, minimum=0.0, maximum=1.5707963267948966, name='inclination_EM', latex_label='$\\iota$', unit=None, boundary=None)
16:39 INFO    : inclination_EM=TruncatedGaussian(mu=0.3717551306747922, sigma=0.04363323129985824, minimum=0.0, maximum=1.5707963267948966, name='inclination_EM', latex_label='$\\iota$', unit=None, boundary=None)
16:39 INFO    : log10_mej_dyn=Uniform(minimum=-3, maximum=-1.7, name='log10_mej_dyn', latex_label='$\\log_{10}M^{\\rm{dyn}}_{\\rm{ej}}$', unit=None, boundary=None)
16:39 INFO    : log10_mej_dyn=Uniform(minimum=-3, maximum=-1.7, name='log10_mej_dyn', latex_label='$\\log_{10}M^{\\rm{dyn}}_{\\rm{ej}}$', unit=None, boundary=None)
16:39 INFO    : log10_mej_dyn=Uniform(minimum=-3, maximum=-1.7, name='log10_mej_dyn', latex_label='$\\log_{10}M^{\\rm{dyn}}_{\\rm{ej}}$', unit=None, boundary=None)
16:39 INFO    : vej_dyn=Uniform(minimum=0.12, maximum=0.25, name='vej_dyn', latex_label='$V^{\\rm{dyn}}_{\\rm{ej}}$', unit=None, boundary=None)
16:39 INFO    : vej_dyn=Uniform(minimum=0.12, maximum=0.25, name='vej_dyn', latex_label='$V^{\\rm{dyn}}_{\\rm{ej}}$', unit=None, boundary=None)
16:39 INFO    : Yedyn=Uniform(minimum=0.15, maximum=0.3, name='Yedyn', latex_label='$Y_{\\rm{dyn}}$', unit=None, boundary=None)
16:39 INFO    : vej_dyn=Uniform(minimum=0.12, maximum=0.25, name='vej_dyn', latex_label='$V^{\\rm{dyn}}_{\\rm{ej}}$', unit=None, boundary=None)
16:39 INFO    : Yewind=Uniform(minimum=0.15, maximum=0.3, name='Yewind', latex_label='$Y_{\\rm{wind}}$', unit=None, boundary=None)
16:39 INFO    : log10_mej_wind=Uniform(minimum=-2, maximum=-0.89, name='log10_mej_wind', latex_label='$\\log_{10}M^{\\rm{wind}}_{\\rm{ej}}$', unit=None, boundary=None)
16:39 INFO    : Yedyn=Uniform(minimum=0.15, maximum=0.3, name='Yedyn', latex_label='$Y_{\\rm{dyn}}$', unit=None, boundary=None)
16:39 INFO    : Analysis priors:
16:39 INFO    : vej_wind=Uniform(minimum=0.03, maximum=0.15, name='vej_wind', latex_label='$V^{\\rm{wind}}_{\\rm{ej}}$', unit=None, boundary=None)
16:39 INFO    : Yedyn=Uniform(minimum=0.15, maximum=0.3, name='Yedyn', latex_label='$Y_{\\rm{dyn}}$', unit=None, boundary=None)
16:39 INFO    : Yewind=Uniform(minimum=0.15, maximum=0.3, name='Yewind', latex_label='$Y_{\\rm{wind}}$', unit=None, boundary=None)
16:39 INFO    : KNphi=Uniform(minimum=15.0, maximum=75.0, name='KNphi', latex_label='$\\phi_{\\rm{KN}}$', unit=None, boundary=None)
16:39 INFO    : timeshift=0.0
16:39 INFO    : luminosity_distance=40.0
16:39 INFO    : Ebv=0.0
16:39 INFO    : Analysis likelihood class: <class 'nmma.em.likelihood.OpticalLightCurve'>
16:39 INFO    : Analysis likelihood noise evidence: 0.0
16:39 INFO    : log10_mej_wind=Uniform(minimum=-2, maximum=-0.89, name='log10_mej_wind', latex_label='$\\log_{10}M^{\\rm{wind}}_{\\rm{ej}}$', unit=None, boundary=None)
16:39 INFO    : Yewind=Uniform(minimum=0.15, maximum=0.3, name='Yewind', latex_label='$Y_{\\rm{wind}}$', unit=None, boundary=None)
16:39 INFO    : vej_wind=Uniform(minimum=0.03, maximum=0.15, name='vej_wind', latex_label='$V^{\\rm{wind}}_{\\rm{ej}}$', unit=None, boundary=None)
16:39 INFO    : inclination_EM=TruncatedGaussian(mu=0.3717551306747922, sigma=0.04363323129985824, minimum=0.0, maximum=1.5707963267948966, name='inclination_EM', latex_label='$\\iota$', unit=None, boundary=None)
16:39 INFO    : KNphi=Uniform(minimum=15.0, maximum=75.0, name='KNphi', latex_label='$\\phi_{\\rm{KN}}$', unit=None, boundary=None)
16:39 INFO    : log10_mej_wind=Uniform(minimum=-2, maximum=-0.89, name='log10_mej_wind', latex_label='$\\log_{10}M^{\\rm{wind}}_{\\rm{ej}}$', unit=None, boundary=None)
16:39 INFO    : timeshift=0.0
16:39 INFO    : log10_mej_dyn=Uniform(minimum=-3, maximum=-1.7, name='log10_mej_dyn', latex_label='$\\log_{10}M^{\\rm{dyn}}_{\\rm{ej}}$', unit=None, boundary=None)
16:39 INFO    : luminosity_distance=40.0
16:39 INFO    : Ebv=0.0
16:39 INFO    : Analysis likelihood class: <class 'nmma.em.likelihood.OpticalLightCurve'>
16:39 INFO    : vej_dyn=Uniform(minimum=0.12, maximum=0.25, name='vej_dyn', latex_label='$V^{\\rm{dyn}}_{\\rm{ej}}$', unit=None, boundary=None)
16:39 INFO    : Analysis likelihood noise evidence: 0.0
16:39 INFO    : vej_wind=Uniform(minimum=0.03, maximum=0.15, name='vej_wind', latex_label='$V^{\\rm{wind}}_{\\rm{ej}}$', unit=None, boundary=None)
16:39 INFO    : Yedyn=Uniform(minimum=0.15, maximum=0.3, name='Yedyn', latex_label='$Y_{\\rm{dyn}}$', unit=None, boundary=None)
16:39 INFO    : Yewind=Uniform(minimum=0.15, maximum=0.3, name='Yewind', latex_label='$Y_{\\rm{wind}}$', unit=None, boundary=None)
16:39 INFO    : log10_mej_wind=Uniform(minimum=-2, maximum=-0.89, name='log10_mej_wind', latex_label='$\\log_{10}M^{\\rm{wind}}_{\\rm{ej}}$', unit=None, boundary=None)
16:39 INFO    : KNphi=Uniform(minimum=15.0, maximum=75.0, name='KNphi', latex_label='$\\phi_{\\rm{KN}}$', unit=None, boundary=None)
16:39 INFO    : timeshift=0.0
16:39 INFO    : vej_wind=Uniform(minimum=0.03, maximum=0.15, name='vej_wind', latex_label='$V^{\\rm{wind}}_{\\rm{ej}}$', unit=None, boundary=None)
16:39 INFO    : luminosity_distance=40.0
16:39 INFO    : KNphi=Uniform(minimum=15.0, maximum=75.0, name='KNphi', latex_label='$\\phi_{\\rm{KN}}$', unit=None, boundary=None)
16:39 INFO    : Ebv=0.0
16:39 INFO    : timeshift=0.0
16:39 INFO    : luminosity_distance=40.0
16:39 INFO    : Ebv=0.0
16:39 INFO    : Analysis likelihood class: <class 'nmma.em.likelihood.OpticalLightCurve'>
16:39 INFO    : Analysis likelihood class: <class 'nmma.em.likelihood.OpticalLightCurve'>
16:39 INFO    : Analysis likelihood noise evidence: 0.0
16:39 INFO    : Analysis likelihood noise evidence: 0.0
16:39 INFO    : Analysis priors:
16:39 INFO    : inclination_EM=TruncatedGaussian(mu=0.3717551306747922, sigma=0.04363323129985824, minimum=0.0, maximum=1.5707963267948966, name='inclination_EM', latex_label='$\\iota$', unit=None, boundary=None)
16:39 INFO    : log10_mej_dyn=Uniform(minimum=-3, maximum=-1.7, name='log10_mej_dyn', latex_label='$\\log_{10}M^{\\rm{dyn}}_{\\rm{ej}}$', unit=None, boundary=None)
16:39 INFO    : vej_dyn=Uniform(minimum=0.12, maximum=0.25, name='vej_dyn', latex_label='$V^{\\rm{dyn}}_{\\rm{ej}}$', unit=None, boundary=None)
16:39 INFO    : Yedyn=Uniform(minimum=0.15, maximum=0.3, name='Yedyn', latex_label='$Y_{\\rm{dyn}}$', unit=None, boundary=None)
16:39 INFO    : Yewind=Uniform(minimum=0.15, maximum=0.3, name='Yewind', latex_label='$Y_{\\rm{wind}}$', unit=None, boundary=None)
16:39 INFO    : log10_mej_wind=Uniform(minimum=-2, maximum=-0.89, name='log10_mej_wind', latex_label='$\\log_{10}M^{\\rm{wind}}_{\\rm{ej}}$', unit=None, boundary=None)
16:39 INFO    : vej_wind=Uniform(minimum=0.03, maximum=0.15, name='vej_wind', latex_label='$V^{\\rm{wind}}_{\\rm{ej}}$', unit=None, boundary=None)
16:39 INFO    : KNphi=Uniform(minimum=15.0, maximum=75.0, name='KNphi', latex_label='$\\phi_{\\rm{KN}}$', unit=None, boundary=None)
16:39 INFO    : timeshift=0.0
16:39 INFO    : luminosity_distance=40.0
16:39 INFO    : Ebv=0.0
16:39 INFO    : Analysis likelihood class: <class 'nmma.em.likelihood.OpticalLightCurve'>
16:39 INFO    : Analysis likelihood noise evidence: 0.0
16:39 INFO    : Single likelihood evaluation took 2.675e-02 s
16:39 INFO    : Single likelihood evaluation took 2.670e-02 s
16:39 INFO    : Single likelihood evaluation took 2.677e-02 s
16:39 INFO    : Single likelihood evaluation took 2.696e-02 s
16:39 WARNING : Supplied argument 'queue_size' not an argument of 'Pymultinest', removing.
16:39 WARNING : Supplied argument 'check_point_delta_t' not an argument of 'Pymultinest', removing.
16:39 INFO    : Using sampler Pymultinest with kwargs {'importance_nested_sampling': False, 'resume': True, 'verbose': True, 'sampling_efficiency': 'parameter', 'n_live_points': 2048, 'n_params': 8, 'n_clustering_params': None, 'wrapped_params': None, 'multimodal': True, 'const_efficiency_mode': False, 'evidence_tolerance': 0.5, 'n_iter_before_update': 100, 'null_log_evidence': -1e+90, 'max_modes': 100, 'mode_tolerance': -1e+90, 'seed': 42, 'context': 0, 'write_output': True, 'log_zero': -1e+100, 'max_iter': 0, 'init_MPI': False, 'dump_callback': <bound method Pymultinest._dump_callback of <bilby.core.sampler.pymultinest.Pymultinest object at 0x7f10c0513fa0>>}
16:39 WARNING : Supplied argument 'queue_size' not an argument of 'Pymultinest', removing.
16:39 WARNING : Supplied argument 'check_point_delta_t' not an argument of 'Pymultinest', removing.
16:39 INFO    : Using sampler Pymultinest with kwargs {'importance_nested_sampling': False, 'resume': True, 'verbose': True, 'sampling_efficiency': 'parameter', 'n_live_points': 2048, 'n_params': 8, 'n_clustering_params': None, 'wrapped_params': None, 'multimodal': True, 'const_efficiency_mode': False, 'evidence_tolerance': 0.5, 'n_iter_before_update': 100, 'null_log_evidence': -1e+90, 'max_modes': 100, 'mode_tolerance': -1e+90, 'seed': 42, 'context': 0, 'write_output': True, 'log_zero': -1e+100, 'max_iter': 0, 'init_MPI': False, 'dump_callback': <bound method Pymultinest._dump_callback of <bilby.core.sampler.pymultinest.Pymultinest object at 0x7f4c5c304820>>}
16:39 INFO    : Temporary directory incompatible with MPI, will run in original directory
16:39 INFO    : Temporary directory incompatible with MPI, will run in original directory
16:39 INFO    : Using output file outdir/pm_AT2017gfo_dL40_tight_iota/
16:39 INFO    : Using output file outdir/pm_AT2017gfo_dL40_tight_iota/
16:39 INFO    : Single likelihood evaluation took 2.709e-02 s
16:39 INFO    : Single likelihood evaluation took 2.702e-02 s
16:39 INFO    : Single likelihood evaluation took 2.709e-02 s
16:39 WARNING : Supplied argument 'queue_size' not an argument of 'Pymultinest', removing.
16:39 WARNING : Supplied argument 'check_point_delta_t' not an argument of 'Pymultinest', removing.
16:39 INFO    : Using sampler Pymultinest with kwargs {'importance_nested_sampling': False, 'resume': True, 'verbose': True, 'sampling_efficiency': 'parameter', 'n_live_points': 2048, 'n_params': 8, 'n_clustering_params': None, 'wrapped_params': None, 'multimodal': True, 'const_efficiency_mode': False, 'evidence_tolerance': 0.5, 'n_iter_before_update': 100, 'null_log_evidence': -1e+90, 'max_modes': 100, 'mode_tolerance': -1e+90, 'seed': 42, 'context': 0, 'write_output': True, 'log_zero': -1e+100, 'max_iter': 0, 'init_MPI': False, 'dump_callback': <bound method Pymultinest._dump_callback of <bilby.core.sampler.pymultinest.Pymultinest object at 0x7f0e8c642f50>>}
16:39 INFO    : Temporary directory incompatible with MPI, will run in original directory
16:39 INFO    : Single likelihood evaluation took 2.714e-02 s
16:39 INFO    : Using output file outdir/pm_AT2017gfo_dL40_tight_iota/
16:39 INFO    : Single likelihood evaluation took 2.718e-02 s
16:39 INFO    : Single likelihood evaluation took 2.717e-02 s
16:39 INFO    : Single likelihood evaluation took 2.718e-02 s
16:39 INFO    : Single likelihood evaluation took 2.721e-02 s
16:39 INFO    : Single likelihood evaluation took 2.718e-02 s
16:39 INFO    : Single likelihood evaluation took 2.726e-02 s
16:39 WARNING : Supplied argument 'queue_size' not an argument of 'Pymultinest', removing.
16:39 WARNING : Supplied argument 'check_point_delta_t' not an argument of 'Pymultinest', removing.
16:39 INFO    : Using sampler Pymultinest with kwargs {'importance_nested_sampling': False, 'resume': True, 'verbose': True, 'sampling_efficiency': 'parameter', 'n_live_points': 2048, 'n_params': 8, 'n_clustering_params': None, 'wrapped_params': None, 'multimodal': True, 'const_efficiency_mode': False, 'evidence_tolerance': 0.5, 'n_iter_before_update': 100, 'null_log_evidence': -1e+90, 'max_modes': 100, 'mode_tolerance': -1e+90, 'seed': 42, 'context': 0, 'write_output': True, 'log_zero': -1e+100, 'max_iter': 0, 'init_MPI': False, 'dump_callback': <bound method Pymultinest._dump_callback of <bilby.core.sampler.pymultinest.Pymultinest object at 0x7f279c0eafb0>>}
16:39 INFO    : Temporary directory incompatible with MPI, will run in original directory
16:39 INFO    : Using output file outdir/pm_AT2017gfo_dL40_tight_iota/
16:39 WARNING : Supplied argument 'queue_size' not an argument of 'Pymultinest', removing.
16:39 WARNING : Supplied argument 'check_point_delta_t' not an argument of 'Pymultinest', removing.
16:39 WARNING : Supplied argument 'queue_size' not an argument of 'Pymultinest', removing.
16:39 WARNING : Supplied argument 'check_point_delta_t' not an argument of 'Pymultinest', removing.
16:39 INFO    : Using sampler Pymultinest with kwargs {'importance_nested_sampling': False, 'resume': True, 'verbose': True, 'sampling_efficiency': 'parameter', 'n_live_points': 2048, 'n_params': 8, 'n_clustering_params': None, 'wrapped_params': None, 'multimodal': True, 'const_efficiency_mode': False, 'evidence_tolerance': 0.5, 'n_iter_before_update': 100, 'null_log_evidence': -1e+90, 'max_modes': 100, 'mode_tolerance': -1e+90, 'seed': 42, 'context': 0, 'write_output': True, 'log_zero': -1e+100, 'max_iter': 0, 'init_MPI': False, 'dump_callback': <bound method Pymultinest._dump_callback of <bilby.core.sampler.pymultinest.Pymultinest object at 0x7fe9bc327a90>>}
16:39 INFO    : Using sampler Pymultinest with kwargs {'importance_nested_sampling': False, 'resume': True, 'verbose': True, 'sampling_efficiency': 'parameter', 'n_live_points': 2048, 'n_params': 8, 'n_clustering_params': None, 'wrapped_params': None, 'multimodal': True, 'const_efficiency_mode': False, 'evidence_tolerance': 0.5, 'n_iter_before_update': 100, 'null_log_evidence': -1e+90, 'max_modes': 100, 'mode_tolerance': -1e+90, 'seed': 42, 'context': 0, 'write_output': True, 'log_zero': -1e+100, 'max_iter': 0, 'init_MPI': False, 'dump_callback': <bound method Pymultinest._dump_callback of <bilby.core.sampler.pymultinest.Pymultinest object at 0x7f14c84d2f80>>}
16:39 INFO    : Temporary directory incompatible with MPI, will run in original directory
16:39 WARNING : Supplied argument 'queue_size' not an argument of 'Pymultinest', removing.
16:39 WARNING : Supplied argument 'check_point_delta_t' not an argument of 'Pymultinest', removing.
16:39 INFO    : Temporary directory incompatible with MPI, will run in original directory
16:39 INFO    : Using sampler Pymultinest with kwargs {'importance_nested_sampling': False, 'resume': True, 'verbose': True, 'sampling_efficiency': 'parameter', 'n_live_points': 2048, 'n_params': 8, 'n_clustering_params': None, 'wrapped_params': None, 'multimodal': True, 'const_efficiency_mode': False, 'evidence_tolerance': 0.5, 'n_iter_before_update': 100, 'null_log_evidence': -1e+90, 'max_modes': 100, 'mode_tolerance': -1e+90, 'seed': 42, 'context': 0, 'write_output': True, 'log_zero': -1e+100, 'max_iter': 0, 'init_MPI': False, 'dump_callback': <bound method Pymultinest._dump_callback of <bilby.core.sampler.pymultinest.Pymultinest object at 0x7f002c63ae60>>}
16:39 INFO    : Using output file outdir/pm_AT2017gfo_dL40_tight_iota/
16:39 INFO    : Using output file outdir/pm_AT2017gfo_dL40_tight_iota/
16:39 INFO    : Temporary directory incompatible with MPI, will run in original directory
16:39 INFO    : Using output file outdir/pm_AT2017gfo_dL40_tight_iota/
16:39 WARNING : Supplied argument 'queue_size' not an argument of 'Pymultinest', removing.
16:39 WARNING : Supplied argument 'check_point_delta_t' not an argument of 'Pymultinest', removing.
16:39 INFO    : Using sampler Pymultinest with kwargs {'importance_nested_sampling': False, 'resume': True, 'verbose': True, 'sampling_efficiency': 'parameter', 'n_live_points': 2048, 'n_params': 8, 'n_clustering_params': None, 'wrapped_params': None, 'multimodal': True, 'const_efficiency_mode': False, 'evidence_tolerance': 0.5, 'n_iter_before_update': 100, 'null_log_evidence': -1e+90, 'max_modes': 100, 'mode_tolerance': -1e+90, 'seed': 42, 'context': 0, 'write_output': True, 'log_zero': -1e+100, 'max_iter': 0, 'init_MPI': False, 'dump_callback': <bound method Pymultinest._dump_callback of <bilby.core.sampler.pymultinest.Pymultinest object at 0x7fd180520970>>}
16:39 INFO    : Temporary directory incompatible with MPI, will run in original directory
16:39 INFO    : Using output file outdir/pm_AT2017gfo_dL40_tight_iota/
16:39 WARNING : Supplied argument 'queue_size' not an argument of 'Pymultinest', removing.
16:39 WARNING : Supplied argument 'check_point_delta_t' not an argument of 'Pymultinest', removing.
16:39 INFO    : Using sampler Pymultinest with kwargs {'importance_nested_sampling': False, 'resume': True, 'verbose': True, 'sampling_efficiency': 'parameter', 'n_live_points': 2048, 'n_params': 8, 'n_clustering_params': None, 'wrapped_params': None, 'multimodal': True, 'const_efficiency_mode': False, 'evidence_tolerance': 0.5, 'n_iter_before_update': 100, 'null_log_evidence': -1e+90, 'max_modes': 100, 'mode_tolerance': -1e+90, 'seed': 42, 'context': 0, 'write_output': True, 'log_zero': -1e+100, 'max_iter': 0, 'init_MPI': False, 'dump_callback': <bound method Pymultinest._dump_callback of <bilby.core.sampler.pymultinest.Pymultinest object at 0x7f87fc330b20>>}
16:39 INFO    : Temporary directory incompatible with MPI, will run in original directory
16:39 INFO    : Using output file outdir/pm_AT2017gfo_dL40_tight_iota/
16:39 WARNING : Supplied argument 'queue_size' not an argument of 'Pymultinest', removing.
16:39 WARNING : Supplied argument 'check_point_delta_t' not an argument of 'Pymultinest', removing.
16:39 INFO    : Using sampler Pymultinest with kwargs {'importance_nested_sampling': False, 'resume': True, 'verbose': True, 'sampling_efficiency': 'parameter', 'n_live_points': 2048, 'n_params': 8, 'n_clustering_params': None, 'wrapped_params': None, 'multimodal': True, 'const_efficiency_mode': False, 'evidence_tolerance': 0.5, 'n_iter_before_update': 100, 'null_log_evidence': -1e+90, 'max_modes': 100, 'mode_tolerance': -1e+90, 'seed': 42, 'context': 0, 'write_output': True, 'log_zero': -1e+100, 'max_iter': 0, 'init_MPI': False, 'dump_callback': <bound method Pymultinest._dump_callback of <bilby.core.sampler.pymultinest.Pymultinest object at 0x7ff4c8633a90>>}
16:39 INFO    : Temporary directory incompatible with MPI, will run in original directory
16:39 INFO    : Using output file outdir/pm_AT2017gfo_dL40_tight_iota/
16:39 WARNING : Supplied argument 'queue_size' not an argument of 'Pymultinest', removing.
16:39 WARNING : Supplied argument 'check_point_delta_t' not an argument of 'Pymultinest', removing.
16:39 INFO    : Using sampler Pymultinest with kwargs {'importance_nested_sampling': False, 'resume': True, 'verbose': True, 'sampling_efficiency': 'parameter', 'n_live_points': 2048, 'n_params': 8, 'n_clustering_params': None, 'wrapped_params': None, 'multimodal': True, 'const_efficiency_mode': False, 'evidence_tolerance': 0.5, 'n_iter_before_update': 100, 'null_log_evidence': -1e+90, 'max_modes': 100, 'mode_tolerance': -1e+90, 'seed': 42, 'context': 0, 'write_output': True, 'log_zero': -1e+100, 'max_iter': 0, 'init_MPI': False, 'dump_callback': <bound method Pymultinest._dump_callback of <bilby.core.sampler.pymultinest.Pymultinest object at 0x7f244833fb20>>}
16:39 INFO    : Temporary directory incompatible with MPI, will run in original directory
16:39 INFO    : Using output file outdir/pm_AT2017gfo_dL40_tight_iota/
16:39 WARNING : Supplied argument 'queue_size' not an argument of 'Pymultinest', removing.
16:39 WARNING : Supplied argument 'check_point_delta_t' not an argument of 'Pymultinest', removing.
16:39 INFO    : Using sampler Pymultinest with kwargs {'importance_nested_sampling': False, 'resume': True, 'verbose': True, 'sampling_efficiency': 'parameter', 'n_live_points': 2048, 'n_params': 8, 'n_clustering_params': None, 'wrapped_params': None, 'multimodal': True, 'const_efficiency_mode': False, 'evidence_tolerance': 0.5, 'n_iter_before_update': 100, 'null_log_evidence': -1e+90, 'max_modes': 100, 'mode_tolerance': -1e+90, 'seed': 42, 'context': 0, 'write_output': True, 'log_zero': -1e+100, 'max_iter': 0, 'init_MPI': False, 'dump_callback': <bound method Pymultinest._dump_callback of <bilby.core.sampler.pymultinest.Pymultinest object at 0x7f54884dae90>>}
16:39 INFO    : Temporary directory incompatible with MPI, will run in original directory
16:39 INFO    : Using output file outdir/pm_AT2017gfo_dL40_tight_iota/
16:39 WARNING : Supplied argument 'queue_size' not an argument of 'Pymultinest', removing.
16:39 WARNING : Supplied argument 'check_point_delta_t' not an argument of 'Pymultinest', removing.
16:39 WARNING : Supplied argument 'queue_size' not an argument of 'Pymultinest', removing.
16:39 INFO    : Using sampler Pymultinest with kwargs {'importance_nested_sampling': False, 'resume': True, 'verbose': True, 'sampling_efficiency': 'parameter', 'n_live_points': 2048, 'n_params': 8, 'n_clustering_params': None, 'wrapped_params': None, 'multimodal': True, 'const_efficiency_mode': False, 'evidence_tolerance': 0.5, 'n_iter_before_update': 100, 'null_log_evidence': -1e+90, 'max_modes': 100, 'mode_tolerance': -1e+90, 'seed': 42, 'context': 0, 'write_output': True, 'log_zero': -1e+100, 'max_iter': 0, 'init_MPI': False, 'dump_callback': <bound method Pymultinest._dump_callback of <bilby.core.sampler.pymultinest.Pymultinest object at 0x7f34fc09bc40>>}
16:39 WARNING : Supplied argument 'check_point_delta_t' not an argument of 'Pymultinest', removing.
16:39 INFO    : Using sampler Pymultinest with kwargs {'importance_nested_sampling': False, 'resume': True, 'verbose': True, 'sampling_efficiency': 'parameter', 'n_live_points': 2048, 'n_params': 8, 'n_clustering_params': None, 'wrapped_params': None, 'multimodal': True, 'const_efficiency_mode': False, 'evidence_tolerance': 0.5, 'n_iter_before_update': 100, 'null_log_evidence': -1e+90, 'max_modes': 100, 'mode_tolerance': -1e+90, 'seed': 42, 'context': 0, 'write_output': True, 'log_zero': -1e+100, 'max_iter': 0, 'init_MPI': False, 'dump_callback': <bound method Pymultinest._dump_callback of <bilby.core.sampler.pymultinest.Pymultinest object at 0x7f7a38543df0>>}
16:39 INFO    : Temporary directory incompatible with MPI, will run in original directory
16:39 INFO    : Temporary directory incompatible with MPI, will run in original directory
16:39 INFO    : Using output file outdir/pm_AT2017gfo_dL40_tight_iota/
16:39 INFO    : Using output file outdir/pm_AT2017gfo_dL40_tight_iota/
16:39 INFO    : Single likelihood evaluation took 2.762e-02 s
16:39 WARNING : Supplied argument 'queue_size' not an argument of 'Pymultinest', removing.
16:39 WARNING : Supplied argument 'check_point_delta_t' not an argument of 'Pymultinest', removing.
16:39 INFO    : Using sampler Pymultinest with kwargs {'importance_nested_sampling': False, 'resume': True, 'verbose': True, 'sampling_efficiency': 'parameter', 'n_live_points': 2048, 'n_params': 8, 'n_clustering_params': None, 'wrapped_params': None, 'multimodal': True, 'const_efficiency_mode': False, 'evidence_tolerance': 0.5, 'n_iter_before_update': 100, 'null_log_evidence': -1e+90, 'max_modes': 100, 'mode_tolerance': -1e+90, 'seed': 42, 'context': 0, 'write_output': True, 'log_zero': -1e+100, 'max_iter': 0, 'init_MPI': False, 'dump_callback': <bound method Pymultinest._dump_callback of <bilby.core.sampler.pymultinest.Pymultinest object at 0x7f4b98762e60>>}
16:39 INFO    : Temporary directory incompatible with MPI, will run in original directory
16:39 INFO    : Using output file outdir/pm_AT2017gfo_dL40_tight_iota/
16:39 INFO    : Single likelihood evaluation took 3.009e-02 s
16:39 WARNING : Supplied argument 'queue_size' not an argument of 'Pymultinest', removing.
16:39 WARNING : Supplied argument 'check_point_delta_t' not an argument of 'Pymultinest', removing.
16:39 INFO    : Using sampler Pymultinest with kwargs {'importance_nested_sampling': False, 'resume': True, 'verbose': True, 'sampling_efficiency': 'parameter', 'n_live_points': 2048, 'n_params': 8, 'n_clustering_params': None, 'wrapped_params': None, 'multimodal': True, 'const_efficiency_mode': False, 'evidence_tolerance': 0.5, 'n_iter_before_update': 100, 'null_log_evidence': -1e+90, 'max_modes': 100, 'mode_tolerance': -1e+90, 'seed': 42, 'context': 0, 'write_output': True, 'log_zero': -1e+100, 'max_iter': 0, 'init_MPI': False, 'dump_callback': <bound method Pymultinest._dump_callback of <bilby.core.sampler.pymultinest.Pymultinest object at 0x7fa79812be50>>}
16:39 INFO    : Temporary directory incompatible with MPI, will run in original directory
16:39 INFO    : Using output file outdir/pm_AT2017gfo_dL40_tight_iota/
16:40 INFO    : Sampling time: 0:01:18.609208
16:40 INFO    : Sampling time: 0:01:18.648316
16:40 INFO    : Sampling time: 0:01:18.614555
16:40 INFO    : Sampling time: 0:01:18.798666
16:40 INFO    : Sampling time: 0:01:18.823371
16:40 INFO    : Sampling time: 0:01:18.779864
16:40 INFO    : Sampling time: 0:01:18.776997
16:40 INFO    : Sampling time: 0:01:18.820266
16:40 INFO    : Sampling time: 0:01:18.774408
16:40 INFO    : Sampling time: 0:01:18.798903
16:40 INFO    : Sampling time: 0:01:18.796519
16:40 INFO    : Sampling time: 0:01:18.491333
16:40 INFO    : Sampling time: 0:01:18.777364
16:40 INFO    : Sampling time: 0:01:18.802211
16:40 INFO    : Sampling time: 0:01:18.786196
16:40 INFO    : Sampling time: 0:01:18.810479
16:40 INFO    : Summary of results:
nsamples: 8973
ln_noise_evidence:  0.000
ln_evidence: -147.405 +/-  0.041
ln_bayes_factor: -147.405 +/-  0.041

16:40 INFO    : Summary of results:
nsamples: 8973
ln_noise_evidence:  0.000
ln_evidence: -147.405 +/-  0.041
ln_bayes_factor: -147.405 +/-  0.041

16:40 INFO    : Writing samples file to /nfs/urash/twouters/KN-inference-GPU/inference_runs/Bu2019/runs/outdir/AT2017gfo_dL40_tight_iota_posterior_samples.dat
16:40 INFO    : Writing samples file to /nfs/urash/twouters/KN-inference-GPU/inference_runs/Bu2019/runs/outdir/AT2017gfo_dL40_tight_iota_posterior_samples.dat
16:40 INFO    : Summary of results:
nsamples: 8973
ln_noise_evidence:  0.000
ln_evidence: -147.405 +/-  0.041
ln_bayes_factor: -147.405 +/-  0.041

16:40 INFO    : Summary of results:
nsamples: 8973
ln_noise_evidence:  0.000
ln_evidence: -147.405 +/-  0.041
ln_bayes_factor: -147.405 +/-  0.041

16:40 INFO    : Writing samples file to /nfs/urash/twouters/KN-inference-GPU/inference_runs/Bu2019/runs/outdir/AT2017gfo_dL40_tight_iota_posterior_samples.dat
16:40 INFO    : Writing samples file to /nfs/urash/twouters/KN-inference-GPU/inference_runs/Bu2019/runs/outdir/AT2017gfo_dL40_tight_iota_posterior_samples.dat
16:40 INFO    : Summary of results:
nsamples: 8973
ln_noise_evidence:  0.000
ln_evidence: -147.405 +/-  0.041
ln_bayes_factor: -147.405 +/-  0.041

16:40 INFO    : Writing samples file to /nfs/urash/twouters/KN-inference-GPU/inference_runs/Bu2019/runs/outdir/AT2017gfo_dL40_tight_iota_posterior_samples.dat
