09:27 INFO    : Running for label 'AT2017gfo_dL40', output will be saved to './outdir/'
09:27 INFO    : Running for label 'AT2017gfo_dL40', output will be saved to './outdir/'
09:27 INFO    : Running for label 'AT2017gfo_dL40', output will be saved to './outdir/'
09:27 INFO    : Running for label 'AT2017gfo_dL40', output will be saved to './outdir/'
09:27 INFO    : Running for label 'AT2017gfo_dL40', output will be saved to './outdir/'
09:27 INFO    : Running for label 'AT2017gfo_dL40', output will be saved to './outdir/'
09:27 INFO    : Running for label 'AT2017gfo_dL40', output will be saved to './outdir/'
09:27 INFO    : Running for label 'AT2017gfo_dL40', output will be saved to './outdir/'
09:27 INFO    : Running for label 'AT2017gfo_dL40', output will be saved to './outdir/'
09:27 INFO    : Running for label 'AT2017gfo_dL40', output will be saved to './outdir/'
09:27 INFO    : Running for label 'AT2017gfo_dL40', output will be saved to './outdir/'
09:27 INFO    : Running for label 'AT2017gfo_dL40', output will be saved to './outdir/'
09:27 INFO    : Running for label 'AT2017gfo_dL40', output will be saved to './outdir/'
09:27 INFO    : Running for label 'AT2017gfo_dL40', output will be saved to './outdir/'
09:27 INFO    : Running for label 'AT2017gfo_dL40', output will be saved to './outdir/'
09:27 INFO    : Running for label 'AT2017gfo_dL40', output will be saved to './outdir/'
09:27 INFO    : Analysis priors:
09:27 INFO    : inclination_EM=Uniform(minimum=0.0, maximum=1.5707963267948966, name='inclination_EM', latex_label='$\\iota$', unit=None, boundary=None)
09:27 INFO    : log10_mej_dyn=Uniform(minimum=-3, maximum=-1.7, name='log10_mej_dyn', latex_label='$\\log_{10}M^{\\rm{dyn}}_{\\rm{ej}}$', unit=None, boundary=None)
09:27 INFO    : vej_dyn=Uniform(minimum=0.12, maximum=0.25, name='vej_dyn', latex_label='$V^{\\rm{dyn}}_{\\rm{ej}}$', unit=None, boundary=None)
09:27 INFO    : Yedyn=Uniform(minimum=0.15, maximum=0.3, name='Yedyn', latex_label='$Y_{\\rm{dyn}}$', unit=None, boundary=None)
09:27 INFO    : Yewind=Uniform(minimum=0.2, maximum=0.4, name='Yewind', latex_label='$Y_{\\rm{wind}}$', unit=None, boundary=None)
09:27 INFO    : log10_mej_wind=Uniform(minimum=-2, maximum=-0.89, name='log10_mej_wind', latex_label='$\\log_{10}M^{\\rm{wind}}_{\\rm{ej}}$', unit=None, boundary=None)
09:27 INFO    : vej_wind=Uniform(minimum=0.03, maximum=0.15, name='vej_wind', latex_label='$V^{\\rm{wind}}_{\\rm{ej}}$', unit=None, boundary=None)
09:27 INFO    : timeshift=0.0
09:27 INFO    : luminosity_distance=40.0
09:27 INFO    : Ebv=0.0
09:27 INFO    : Analysis likelihood class: <class 'nmma.em.likelihood.OpticalLightCurve'>
09:27 INFO    : Analysis likelihood noise evidence: 0.0
09:27 INFO    : Analysis priors:
09:27 INFO    : inclination_EM=Uniform(minimum=0.0, maximum=1.5707963267948966, name='inclination_EM', latex_label='$\\iota$', unit=None, boundary=None)
09:27 INFO    : log10_mej_dyn=Uniform(minimum=-3, maximum=-1.7, name='log10_mej_dyn', latex_label='$\\log_{10}M^{\\rm{dyn}}_{\\rm{ej}}$', unit=None, boundary=None)
09:27 INFO    : vej_dyn=Uniform(minimum=0.12, maximum=0.25, name='vej_dyn', latex_label='$V^{\\rm{dyn}}_{\\rm{ej}}$', unit=None, boundary=None)
09:27 INFO    : Yedyn=Uniform(minimum=0.15, maximum=0.3, name='Yedyn', latex_label='$Y_{\\rm{dyn}}$', unit=None, boundary=None)
09:27 INFO    : Yewind=Uniform(minimum=0.2, maximum=0.4, name='Yewind', latex_label='$Y_{\\rm{wind}}$', unit=None, boundary=None)
09:27 INFO    : log10_mej_wind=Uniform(minimum=-2, maximum=-0.89, name='log10_mej_wind', latex_label='$\\log_{10}M^{\\rm{wind}}_{\\rm{ej}}$', unit=None, boundary=None)
09:27 INFO    : vej_wind=Uniform(minimum=0.03, maximum=0.15, name='vej_wind', latex_label='$V^{\\rm{wind}}_{\\rm{ej}}$', unit=None, boundary=None)
09:27 INFO    : timeshift=0.0
09:27 INFO    : luminosity_distance=40.0
09:27 INFO    : Ebv=0.0
09:27 INFO    : Analysis likelihood class: <class 'nmma.em.likelihood.OpticalLightCurve'>
09:27 INFO    : Analysis likelihood noise evidence: 0.0
09:27 INFO    : Analysis priors:
09:27 INFO    : inclination_EM=Uniform(minimum=0.0, maximum=1.5707963267948966, name='inclination_EM', latex_label='$\\iota$', unit=None, boundary=None)
09:27 INFO    : log10_mej_dyn=Uniform(minimum=-3, maximum=-1.7, name='log10_mej_dyn', latex_label='$\\log_{10}M^{\\rm{dyn}}_{\\rm{ej}}$', unit=None, boundary=None)
09:27 INFO    : vej_dyn=Uniform(minimum=0.12, maximum=0.25, name='vej_dyn', latex_label='$V^{\\rm{dyn}}_{\\rm{ej}}$', unit=None, boundary=None)
09:27 INFO    : Yedyn=Uniform(minimum=0.15, maximum=0.3, name='Yedyn', latex_label='$Y_{\\rm{dyn}}$', unit=None, boundary=None)
09:27 INFO    : Yewind=Uniform(minimum=0.2, maximum=0.4, name='Yewind', latex_label='$Y_{\\rm{wind}}$', unit=None, boundary=None)
09:27 INFO    : log10_mej_wind=Uniform(minimum=-2, maximum=-0.89, name='log10_mej_wind', latex_label='$\\log_{10}M^{\\rm{wind}}_{\\rm{ej}}$', unit=None, boundary=None)
09:27 INFO    : vej_wind=Uniform(minimum=0.03, maximum=0.15, name='vej_wind', latex_label='$V^{\\rm{wind}}_{\\rm{ej}}$', unit=None, boundary=None)
09:27 INFO    : timeshift=0.0
09:27 INFO    : luminosity_distance=40.0
09:27 INFO    : Ebv=0.0
09:27 INFO    : Analysis likelihood class: <class 'nmma.em.likelihood.OpticalLightCurve'>
09:27 INFO    : Analysis likelihood noise evidence: 0.0
09:27 INFO    : Analysis priors:
09:27 INFO    : inclination_EM=Uniform(minimum=0.0, maximum=1.5707963267948966, name='inclination_EM', latex_label='$\\iota$', unit=None, boundary=None)
09:27 INFO    : log10_mej_dyn=Uniform(minimum=-3, maximum=-1.7, name='log10_mej_dyn', latex_label='$\\log_{10}M^{\\rm{dyn}}_{\\rm{ej}}$', unit=None, boundary=None)
09:27 INFO    : vej_dyn=Uniform(minimum=0.12, maximum=0.25, name='vej_dyn', latex_label='$V^{\\rm{dyn}}_{\\rm{ej}}$', unit=None, boundary=None)
09:27 INFO    : Yedyn=Uniform(minimum=0.15, maximum=0.3, name='Yedyn', latex_label='$Y_{\\rm{dyn}}$', unit=None, boundary=None)
09:27 INFO    : Yewind=Uniform(minimum=0.2, maximum=0.4, name='Yewind', latex_label='$Y_{\\rm{wind}}$', unit=None, boundary=None)
09:27 INFO    : log10_mej_wind=Uniform(minimum=-2, maximum=-0.89, name='log10_mej_wind', latex_label='$\\log_{10}M^{\\rm{wind}}_{\\rm{ej}}$', unit=None, boundary=None)
09:27 INFO    : vej_wind=Uniform(minimum=0.03, maximum=0.15, name='vej_wind', latex_label='$V^{\\rm{wind}}_{\\rm{ej}}$', unit=None, boundary=None)
09:27 INFO    : timeshift=0.0
09:27 INFO    : luminosity_distance=40.0
09:27 INFO    : Ebv=0.0
09:27 INFO    : Analysis likelihood class: <class 'nmma.em.likelihood.OpticalLightCurve'>
09:27 INFO    : Analysis likelihood noise evidence: 0.0
09:27 INFO    : Analysis priors:
09:27 INFO    : inclination_EM=Uniform(minimum=0.0, maximum=1.5707963267948966, name='inclination_EM', latex_label='$\\iota$', unit=None, boundary=None)
09:27 INFO    : log10_mej_dyn=Uniform(minimum=-3, maximum=-1.7, name='log10_mej_dyn', latex_label='$\\log_{10}M^{\\rm{dyn}}_{\\rm{ej}}$', unit=None, boundary=None)
09:27 INFO    : vej_dyn=Uniform(minimum=0.12, maximum=0.25, name='vej_dyn', latex_label='$V^{\\rm{dyn}}_{\\rm{ej}}$', unit=None, boundary=None)
09:27 INFO    : Yedyn=Uniform(minimum=0.15, maximum=0.3, name='Yedyn', latex_label='$Y_{\\rm{dyn}}$', unit=None, boundary=None)
09:27 INFO    : Yewind=Uniform(minimum=0.2, maximum=0.4, name='Yewind', latex_label='$Y_{\\rm{wind}}$', unit=None, boundary=None)
09:27 INFO    : log10_mej_wind=Uniform(minimum=-2, maximum=-0.89, name='log10_mej_wind', latex_label='$\\log_{10}M^{\\rm{wind}}_{\\rm{ej}}$', unit=None, boundary=None)
09:27 INFO    : vej_wind=Uniform(minimum=0.03, maximum=0.15, name='vej_wind', latex_label='$V^{\\rm{wind}}_{\\rm{ej}}$', unit=None, boundary=None)
09:27 INFO    : timeshift=0.0
09:27 INFO    : luminosity_distance=40.0
09:27 INFO    : Ebv=0.0
09:27 INFO    : Analysis likelihood class: <class 'nmma.em.likelihood.OpticalLightCurve'>
09:27 INFO    : Analysis likelihood noise evidence: 0.0
09:27 INFO    : Analysis priors:
09:27 INFO    : inclination_EM=Uniform(minimum=0.0, maximum=1.5707963267948966, name='inclination_EM', latex_label='$\\iota$', unit=None, boundary=None)
09:27 INFO    : log10_mej_dyn=Uniform(minimum=-3, maximum=-1.7, name='log10_mej_dyn', latex_label='$\\log_{10}M^{\\rm{dyn}}_{\\rm{ej}}$', unit=None, boundary=None)
09:27 INFO    : vej_dyn=Uniform(minimum=0.12, maximum=0.25, name='vej_dyn', latex_label='$V^{\\rm{dyn}}_{\\rm{ej}}$', unit=None, boundary=None)
09:27 INFO    : Yedyn=Uniform(minimum=0.15, maximum=0.3, name='Yedyn', latex_label='$Y_{\\rm{dyn}}$', unit=None, boundary=None)
09:27 INFO    : Yewind=Uniform(minimum=0.2, maximum=0.4, name='Yewind', latex_label='$Y_{\\rm{wind}}$', unit=None, boundary=None)
09:27 INFO    : log10_mej_wind=Uniform(minimum=-2, maximum=-0.89, name='log10_mej_wind', latex_label='$\\log_{10}M^{\\rm{wind}}_{\\rm{ej}}$', unit=None, boundary=None)
09:27 INFO    : vej_wind=Uniform(minimum=0.03, maximum=0.15, name='vej_wind', latex_label='$V^{\\rm{wind}}_{\\rm{ej}}$', unit=None, boundary=None)
09:27 INFO    : timeshift=0.0
09:27 INFO    : luminosity_distance=40.0
09:27 INFO    : Ebv=0.0
09:27 INFO    : Analysis likelihood class: <class 'nmma.em.likelihood.OpticalLightCurve'>
09:27 INFO    : Analysis likelihood noise evidence: 0.0
09:27 INFO    : Analysis priors:
09:27 INFO    : inclination_EM=Uniform(minimum=0.0, maximum=1.5707963267948966, name='inclination_EM', latex_label='$\\iota$', unit=None, boundary=None)
09:27 INFO    : log10_mej_dyn=Uniform(minimum=-3, maximum=-1.7, name='log10_mej_dyn', latex_label='$\\log_{10}M^{\\rm{dyn}}_{\\rm{ej}}$', unit=None, boundary=None)
09:27 INFO    : vej_dyn=Uniform(minimum=0.12, maximum=0.25, name='vej_dyn', latex_label='$V^{\\rm{dyn}}_{\\rm{ej}}$', unit=None, boundary=None)
09:27 INFO    : Yedyn=Uniform(minimum=0.15, maximum=0.3, name='Yedyn', latex_label='$Y_{\\rm{dyn}}$', unit=None, boundary=None)
09:27 INFO    : Yewind=Uniform(minimum=0.2, maximum=0.4, name='Yewind', latex_label='$Y_{\\rm{wind}}$', unit=None, boundary=None)
09:27 INFO    : log10_mej_wind=Uniform(minimum=-2, maximum=-0.89, name='log10_mej_wind', latex_label='$\\log_{10}M^{\\rm{wind}}_{\\rm{ej}}$', unit=None, boundary=None)
09:27 INFO    : vej_wind=Uniform(minimum=0.03, maximum=0.15, name='vej_wind', latex_label='$V^{\\rm{wind}}_{\\rm{ej}}$', unit=None, boundary=None)
09:27 INFO    : timeshift=0.0
09:27 INFO    : luminosity_distance=40.0
09:27 INFO    : Ebv=0.0
09:27 INFO    : Analysis likelihood class: <class 'nmma.em.likelihood.OpticalLightCurve'>
09:27 INFO    : Analysis likelihood noise evidence: 0.0
09:27 INFO    : Analysis priors:
09:27 INFO    : inclination_EM=Uniform(minimum=0.0, maximum=1.5707963267948966, name='inclination_EM', latex_label='$\\iota$', unit=None, boundary=None)
09:27 INFO    : log10_mej_dyn=Uniform(minimum=-3, maximum=-1.7, name='log10_mej_dyn', latex_label='$\\log_{10}M^{\\rm{dyn}}_{\\rm{ej}}$', unit=None, boundary=None)
09:27 INFO    : vej_dyn=Uniform(minimum=0.12, maximum=0.25, name='vej_dyn', latex_label='$V^{\\rm{dyn}}_{\\rm{ej}}$', unit=None, boundary=None)
09:27 INFO    : Yedyn=Uniform(minimum=0.15, maximum=0.3, name='Yedyn', latex_label='$Y_{\\rm{dyn}}$', unit=None, boundary=None)
09:27 INFO    : Yewind=Uniform(minimum=0.2, maximum=0.4, name='Yewind', latex_label='$Y_{\\rm{wind}}$', unit=None, boundary=None)
09:27 INFO    : log10_mej_wind=Uniform(minimum=-2, maximum=-0.89, name='log10_mej_wind', latex_label='$\\log_{10}M^{\\rm{wind}}_{\\rm{ej}}$', unit=None, boundary=None)
09:27 INFO    : vej_wind=Uniform(minimum=0.03, maximum=0.15, name='vej_wind', latex_label='$V^{\\rm{wind}}_{\\rm{ej}}$', unit=None, boundary=None)
09:27 INFO    : timeshift=0.0
09:27 INFO    : luminosity_distance=40.0
09:27 INFO    : Ebv=0.0
09:27 INFO    : Analysis likelihood class: <class 'nmma.em.likelihood.OpticalLightCurve'>
09:27 INFO    : Analysis likelihood noise evidence: 0.0
09:27 INFO    : Analysis priors:
09:27 INFO    : inclination_EM=Uniform(minimum=0.0, maximum=1.5707963267948966, name='inclination_EM', latex_label='$\\iota$', unit=None, boundary=None)
09:27 INFO    : log10_mej_dyn=Uniform(minimum=-3, maximum=-1.7, name='log10_mej_dyn', latex_label='$\\log_{10}M^{\\rm{dyn}}_{\\rm{ej}}$', unit=None, boundary=None)
09:27 INFO    : vej_dyn=Uniform(minimum=0.12, maximum=0.25, name='vej_dyn', latex_label='$V^{\\rm{dyn}}_{\\rm{ej}}$', unit=None, boundary=None)
09:27 INFO    : Yedyn=Uniform(minimum=0.15, maximum=0.3, name='Yedyn', latex_label='$Y_{\\rm{dyn}}$', unit=None, boundary=None)
09:27 INFO    : Yewind=Uniform(minimum=0.2, maximum=0.4, name='Yewind', latex_label='$Y_{\\rm{wind}}$', unit=None, boundary=None)
09:27 INFO    : log10_mej_wind=Uniform(minimum=-2, maximum=-0.89, name='log10_mej_wind', latex_label='$\\log_{10}M^{\\rm{wind}}_{\\rm{ej}}$', unit=None, boundary=None)
09:27 INFO    : vej_wind=Uniform(minimum=0.03, maximum=0.15, name='vej_wind', latex_label='$V^{\\rm{wind}}_{\\rm{ej}}$', unit=None, boundary=None)
09:27 INFO    : timeshift=0.0
09:27 INFO    : luminosity_distance=40.0
09:27 INFO    : Ebv=0.0
09:27 INFO    : Analysis likelihood class: <class 'nmma.em.likelihood.OpticalLightCurve'>
09:27 INFO    : Analysis likelihood noise evidence: 0.0
09:27 INFO    : Analysis priors:
09:27 INFO    : inclination_EM=Uniform(minimum=0.0, maximum=1.5707963267948966, name='inclination_EM', latex_label='$\\iota$', unit=None, boundary=None)
09:27 INFO    : log10_mej_dyn=Uniform(minimum=-3, maximum=-1.7, name='log10_mej_dyn', latex_label='$\\log_{10}M^{\\rm{dyn}}_{\\rm{ej}}$', unit=None, boundary=None)
09:27 INFO    : vej_dyn=Uniform(minimum=0.12, maximum=0.25, name='vej_dyn', latex_label='$V^{\\rm{dyn}}_{\\rm{ej}}$', unit=None, boundary=None)
09:27 INFO    : Yedyn=Uniform(minimum=0.15, maximum=0.3, name='Yedyn', latex_label='$Y_{\\rm{dyn}}$', unit=None, boundary=None)
09:27 INFO    : Yewind=Uniform(minimum=0.2, maximum=0.4, name='Yewind', latex_label='$Y_{\\rm{wind}}$', unit=None, boundary=None)
09:27 INFO    : log10_mej_wind=Uniform(minimum=-2, maximum=-0.89, name='log10_mej_wind', latex_label='$\\log_{10}M^{\\rm{wind}}_{\\rm{ej}}$', unit=None, boundary=None)
09:27 INFO    : vej_wind=Uniform(minimum=0.03, maximum=0.15, name='vej_wind', latex_label='$V^{\\rm{wind}}_{\\rm{ej}}$', unit=None, boundary=None)
09:27 INFO    : timeshift=0.0
09:27 INFO    : luminosity_distance=40.0
09:27 INFO    : Ebv=0.0
09:27 INFO    : Analysis likelihood class: <class 'nmma.em.likelihood.OpticalLightCurve'>
09:27 INFO    : Analysis likelihood noise evidence: 0.0
09:27 INFO    : Analysis priors:
09:27 INFO    : inclination_EM=Uniform(minimum=0.0, maximum=1.5707963267948966, name='inclination_EM', latex_label='$\\iota$', unit=None, boundary=None)
09:27 INFO    : log10_mej_dyn=Uniform(minimum=-3, maximum=-1.7, name='log10_mej_dyn', latex_label='$\\log_{10}M^{\\rm{dyn}}_{\\rm{ej}}$', unit=None, boundary=None)
09:27 INFO    : vej_dyn=Uniform(minimum=0.12, maximum=0.25, name='vej_dyn', latex_label='$V^{\\rm{dyn}}_{\\rm{ej}}$', unit=None, boundary=None)
09:27 INFO    : Yedyn=Uniform(minimum=0.15, maximum=0.3, name='Yedyn', latex_label='$Y_{\\rm{dyn}}$', unit=None, boundary=None)
09:27 INFO    : Yewind=Uniform(minimum=0.2, maximum=0.4, name='Yewind', latex_label='$Y_{\\rm{wind}}$', unit=None, boundary=None)
09:27 INFO    : log10_mej_wind=Uniform(minimum=-2, maximum=-0.89, name='log10_mej_wind', latex_label='$\\log_{10}M^{\\rm{wind}}_{\\rm{ej}}$', unit=None, boundary=None)
09:27 INFO    : vej_wind=Uniform(minimum=0.03, maximum=0.15, name='vej_wind', latex_label='$V^{\\rm{wind}}_{\\rm{ej}}$', unit=None, boundary=None)
09:27 INFO    : timeshift=0.0
09:27 INFO    : luminosity_distance=40.0
09:27 INFO    : Ebv=0.0
09:27 INFO    : Analysis likelihood class: <class 'nmma.em.likelihood.OpticalLightCurve'>
09:27 INFO    : Analysis likelihood noise evidence: 0.0
09:27 INFO    : Analysis priors:
09:27 INFO    : inclination_EM=Uniform(minimum=0.0, maximum=1.5707963267948966, name='inclination_EM', latex_label='$\\iota$', unit=None, boundary=None)
09:27 INFO    : log10_mej_dyn=Uniform(minimum=-3, maximum=-1.7, name='log10_mej_dyn', latex_label='$\\log_{10}M^{\\rm{dyn}}_{\\rm{ej}}$', unit=None, boundary=None)
09:27 INFO    : vej_dyn=Uniform(minimum=0.12, maximum=0.25, name='vej_dyn', latex_label='$V^{\\rm{dyn}}_{\\rm{ej}}$', unit=None, boundary=None)
09:27 INFO    : Yedyn=Uniform(minimum=0.15, maximum=0.3, name='Yedyn', latex_label='$Y_{\\rm{dyn}}$', unit=None, boundary=None)
09:27 INFO    : Yewind=Uniform(minimum=0.2, maximum=0.4, name='Yewind', latex_label='$Y_{\\rm{wind}}$', unit=None, boundary=None)
09:27 INFO    : log10_mej_wind=Uniform(minimum=-2, maximum=-0.89, name='log10_mej_wind', latex_label='$\\log_{10}M^{\\rm{wind}}_{\\rm{ej}}$', unit=None, boundary=None)
09:27 INFO    : vej_wind=Uniform(minimum=0.03, maximum=0.15, name='vej_wind', latex_label='$V^{\\rm{wind}}_{\\rm{ej}}$', unit=None, boundary=None)
09:27 INFO    : timeshift=0.0
09:27 INFO    : luminosity_distance=40.0
09:27 INFO    : Ebv=0.0
09:27 INFO    : Analysis likelihood class: <class 'nmma.em.likelihood.OpticalLightCurve'>
09:27 INFO    : Analysis likelihood noise evidence: 0.0
09:27 INFO    : Analysis priors:
09:27 INFO    : inclination_EM=Uniform(minimum=0.0, maximum=1.5707963267948966, name='inclination_EM', latex_label='$\\iota$', unit=None, boundary=None)
09:27 INFO    : log10_mej_dyn=Uniform(minimum=-3, maximum=-1.7, name='log10_mej_dyn', latex_label='$\\log_{10}M^{\\rm{dyn}}_{\\rm{ej}}$', unit=None, boundary=None)
09:27 INFO    : vej_dyn=Uniform(minimum=0.12, maximum=0.25, name='vej_dyn', latex_label='$V^{\\rm{dyn}}_{\\rm{ej}}$', unit=None, boundary=None)
09:27 INFO    : Yedyn=Uniform(minimum=0.15, maximum=0.3, name='Yedyn', latex_label='$Y_{\\rm{dyn}}$', unit=None, boundary=None)
09:27 INFO    : Yewind=Uniform(minimum=0.2, maximum=0.4, name='Yewind', latex_label='$Y_{\\rm{wind}}$', unit=None, boundary=None)
09:27 INFO    : log10_mej_wind=Uniform(minimum=-2, maximum=-0.89, name='log10_mej_wind', latex_label='$\\log_{10}M^{\\rm{wind}}_{\\rm{ej}}$', unit=None, boundary=None)
09:27 INFO    : vej_wind=Uniform(minimum=0.03, maximum=0.15, name='vej_wind', latex_label='$V^{\\rm{wind}}_{\\rm{ej}}$', unit=None, boundary=None)
09:27 INFO    : timeshift=0.0
09:27 INFO    : luminosity_distance=40.0
09:27 INFO    : Ebv=0.0
09:27 INFO    : Analysis likelihood class: <class 'nmma.em.likelihood.OpticalLightCurve'>
09:27 INFO    : Analysis likelihood noise evidence: 0.0
09:27 INFO    : Analysis priors:
09:27 INFO    : inclination_EM=Uniform(minimum=0.0, maximum=1.5707963267948966, name='inclination_EM', latex_label='$\\iota$', unit=None, boundary=None)
09:27 INFO    : log10_mej_dyn=Uniform(minimum=-3, maximum=-1.7, name='log10_mej_dyn', latex_label='$\\log_{10}M^{\\rm{dyn}}_{\\rm{ej}}$', unit=None, boundary=None)
09:27 INFO    : vej_dyn=Uniform(minimum=0.12, maximum=0.25, name='vej_dyn', latex_label='$V^{\\rm{dyn}}_{\\rm{ej}}$', unit=None, boundary=None)
09:27 INFO    : Yedyn=Uniform(minimum=0.15, maximum=0.3, name='Yedyn', latex_label='$Y_{\\rm{dyn}}$', unit=None, boundary=None)
09:27 INFO    : Yewind=Uniform(minimum=0.2, maximum=0.4, name='Yewind', latex_label='$Y_{\\rm{wind}}$', unit=None, boundary=None)
09:27 INFO    : log10_mej_wind=Uniform(minimum=-2, maximum=-0.89, name='log10_mej_wind', latex_label='$\\log_{10}M^{\\rm{wind}}_{\\rm{ej}}$', unit=None, boundary=None)
09:27 INFO    : vej_wind=Uniform(minimum=0.03, maximum=0.15, name='vej_wind', latex_label='$V^{\\rm{wind}}_{\\rm{ej}}$', unit=None, boundary=None)
09:27 INFO    : timeshift=0.0
09:27 INFO    : luminosity_distance=40.0
09:27 INFO    : Ebv=0.0
09:27 INFO    : Analysis likelihood class: <class 'nmma.em.likelihood.OpticalLightCurve'>
09:27 INFO    : Analysis likelihood noise evidence: 0.0
09:27 INFO    : Analysis priors:
09:27 INFO    : inclination_EM=Uniform(minimum=0.0, maximum=1.5707963267948966, name='inclination_EM', latex_label='$\\iota$', unit=None, boundary=None)
09:27 INFO    : log10_mej_dyn=Uniform(minimum=-3, maximum=-1.7, name='log10_mej_dyn', latex_label='$\\log_{10}M^{\\rm{dyn}}_{\\rm{ej}}$', unit=None, boundary=None)
09:27 INFO    : vej_dyn=Uniform(minimum=0.12, maximum=0.25, name='vej_dyn', latex_label='$V^{\\rm{dyn}}_{\\rm{ej}}$', unit=None, boundary=None)
09:27 INFO    : Yedyn=Uniform(minimum=0.15, maximum=0.3, name='Yedyn', latex_label='$Y_{\\rm{dyn}}$', unit=None, boundary=None)
09:27 INFO    : Yewind=Uniform(minimum=0.2, maximum=0.4, name='Yewind', latex_label='$Y_{\\rm{wind}}$', unit=None, boundary=None)
09:27 INFO    : log10_mej_wind=Uniform(minimum=-2, maximum=-0.89, name='log10_mej_wind', latex_label='$\\log_{10}M^{\\rm{wind}}_{\\rm{ej}}$', unit=None, boundary=None)
09:27 INFO    : vej_wind=Uniform(minimum=0.03, maximum=0.15, name='vej_wind', latex_label='$V^{\\rm{wind}}_{\\rm{ej}}$', unit=None, boundary=None)
09:27 INFO    : timeshift=0.0
09:27 INFO    : luminosity_distance=40.0
09:27 INFO    : Ebv=0.0
09:27 INFO    : Analysis likelihood class: <class 'nmma.em.likelihood.OpticalLightCurve'>
09:27 INFO    : Analysis likelihood noise evidence: 0.0
09:27 INFO    : Analysis priors:
09:27 INFO    : inclination_EM=Uniform(minimum=0.0, maximum=1.5707963267948966, name='inclination_EM', latex_label='$\\iota$', unit=None, boundary=None)
09:27 INFO    : log10_mej_dyn=Uniform(minimum=-3, maximum=-1.7, name='log10_mej_dyn', latex_label='$\\log_{10}M^{\\rm{dyn}}_{\\rm{ej}}$', unit=None, boundary=None)
09:27 INFO    : vej_dyn=Uniform(minimum=0.12, maximum=0.25, name='vej_dyn', latex_label='$V^{\\rm{dyn}}_{\\rm{ej}}$', unit=None, boundary=None)
09:27 INFO    : Yedyn=Uniform(minimum=0.15, maximum=0.3, name='Yedyn', latex_label='$Y_{\\rm{dyn}}$', unit=None, boundary=None)
09:27 INFO    : Yewind=Uniform(minimum=0.2, maximum=0.4, name='Yewind', latex_label='$Y_{\\rm{wind}}$', unit=None, boundary=None)
09:27 INFO    : log10_mej_wind=Uniform(minimum=-2, maximum=-0.89, name='log10_mej_wind', latex_label='$\\log_{10}M^{\\rm{wind}}_{\\rm{ej}}$', unit=None, boundary=None)
09:27 INFO    : vej_wind=Uniform(minimum=0.03, maximum=0.15, name='vej_wind', latex_label='$V^{\\rm{wind}}_{\\rm{ej}}$', unit=None, boundary=None)
09:27 INFO    : timeshift=0.0
09:27 INFO    : luminosity_distance=40.0
09:27 INFO    : Ebv=0.0
09:27 INFO    : Analysis likelihood class: <class 'nmma.em.likelihood.OpticalLightCurve'>
09:27 INFO    : Analysis likelihood noise evidence: 0.0
09:27 INFO    : Single likelihood evaluation took nan s
09:27 WARNING : Supplied argument 'queue_size' not an argument of 'Pymultinest', removing.
09:27 WARNING : Supplied argument 'check_point_delta_t' not an argument of 'Pymultinest', removing.
09:27 INFO    : Using sampler Pymultinest with kwargs {'importance_nested_sampling': False, 'resume': True, 'verbose': True, 'sampling_efficiency': 'parameter', 'n_live_points': 2048, 'n_params': 7, 'n_clustering_params': None, 'wrapped_params': None, 'multimodal': True, 'const_efficiency_mode': False, 'evidence_tolerance': 0.5, 'n_iter_before_update': 100, 'null_log_evidence': -1e+90, 'max_modes': 100, 'mode_tolerance': -1e+90, 'seed': 42, 'context': 0, 'write_output': True, 'log_zero': -1e+100, 'max_iter': 0, 'init_MPI': False, 'dump_callback': <bound method Pymultinest._dump_callback of <bilby.core.sampler.pymultinest.Pymultinest object at 0x7f99d810e650>>}
09:27 INFO    : Temporary directory incompatible with MPI, will run in original directory
09:27 INFO    : Using output file ./outdir//pm_AT2017gfo_dL40/
09:27 INFO    : Single likelihood evaluation took nan s
09:27 WARNING : Supplied argument 'queue_size' not an argument of 'Pymultinest', removing.
09:27 WARNING : Supplied argument 'check_point_delta_t' not an argument of 'Pymultinest', removing.
09:27 INFO    : Using sampler Pymultinest with kwargs {'importance_nested_sampling': False, 'resume': True, 'verbose': True, 'sampling_efficiency': 'parameter', 'n_live_points': 2048, 'n_params': 7, 'n_clustering_params': None, 'wrapped_params': None, 'multimodal': True, 'const_efficiency_mode': False, 'evidence_tolerance': 0.5, 'n_iter_before_update': 100, 'null_log_evidence': -1e+90, 'max_modes': 100, 'mode_tolerance': -1e+90, 'seed': 42, 'context': 0, 'write_output': True, 'log_zero': -1e+100, 'max_iter': 0, 'init_MPI': False, 'dump_callback': <bound method Pymultinest._dump_callback of <bilby.core.sampler.pymultinest.Pymultinest object at 0x7fc7c032a5f0>>}
09:27 INFO    : Temporary directory incompatible with MPI, will run in original directory
09:27 INFO    : Using output file ./outdir//pm_AT2017gfo_dL40/
09:27 INFO    : Single likelihood evaluation took nan s
09:27 WARNING : Supplied argument 'queue_size' not an argument of 'Pymultinest', removing.
09:27 WARNING : Supplied argument 'check_point_delta_t' not an argument of 'Pymultinest', removing.
09:27 INFO    : Using sampler Pymultinest with kwargs {'importance_nested_sampling': False, 'resume': True, 'verbose': True, 'sampling_efficiency': 'parameter', 'n_live_points': 2048, 'n_params': 7, 'n_clustering_params': None, 'wrapped_params': None, 'multimodal': True, 'const_efficiency_mode': False, 'evidence_tolerance': 0.5, 'n_iter_before_update': 100, 'null_log_evidence': -1e+90, 'max_modes': 100, 'mode_tolerance': -1e+90, 'seed': 42, 'context': 0, 'write_output': True, 'log_zero': -1e+100, 'max_iter': 0, 'init_MPI': False, 'dump_callback': <bound method Pymultinest._dump_callback of <bilby.core.sampler.pymultinest.Pymultinest object at 0x7f55183a6920>>}
09:27 INFO    : Temporary directory incompatible with MPI, will run in original directory
09:27 INFO    : Using output file ./outdir//pm_AT2017gfo_dL40/
09:27 INFO    : Single likelihood evaluation took nan s
09:27 WARNING : Supplied argument 'queue_size' not an argument of 'Pymultinest', removing.
09:27 WARNING : Supplied argument 'check_point_delta_t' not an argument of 'Pymultinest', removing.
09:27 INFO    : Using sampler Pymultinest with kwargs {'importance_nested_sampling': False, 'resume': True, 'verbose': True, 'sampling_efficiency': 'parameter', 'n_live_points': 2048, 'n_params': 7, 'n_clustering_params': None, 'wrapped_params': None, 'multimodal': True, 'const_efficiency_mode': False, 'evidence_tolerance': 0.5, 'n_iter_before_update': 100, 'null_log_evidence': -1e+90, 'max_modes': 100, 'mode_tolerance': -1e+90, 'seed': 42, 'context': 0, 'write_output': True, 'log_zero': -1e+100, 'max_iter': 0, 'init_MPI': False, 'dump_callback': <bound method Pymultinest._dump_callback of <bilby.core.sampler.pymultinest.Pymultinest object at 0x7fac0c2369e0>>}
09:27 INFO    : Temporary directory incompatible with MPI, will run in original directory
09:27 INFO    : Using output file ./outdir//pm_AT2017gfo_dL40/
09:27 INFO    : Single likelihood evaluation took nan s
09:27 WARNING : Supplied argument 'queue_size' not an argument of 'Pymultinest', removing.
09:27 WARNING : Supplied argument 'check_point_delta_t' not an argument of 'Pymultinest', removing.
09:27 INFO    : Using sampler Pymultinest with kwargs {'importance_nested_sampling': False, 'resume': True, 'verbose': True, 'sampling_efficiency': 'parameter', 'n_live_points': 2048, 'n_params': 7, 'n_clustering_params': None, 'wrapped_params': None, 'multimodal': True, 'const_efficiency_mode': False, 'evidence_tolerance': 0.5, 'n_iter_before_update': 100, 'null_log_evidence': -1e+90, 'max_modes': 100, 'mode_tolerance': -1e+90, 'seed': 42, 'context': 0, 'write_output': True, 'log_zero': -1e+100, 'max_iter': 0, 'init_MPI': False, 'dump_callback': <bound method Pymultinest._dump_callback of <bilby.core.sampler.pymultinest.Pymultinest object at 0x7f41006c2410>>}
09:27 INFO    : Temporary directory incompatible with MPI, will run in original directory
09:27 INFO    : Using output file ./outdir//pm_AT2017gfo_dL40/
09:28 INFO    : Single likelihood evaluation took nan s
09:28 WARNING : Supplied argument 'queue_size' not an argument of 'Pymultinest', removing.
09:28 WARNING : Supplied argument 'check_point_delta_t' not an argument of 'Pymultinest', removing.
09:28 INFO    : Using sampler Pymultinest with kwargs {'importance_nested_sampling': False, 'resume': True, 'verbose': True, 'sampling_efficiency': 'parameter', 'n_live_points': 2048, 'n_params': 7, 'n_clustering_params': None, 'wrapped_params': None, 'multimodal': True, 'const_efficiency_mode': False, 'evidence_tolerance': 0.5, 'n_iter_before_update': 100, 'null_log_evidence': -1e+90, 'max_modes': 100, 'mode_tolerance': -1e+90, 'seed': 42, 'context': 0, 'write_output': True, 'log_zero': -1e+100, 'max_iter': 0, 'init_MPI': False, 'dump_callback': <bound method Pymultinest._dump_callback of <bilby.core.sampler.pymultinest.Pymultinest object at 0x7f02306de4d0>>}
09:28 INFO    : Temporary directory incompatible with MPI, will run in original directory
09:28 INFO    : Using output file ./outdir//pm_AT2017gfo_dL40/
09:28 INFO    : Single likelihood evaluation took nan s
09:28 WARNING : Supplied argument 'queue_size' not an argument of 'Pymultinest', removing.
09:28 WARNING : Supplied argument 'check_point_delta_t' not an argument of 'Pymultinest', removing.
09:28 INFO    : Using sampler Pymultinest with kwargs {'importance_nested_sampling': False, 'resume': True, 'verbose': True, 'sampling_efficiency': 'parameter', 'n_live_points': 2048, 'n_params': 7, 'n_clustering_params': None, 'wrapped_params': None, 'multimodal': True, 'const_efficiency_mode': False, 'evidence_tolerance': 0.5, 'n_iter_before_update': 100, 'null_log_evidence': -1e+90, 'max_modes': 100, 'mode_tolerance': -1e+90, 'seed': 42, 'context': 0, 'write_output': True, 'log_zero': -1e+100, 'max_iter': 0, 'init_MPI': False, 'dump_callback': <bound method Pymultinest._dump_callback of <bilby.core.sampler.pymultinest.Pymultinest object at 0x7fecf830e9e0>>}
09:28 INFO    : Temporary directory incompatible with MPI, will run in original directory
09:28 INFO    : Using output file ./outdir//pm_AT2017gfo_dL40/
09:28 INFO    : Single likelihood evaluation took nan s
09:28 WARNING : Supplied argument 'queue_size' not an argument of 'Pymultinest', removing.
09:28 WARNING : Supplied argument 'check_point_delta_t' not an argument of 'Pymultinest', removing.
09:28 INFO    : Using sampler Pymultinest with kwargs {'importance_nested_sampling': False, 'resume': True, 'verbose': True, 'sampling_efficiency': 'parameter', 'n_live_points': 2048, 'n_params': 7, 'n_clustering_params': None, 'wrapped_params': None, 'multimodal': True, 'const_efficiency_mode': False, 'evidence_tolerance': 0.5, 'n_iter_before_update': 100, 'null_log_evidence': -1e+90, 'max_modes': 100, 'mode_tolerance': -1e+90, 'seed': 42, 'context': 0, 'write_output': True, 'log_zero': -1e+100, 'max_iter': 0, 'init_MPI': False, 'dump_callback': <bound method Pymultinest._dump_callback of <bilby.core.sampler.pymultinest.Pymultinest object at 0x7f67e444e2c0>>}
09:28 INFO    : Temporary directory incompatible with MPI, will run in original directory
09:28 INFO    : Using output file ./outdir//pm_AT2017gfo_dL40/
09:28 INFO    : Single likelihood evaluation took nan s
09:28 INFO    : Single likelihood evaluation took nan s
09:28 WARNING : Supplied argument 'queue_size' not an argument of 'Pymultinest', removing.
09:28 WARNING : Supplied argument 'check_point_delta_t' not an argument of 'Pymultinest', removing.
09:28 INFO    : Using sampler Pymultinest with kwargs {'importance_nested_sampling': False, 'resume': True, 'verbose': True, 'sampling_efficiency': 'parameter', 'n_live_points': 2048, 'n_params': 7, 'n_clustering_params': None, 'wrapped_params': None, 'multimodal': True, 'const_efficiency_mode': False, 'evidence_tolerance': 0.5, 'n_iter_before_update': 100, 'null_log_evidence': -1e+90, 'max_modes': 100, 'mode_tolerance': -1e+90, 'seed': 42, 'context': 0, 'write_output': True, 'log_zero': -1e+100, 'max_iter': 0, 'init_MPI': False, 'dump_callback': <bound method Pymultinest._dump_callback of <bilby.core.sampler.pymultinest.Pymultinest object at 0x7f9df42da680>>}
09:28 INFO    : Temporary directory incompatible with MPI, will run in original directory
09:28 INFO    : Using output file ./outdir//pm_AT2017gfo_dL40/
09:28 INFO    : Single likelihood evaluation took nan s
09:28 WARNING : Supplied argument 'queue_size' not an argument of 'Pymultinest', removing.
09:28 WARNING : Supplied argument 'check_point_delta_t' not an argument of 'Pymultinest', removing.
09:28 INFO    : Using sampler Pymultinest with kwargs {'importance_nested_sampling': False, 'resume': True, 'verbose': True, 'sampling_efficiency': 'parameter', 'n_live_points': 2048, 'n_params': 7, 'n_clustering_params': None, 'wrapped_params': None, 'multimodal': True, 'const_efficiency_mode': False, 'evidence_tolerance': 0.5, 'n_iter_before_update': 100, 'null_log_evidence': -1e+90, 'max_modes': 100, 'mode_tolerance': -1e+90, 'seed': 42, 'context': 0, 'write_output': True, 'log_zero': -1e+100, 'max_iter': 0, 'init_MPI': False, 'dump_callback': <bound method Pymultinest._dump_callback of <bilby.core.sampler.pymultinest.Pymultinest object at 0x7f56d01c1b70>>}
09:28 INFO    : Temporary directory incompatible with MPI, will run in original directory
09:28 INFO    : Using output file ./outdir//pm_AT2017gfo_dL40/
09:28 WARNING : Supplied argument 'queue_size' not an argument of 'Pymultinest', removing.
09:28 WARNING : Supplied argument 'check_point_delta_t' not an argument of 'Pymultinest', removing.
09:28 INFO    : Using sampler Pymultinest with kwargs {'importance_nested_sampling': False, 'resume': True, 'verbose': True, 'sampling_efficiency': 'parameter', 'n_live_points': 2048, 'n_params': 7, 'n_clustering_params': None, 'wrapped_params': None, 'multimodal': True, 'const_efficiency_mode': False, 'evidence_tolerance': 0.5, 'n_iter_before_update': 100, 'null_log_evidence': -1e+90, 'max_modes': 100, 'mode_tolerance': -1e+90, 'seed': 42, 'context': 0, 'write_output': True, 'log_zero': -1e+100, 'max_iter': 0, 'init_MPI': False, 'dump_callback': <bound method Pymultinest._dump_callback of <bilby.core.sampler.pymultinest.Pymultinest object at 0x7f66903ae8c0>>}
09:28 INFO    : Temporary directory incompatible with MPI, will run in original directory
09:28 INFO    : Using output file ./outdir//pm_AT2017gfo_dL40/
09:28 INFO    : Single likelihood evaluation took nan s
09:28 WARNING : Supplied argument 'queue_size' not an argument of 'Pymultinest', removing.
09:28 WARNING : Supplied argument 'check_point_delta_t' not an argument of 'Pymultinest', removing.
09:28 INFO    : Using sampler Pymultinest with kwargs {'importance_nested_sampling': False, 'resume': True, 'verbose': True, 'sampling_efficiency': 'parameter', 'n_live_points': 2048, 'n_params': 7, 'n_clustering_params': None, 'wrapped_params': None, 'multimodal': True, 'const_efficiency_mode': False, 'evidence_tolerance': 0.5, 'n_iter_before_update': 100, 'null_log_evidence': -1e+90, 'max_modes': 100, 'mode_tolerance': -1e+90, 'seed': 42, 'context': 0, 'write_output': True, 'log_zero': -1e+100, 'max_iter': 0, 'init_MPI': False, 'dump_callback': <bound method Pymultinest._dump_callback of <bilby.core.sampler.pymultinest.Pymultinest object at 0x7f2e6c2cabf0>>}
09:28 INFO    : Temporary directory incompatible with MPI, will run in original directory
09:28 INFO    : Using output file ./outdir//pm_AT2017gfo_dL40/
09:28 INFO    : Single likelihood evaluation took nan s
09:28 INFO    : Single likelihood evaluation took nan s
09:28 WARNING : Supplied argument 'queue_size' not an argument of 'Pymultinest', removing.
09:28 WARNING : Supplied argument 'check_point_delta_t' not an argument of 'Pymultinest', removing.
09:28 INFO    : Using sampler Pymultinest with kwargs {'importance_nested_sampling': False, 'resume': True, 'verbose': True, 'sampling_efficiency': 'parameter', 'n_live_points': 2048, 'n_params': 7, 'n_clustering_params': None, 'wrapped_params': None, 'multimodal': True, 'const_efficiency_mode': False, 'evidence_tolerance': 0.5, 'n_iter_before_update': 100, 'null_log_evidence': -1e+90, 'max_modes': 100, 'mode_tolerance': -1e+90, 'seed': 42, 'context': 0, 'write_output': True, 'log_zero': -1e+100, 'max_iter': 0, 'init_MPI': False, 'dump_callback': <bound method Pymultinest._dump_callback of <bilby.core.sampler.pymultinest.Pymultinest object at 0x7f93546de8f0>>}
09:28 INFO    : Temporary directory incompatible with MPI, will run in original directory
09:28 INFO    : Using output file ./outdir//pm_AT2017gfo_dL40/
09:28 WARNING : Supplied argument 'queue_size' not an argument of 'Pymultinest', removing.
09:28 WARNING : Supplied argument 'check_point_delta_t' not an argument of 'Pymultinest', removing.
09:28 INFO    : Using sampler Pymultinest with kwargs {'importance_nested_sampling': False, 'resume': True, 'verbose': True, 'sampling_efficiency': 'parameter', 'n_live_points': 2048, 'n_params': 7, 'n_clustering_params': None, 'wrapped_params': None, 'multimodal': True, 'const_efficiency_mode': False, 'evidence_tolerance': 0.5, 'n_iter_before_update': 100, 'null_log_evidence': -1e+90, 'max_modes': 100, 'mode_tolerance': -1e+90, 'seed': 42, 'context': 0, 'write_output': True, 'log_zero': -1e+100, 'max_iter': 0, 'init_MPI': False, 'dump_callback': <bound method Pymultinest._dump_callback of <bilby.core.sampler.pymultinest.Pymultinest object at 0x7f466c7e6560>>}
09:28 INFO    : Temporary directory incompatible with MPI, will run in original directory
09:28 INFO    : Using output file ./outdir//pm_AT2017gfo_dL40/
09:28 INFO    : Single likelihood evaluation took nan s
09:28 WARNING : Supplied argument 'queue_size' not an argument of 'Pymultinest', removing.
09:28 WARNING : Supplied argument 'check_point_delta_t' not an argument of 'Pymultinest', removing.
09:28 INFO    : Using sampler Pymultinest with kwargs {'importance_nested_sampling': False, 'resume': True, 'verbose': True, 'sampling_efficiency': 'parameter', 'n_live_points': 2048, 'n_params': 7, 'n_clustering_params': None, 'wrapped_params': None, 'multimodal': True, 'const_efficiency_mode': False, 'evidence_tolerance': 0.5, 'n_iter_before_update': 100, 'null_log_evidence': -1e+90, 'max_modes': 100, 'mode_tolerance': -1e+90, 'seed': 42, 'context': 0, 'write_output': True, 'log_zero': -1e+100, 'max_iter': 0, 'init_MPI': False, 'dump_callback': <bound method Pymultinest._dump_callback of <bilby.core.sampler.pymultinest.Pymultinest object at 0x7fbc30386a70>>}
09:28 INFO    : Temporary directory incompatible with MPI, will run in original directory
09:28 INFO    : Using output file ./outdir//pm_AT2017gfo_dL40/
09:28 INFO    : Single likelihood evaluation took nan s
09:28 WARNING : Supplied argument 'queue_size' not an argument of 'Pymultinest', removing.
09:28 WARNING : Supplied argument 'check_point_delta_t' not an argument of 'Pymultinest', removing.
09:28 INFO    : Using sampler Pymultinest with kwargs {'importance_nested_sampling': False, 'resume': True, 'verbose': True, 'sampling_efficiency': 'parameter', 'n_live_points': 2048, 'n_params': 7, 'n_clustering_params': None, 'wrapped_params': None, 'multimodal': True, 'const_efficiency_mode': False, 'evidence_tolerance': 0.5, 'n_iter_before_update': 100, 'null_log_evidence': -1e+90, 'max_modes': 100, 'mode_tolerance': -1e+90, 'seed': 42, 'context': 0, 'write_output': True, 'log_zero': -1e+100, 'max_iter': 0, 'init_MPI': False, 'dump_callback': <bound method Pymultinest._dump_callback of <bilby.core.sampler.pymultinest.Pymultinest object at 0x7f916029e530>>}
09:28 INFO    : Temporary directory incompatible with MPI, will run in original directory
09:28 INFO    : Using output file ./outdir//pm_AT2017gfo_dL40/
09:34 INFO    : Sampling time: 0:06:25.705644
09:34 INFO    : Sampling time: 0:06:24.314960
09:34 INFO    : Sampling time: 0:06:26.447515
09:34 INFO    : Sampling time: 0:06:25.322976
09:34 INFO    : Sampling time: 0:06:27.259887
09:34 INFO    : Sampling time: 0:06:30.769494
09:34 INFO    : Sampling time: 0:06:33.034984
09:34 INFO    : Sampling time: 0:06:25.410981
09:34 INFO    : Sampling time: 0:06:31.582498
09:34 INFO    : Sampling time: 0:06:25.750520
09:34 INFO    : Sampling time: 0:06:25.647689
09:34 INFO    : Sampling time: 0:06:26.197348
09:34 INFO    : Sampling time: 0:06:32.310290
09:34 INFO    : Sampling time: 0:06:33.111537
09:34 INFO    : Sampling time: 0:06:27.065159
09:34 INFO    : Sampling time: 0:06:25.084706
09:34 INFO    : Summary of results:
nsamples: 15969
ln_noise_evidence:  0.000
ln_evidence: -154.591 +/-  0.078
ln_bayes_factor: -154.591 +/-  0.078

09:34 INFO    : Summary of results:
nsamples: 15969
ln_noise_evidence:  0.000
ln_evidence: -154.591 +/-  0.078
ln_bayes_factor: -154.591 +/-  0.078

09:34 INFO    : Summary of results:
nsamples: 15969
ln_noise_evidence:  0.000
ln_evidence: -154.591 +/-  0.078
ln_bayes_factor: -154.591 +/-  0.078

09:34 INFO    : Summary of results:
nsamples: 15969
ln_noise_evidence:  0.000
ln_evidence: -154.591 +/-  0.078
ln_bayes_factor: -154.591 +/-  0.078

09:34 INFO    : Summary of results:
nsamples: 15969
ln_noise_evidence:  0.000
ln_evidence: -154.591 +/-  0.078
ln_bayes_factor: -154.591 +/-  0.078

09:34 INFO    : Writing samples file to /home/urash/twouters/KN-inference-GPU/inference_runs/Bu2023_MB/runs/outdir/AT2017gfo_dL40_posterior_samples.dat
09:34 INFO    : Summary of results:
nsamples: 15969
ln_noise_evidence:  0.000
ln_evidence: -154.591 +/-  0.078
ln_bayes_factor: -154.591 +/-  0.078

09:34 INFO    : Summary of results:
nsamples: 15969
ln_noise_evidence:  0.000
ln_evidence: -154.591 +/-  0.078
ln_bayes_factor: -154.591 +/-  0.078

09:34 INFO    : Summary of results:
nsamples: 15969
ln_noise_evidence:  0.000
ln_evidence: -154.591 +/-  0.078
ln_bayes_factor: -154.591 +/-  0.078

09:34 INFO    : Summary of results:
nsamples: 15969
ln_noise_evidence:  0.000
ln_evidence: -154.591 +/-  0.078
ln_bayes_factor: -154.591 +/-  0.078

09:34 INFO    : Summary of results:
nsamples: 15969
ln_noise_evidence:  0.000
ln_evidence: -154.591 +/-  0.078
ln_bayes_factor: -154.591 +/-  0.078

09:34 INFO    : Summary of results:
nsamples: 15969
ln_noise_evidence:  0.000
ln_evidence: -154.591 +/-  0.078
ln_bayes_factor: -154.591 +/-  0.078

09:34 INFO    : Summary of results:
nsamples: 15969
ln_noise_evidence:  0.000
ln_evidence: -154.591 +/-  0.078
ln_bayes_factor: -154.591 +/-  0.078

09:34 INFO    : Summary of results:
nsamples: 15969
ln_noise_evidence:  0.000
ln_evidence: -154.591 +/-  0.078
ln_bayes_factor: -154.591 +/-  0.078

09:34 INFO    : Summary of results:
nsamples: 15969
ln_noise_evidence:  0.000
ln_evidence: -154.591 +/-  0.078
ln_bayes_factor: -154.591 +/-  0.078

09:34 INFO    : Summary of results:
nsamples: 15969
ln_noise_evidence:  0.000
ln_evidence: -154.591 +/-  0.078
ln_bayes_factor: -154.591 +/-  0.078

