17:26 INFO    : Running for label 'AT2017gfo_Bu2022Ye_uniform_iota', output will be saved to 'outdir'
17:26 INFO    : Analysis priors:
17:26 INFO    : inclination_EM=Uniform(minimum=0.0, maximum=1.5707963267948966, name='inclination_EM', latex_label='$\\iota$', unit=None, boundary=None)
17:26 INFO    : log10_mej_dyn=Uniform(minimum=-3, maximum=-1.7, name='log10_mej_dyn', latex_label='$\\log_{10}M^{\\rm{dyn}}_{\\rm{ej}}$', unit=None, boundary=None)
17:26 INFO    : vej_dyn=Uniform(minimum=0.12, maximum=0.25, name='vej_dyn', latex_label='$V^{\\rm{dyn}}_{\\rm{ej}}$', unit=None, boundary=None)
17:26 INFO    : Yedyn=Uniform(minimum=0.15, maximum=0.3, name='Yedyn', latex_label='$Y_{\\rm{e}}$', unit=None, boundary=None)
17:26 INFO    : log10_mej_wind=Uniform(minimum=-2, maximum=-0.89, name='log10_mej_wind', latex_label='$\\log_{10}M^{\\rm{wind}}_{\\rm{ej}}$', unit=None, boundary=None)
17:26 INFO    : vej_wind=Uniform(minimum=0.03, maximum=0.15, name='vej_wind', latex_label='$V^{\\rm{wind}}_{\\rm{ej}}$', unit=None, boundary=None)
17:26 INFO    : timeshift=0.0
17:26 INFO    : luminosity_distance=44.0
17:26 INFO    : Ebv=0.0
17:26 INFO    : Analysis likelihood class: <class 'nmma.em.likelihood.OpticalLightCurve'>
17:26 INFO    : Analysis likelihood noise evidence: 0.0
17:26 INFO    : Single likelihood evaluation took 2.499e-02 s
17:26 WARNING : Supplied argument 'queue_size' not an argument of 'Pymultinest', removing.
17:26 WARNING : Supplied argument 'check_point_delta_t' not an argument of 'Pymultinest', removing.
17:26 INFO    : Using sampler Pymultinest with kwargs {'importance_nested_sampling': False, 'resume': True, 'verbose': True, 'sampling_efficiency': 'parameter', 'n_live_points': 2048, 'n_params': 6, 'n_clustering_params': None, 'wrapped_params': None, 'multimodal': True, 'const_efficiency_mode': False, 'evidence_tolerance': 0.5, 'n_iter_before_update': 100, 'null_log_evidence': -1e+90, 'max_modes': 100, 'mode_tolerance': -1e+90, 'seed': 42, 'context': 0, 'write_output': True, 'log_zero': -1e+100, 'max_iter': 0, 'init_MPI': False, 'dump_callback': <bound method Pymultinest._dump_callback of <bilby.core.sampler.pymultinest.Pymultinest object at 0x7f3d3019f8b0>>}
17:26 INFO    : Using temporary file /tmp/tmp6ypzja7f
17:27 INFO    : Overwriting outdir/pm_AT2017gfo_Bu2022Ye_uniform_iota/ with /tmp/tmp6ypzja7f/
17:28 INFO    : Overwriting outdir/pm_AT2017gfo_Bu2022Ye_uniform_iota/ with /tmp/tmp6ypzja7f/
17:28 INFO    : Overwriting outdir/pm_AT2017gfo_Bu2022Ye_uniform_iota/ with /tmp/tmp6ypzja7f/
17:29 INFO    : Overwriting outdir/pm_AT2017gfo_Bu2022Ye_uniform_iota/ with /tmp/tmp6ypzja7f/
17:30 INFO    : Overwriting outdir/pm_AT2017gfo_Bu2022Ye_uniform_iota/ with /tmp/tmp6ypzja7f/
17:31 INFO    : Overwriting outdir/pm_AT2017gfo_Bu2022Ye_uniform_iota/ with /tmp/tmp6ypzja7f/
17:31 INFO    : Overwriting outdir/pm_AT2017gfo_Bu2022Ye_uniform_iota/ with /tmp/tmp6ypzja7f/
17:32 INFO    : Overwriting outdir/pm_AT2017gfo_Bu2022Ye_uniform_iota/ with /tmp/tmp6ypzja7f/
17:33 INFO    : Overwriting outdir/pm_AT2017gfo_Bu2022Ye_uniform_iota/ with /tmp/tmp6ypzja7f/
17:34 INFO    : Overwriting outdir/pm_AT2017gfo_Bu2022Ye_uniform_iota/ with /tmp/tmp6ypzja7f/
17:34 INFO    : Overwriting outdir/pm_AT2017gfo_Bu2022Ye_uniform_iota/ with /tmp/tmp6ypzja7f/
17:35 INFO    : Overwriting outdir/pm_AT2017gfo_Bu2022Ye_uniform_iota/ with /tmp/tmp6ypzja7f/
17:36 INFO    : Overwriting outdir/pm_AT2017gfo_Bu2022Ye_uniform_iota/ with /tmp/tmp6ypzja7f/
17:37 INFO    : Overwriting outdir/pm_AT2017gfo_Bu2022Ye_uniform_iota/ with /tmp/tmp6ypzja7f/
17:38 INFO    : Overwriting outdir/pm_AT2017gfo_Bu2022Ye_uniform_iota/ with /tmp/tmp6ypzja7f/
17:39 INFO    : Overwriting outdir/pm_AT2017gfo_Bu2022Ye_uniform_iota/ with /tmp/tmp6ypzja7f/
17:39 INFO    : Overwriting outdir/pm_AT2017gfo_Bu2022Ye_uniform_iota/ with /tmp/tmp6ypzja7f/
17:40 INFO    : Overwriting outdir/pm_AT2017gfo_Bu2022Ye_uniform_iota/ with /tmp/tmp6ypzja7f/
17:41 INFO    : Overwriting outdir/pm_AT2017gfo_Bu2022Ye_uniform_iota/ with /tmp/tmp6ypzja7f/
17:42 INFO    : Overwriting outdir/pm_AT2017gfo_Bu2022Ye_uniform_iota/ with /tmp/tmp6ypzja7f/
17:43 INFO    : Overwriting outdir/pm_AT2017gfo_Bu2022Ye_uniform_iota/ with /tmp/tmp6ypzja7f/
17:44 INFO    : Overwriting outdir/pm_AT2017gfo_Bu2022Ye_uniform_iota/ with /tmp/tmp6ypzja7f/
17:45 INFO    : Overwriting outdir/pm_AT2017gfo_Bu2022Ye_uniform_iota/ with /tmp/tmp6ypzja7f/
17:46 INFO    : Overwriting outdir/pm_AT2017gfo_Bu2022Ye_uniform_iota/ with /tmp/tmp6ypzja7f/
17:47 INFO    : Overwriting outdir/pm_AT2017gfo_Bu2022Ye_uniform_iota/ with /tmp/tmp6ypzja7f/
17:48 INFO    : Overwriting outdir/pm_AT2017gfo_Bu2022Ye_uniform_iota/ with /tmp/tmp6ypzja7f/
17:49 INFO    : Overwriting outdir/pm_AT2017gfo_Bu2022Ye_uniform_iota/ with /tmp/tmp6ypzja7f/
17:49 INFO    : Overwriting outdir/pm_AT2017gfo_Bu2022Ye_uniform_iota/ with /tmp/tmp6ypzja7f/
17:50 INFO    : Overwriting outdir/pm_AT2017gfo_Bu2022Ye_uniform_iota/ with /tmp/tmp6ypzja7f/
17:51 INFO    : Overwriting outdir/pm_AT2017gfo_Bu2022Ye_uniform_iota/ with /tmp/tmp6ypzja7f/
17:52 INFO    : Overwriting outdir/pm_AT2017gfo_Bu2022Ye_uniform_iota/ with /tmp/tmp6ypzja7f/
17:54 INFO    : Overwriting outdir/pm_AT2017gfo_Bu2022Ye_uniform_iota/ with /tmp/tmp6ypzja7f/
17:55 INFO    : Overwriting outdir/pm_AT2017gfo_Bu2022Ye_uniform_iota/ with /tmp/tmp6ypzja7f/
17:55 INFO    : Overwriting outdir/pm_AT2017gfo_Bu2022Ye_uniform_iota/ with /tmp/tmp6ypzja7f/
17:55 INFO    : Overwriting outdir/pm_AT2017gfo_Bu2022Ye_uniform_iota/ with /tmp/tmp6ypzja7f/
17:55 INFO    : Sampling time: 0:28:49.920434
17:55 INFO    : Summary of results:
nsamples: 8172
ln_noise_evidence:  0.000
ln_evidence: -168.514 +/-  0.082
ln_bayes_factor: -168.514 +/-  0.082

17:55 INFO    : Writing samples file to /nfs/urash/twouters/gpu_projects/KN_inference/cpu/Bu2022Ye_uniform_iota/outdir/AT2017gfo_Bu2022Ye_uniform_iota_posterior_samples.dat
