11:30 INFO    : Running for label 'AT2017gfo_dL40_tight_iota', output will be saved to './outdir/'
11:30 INFO    : Running for label 'AT2017gfo_dL40_tight_iota', output will be saved to './outdir/'
11:30 INFO    : Running for label 'AT2017gfo_dL40_tight_iota', output will be saved to './outdir/'
11:30 INFO    : Running for label 'AT2017gfo_dL40_tight_iota', output will be saved to './outdir/'
11:30 INFO    : Running for label 'AT2017gfo_dL40_tight_iota', output will be saved to './outdir/'
11:30 INFO    : Running for label 'AT2017gfo_dL40_tight_iota', output will be saved to './outdir/'
11:30 INFO    : Running for label 'AT2017gfo_dL40_tight_iota', output will be saved to './outdir/'
11:30 INFO    : Running for label 'AT2017gfo_dL40_tight_iota', output will be saved to './outdir/'
11:30 INFO    : Running for label 'AT2017gfo_dL40_tight_iota', output will be saved to './outdir/'
11:30 INFO    : Running for label 'AT2017gfo_dL40_tight_iota', output will be saved to './outdir/'
11:30 INFO    : Running for label 'AT2017gfo_dL40_tight_iota', output will be saved to './outdir/'
11:30 INFO    : Running for label 'AT2017gfo_dL40_tight_iota', output will be saved to './outdir/'
11:30 INFO    : Running for label 'AT2017gfo_dL40_tight_iota', output will be saved to './outdir/'
11:30 INFO    : Running for label 'AT2017gfo_dL40_tight_iota', output will be saved to './outdir/'
11:30 INFO    : Running for label 'AT2017gfo_dL40_tight_iota', output will be saved to './outdir/'
11:30 INFO    : Running for label 'AT2017gfo_dL40_tight_iota', output will be saved to './outdir/'
11:30 INFO    : Analysis priors:
11:30 INFO    : inclination_EM=TruncatedGaussian(mu=0.3717551306747922, sigma=0.04363323129985824, minimum=0.0, maximum=1.5707963267948966, name='inclination_EM', latex_label='$\\iota$', unit=None, boundary=None)
11:30 INFO    : log10_mej_dyn=Uniform(minimum=-3, maximum=-1.7, name='log10_mej_dyn', latex_label='$\\log_{10}M^{\\rm{dyn}}_{\\rm{ej}}$', unit=None, boundary=None)
11:30 INFO    : vej_dyn=Uniform(minimum=0.12, maximum=0.25, name='vej_dyn', latex_label='$V^{\\rm{dyn}}_{\\rm{ej}}$', unit=None, boundary=None)
11:30 INFO    : Yedyn=Uniform(minimum=0.15, maximum=0.3, name='Yedyn', latex_label='$Y_{\\rm{dyn}}$', unit=None, boundary=None)
11:30 INFO    : Yewind=Uniform(minimum=0.2, maximum=0.4, name='Yewind', latex_label='$Y_{\\rm{wind}}$', unit=None, boundary=None)
11:30 INFO    : log10_mej_wind=Uniform(minimum=-2, maximum=-0.89, name='log10_mej_wind', latex_label='$\\log_{10}M^{\\rm{wind}}_{\\rm{ej}}$', unit=None, boundary=None)
11:30 INFO    : vej_wind=Uniform(minimum=0.03, maximum=0.15, name='vej_wind', latex_label='$V^{\\rm{wind}}_{\\rm{ej}}$', unit=None, boundary=None)
11:30 INFO    : timeshift=0.0
11:30 INFO    : luminosity_distance=40.0
11:30 INFO    : Ebv=0.0
11:30 INFO    : Analysis likelihood class: <class 'nmma.em.likelihood.OpticalLightCurve'>
11:30 INFO    : Analysis likelihood noise evidence: 0.0
11:30 INFO    : Analysis priors:
11:30 INFO    : inclination_EM=TruncatedGaussian(mu=0.3717551306747922, sigma=0.04363323129985824, minimum=0.0, maximum=1.5707963267948966, name='inclination_EM', latex_label='$\\iota$', unit=None, boundary=None)
11:30 INFO    : log10_mej_dyn=Uniform(minimum=-3, maximum=-1.7, name='log10_mej_dyn', latex_label='$\\log_{10}M^{\\rm{dyn}}_{\\rm{ej}}$', unit=None, boundary=None)
11:30 INFO    : vej_dyn=Uniform(minimum=0.12, maximum=0.25, name='vej_dyn', latex_label='$V^{\\rm{dyn}}_{\\rm{ej}}$', unit=None, boundary=None)
11:30 INFO    : Yedyn=Uniform(minimum=0.15, maximum=0.3, name='Yedyn', latex_label='$Y_{\\rm{dyn}}$', unit=None, boundary=None)
11:30 INFO    : Yewind=Uniform(minimum=0.2, maximum=0.4, name='Yewind', latex_label='$Y_{\\rm{wind}}$', unit=None, boundary=None)
11:30 INFO    : log10_mej_wind=Uniform(minimum=-2, maximum=-0.89, name='log10_mej_wind', latex_label='$\\log_{10}M^{\\rm{wind}}_{\\rm{ej}}$', unit=None, boundary=None)
11:30 INFO    : vej_wind=Uniform(minimum=0.03, maximum=0.15, name='vej_wind', latex_label='$V^{\\rm{wind}}_{\\rm{ej}}$', unit=None, boundary=None)
11:30 INFO    : timeshift=0.0
11:30 INFO    : luminosity_distance=40.0
11:30 INFO    : Ebv=0.0
11:30 INFO    : Analysis likelihood class: <class 'nmma.em.likelihood.OpticalLightCurve'>
11:30 INFO    : Analysis likelihood noise evidence: 0.0
11:30 INFO    : Analysis priors:
11:30 INFO    : inclination_EM=TruncatedGaussian(mu=0.3717551306747922, sigma=0.04363323129985824, minimum=0.0, maximum=1.5707963267948966, name='inclination_EM', latex_label='$\\iota$', unit=None, boundary=None)
11:30 INFO    : log10_mej_dyn=Uniform(minimum=-3, maximum=-1.7, name='log10_mej_dyn', latex_label='$\\log_{10}M^{\\rm{dyn}}_{\\rm{ej}}$', unit=None, boundary=None)
11:30 INFO    : vej_dyn=Uniform(minimum=0.12, maximum=0.25, name='vej_dyn', latex_label='$V^{\\rm{dyn}}_{\\rm{ej}}$', unit=None, boundary=None)
11:30 INFO    : Yedyn=Uniform(minimum=0.15, maximum=0.3, name='Yedyn', latex_label='$Y_{\\rm{dyn}}$', unit=None, boundary=None)
11:30 INFO    : Yewind=Uniform(minimum=0.2, maximum=0.4, name='Yewind', latex_label='$Y_{\\rm{wind}}$', unit=None, boundary=None)
11:30 INFO    : log10_mej_wind=Uniform(minimum=-2, maximum=-0.89, name='log10_mej_wind', latex_label='$\\log_{10}M^{\\rm{wind}}_{\\rm{ej}}$', unit=None, boundary=None)
11:30 INFO    : vej_wind=Uniform(minimum=0.03, maximum=0.15, name='vej_wind', latex_label='$V^{\\rm{wind}}_{\\rm{ej}}$', unit=None, boundary=None)
11:30 INFO    : timeshift=0.0
11:30 INFO    : luminosity_distance=40.0
11:30 INFO    : Ebv=0.0
11:30 INFO    : Analysis likelihood class: <class 'nmma.em.likelihood.OpticalLightCurve'>
11:30 INFO    : Analysis likelihood noise evidence: 0.0
11:30 INFO    : Analysis priors:
11:30 INFO    : inclination_EM=TruncatedGaussian(mu=0.3717551306747922, sigma=0.04363323129985824, minimum=0.0, maximum=1.5707963267948966, name='inclination_EM', latex_label='$\\iota$', unit=None, boundary=None)
11:30 INFO    : log10_mej_dyn=Uniform(minimum=-3, maximum=-1.7, name='log10_mej_dyn', latex_label='$\\log_{10}M^{\\rm{dyn}}_{\\rm{ej}}$', unit=None, boundary=None)
11:30 INFO    : vej_dyn=Uniform(minimum=0.12, maximum=0.25, name='vej_dyn', latex_label='$V^{\\rm{dyn}}_{\\rm{ej}}$', unit=None, boundary=None)
11:30 INFO    : Yedyn=Uniform(minimum=0.15, maximum=0.3, name='Yedyn', latex_label='$Y_{\\rm{dyn}}$', unit=None, boundary=None)
11:30 INFO    : Yewind=Uniform(minimum=0.2, maximum=0.4, name='Yewind', latex_label='$Y_{\\rm{wind}}$', unit=None, boundary=None)
11:30 INFO    : log10_mej_wind=Uniform(minimum=-2, maximum=-0.89, name='log10_mej_wind', latex_label='$\\log_{10}M^{\\rm{wind}}_{\\rm{ej}}$', unit=None, boundary=None)
11:30 INFO    : vej_wind=Uniform(minimum=0.03, maximum=0.15, name='vej_wind', latex_label='$V^{\\rm{wind}}_{\\rm{ej}}$', unit=None, boundary=None)
11:30 INFO    : timeshift=0.0
11:30 INFO    : luminosity_distance=40.0
11:30 INFO    : Ebv=0.0
11:30 INFO    : Analysis likelihood class: <class 'nmma.em.likelihood.OpticalLightCurve'>
11:30 INFO    : Analysis likelihood noise evidence: 0.0
11:30 INFO    : Analysis priors:
11:30 INFO    : inclination_EM=TruncatedGaussian(mu=0.3717551306747922, sigma=0.04363323129985824, minimum=0.0, maximum=1.5707963267948966, name='inclination_EM', latex_label='$\\iota$', unit=None, boundary=None)
11:30 INFO    : log10_mej_dyn=Uniform(minimum=-3, maximum=-1.7, name='log10_mej_dyn', latex_label='$\\log_{10}M^{\\rm{dyn}}_{\\rm{ej}}$', unit=None, boundary=None)
11:30 INFO    : vej_dyn=Uniform(minimum=0.12, maximum=0.25, name='vej_dyn', latex_label='$V^{\\rm{dyn}}_{\\rm{ej}}$', unit=None, boundary=None)
11:30 INFO    : Yedyn=Uniform(minimum=0.15, maximum=0.3, name='Yedyn', latex_label='$Y_{\\rm{dyn}}$', unit=None, boundary=None)
11:30 INFO    : Yewind=Uniform(minimum=0.2, maximum=0.4, name='Yewind', latex_label='$Y_{\\rm{wind}}$', unit=None, boundary=None)
11:30 INFO    : log10_mej_wind=Uniform(minimum=-2, maximum=-0.89, name='log10_mej_wind', latex_label='$\\log_{10}M^{\\rm{wind}}_{\\rm{ej}}$', unit=None, boundary=None)
11:30 INFO    : vej_wind=Uniform(minimum=0.03, maximum=0.15, name='vej_wind', latex_label='$V^{\\rm{wind}}_{\\rm{ej}}$', unit=None, boundary=None)
11:30 INFO    : timeshift=0.0
11:30 INFO    : luminosity_distance=40.0
11:30 INFO    : Ebv=0.0
11:30 INFO    : Analysis likelihood class: <class 'nmma.em.likelihood.OpticalLightCurve'>
11:30 INFO    : Analysis likelihood noise evidence: 0.0
11:30 INFO    : Analysis priors:
11:30 INFO    : inclination_EM=TruncatedGaussian(mu=0.3717551306747922, sigma=0.04363323129985824, minimum=0.0, maximum=1.5707963267948966, name='inclination_EM', latex_label='$\\iota$', unit=None, boundary=None)
11:30 INFO    : log10_mej_dyn=Uniform(minimum=-3, maximum=-1.7, name='log10_mej_dyn', latex_label='$\\log_{10}M^{\\rm{dyn}}_{\\rm{ej}}$', unit=None, boundary=None)
11:30 INFO    : vej_dyn=Uniform(minimum=0.12, maximum=0.25, name='vej_dyn', latex_label='$V^{\\rm{dyn}}_{\\rm{ej}}$', unit=None, boundary=None)
11:30 INFO    : Yedyn=Uniform(minimum=0.15, maximum=0.3, name='Yedyn', latex_label='$Y_{\\rm{dyn}}$', unit=None, boundary=None)
11:30 INFO    : Yewind=Uniform(minimum=0.2, maximum=0.4, name='Yewind', latex_label='$Y_{\\rm{wind}}$', unit=None, boundary=None)
11:30 INFO    : log10_mej_wind=Uniform(minimum=-2, maximum=-0.89, name='log10_mej_wind', latex_label='$\\log_{10}M^{\\rm{wind}}_{\\rm{ej}}$', unit=None, boundary=None)
11:30 INFO    : vej_wind=Uniform(minimum=0.03, maximum=0.15, name='vej_wind', latex_label='$V^{\\rm{wind}}_{\\rm{ej}}$', unit=None, boundary=None)
11:30 INFO    : timeshift=0.0
11:30 INFO    : luminosity_distance=40.0
11:30 INFO    : Ebv=0.0
11:30 INFO    : Analysis likelihood class: <class 'nmma.em.likelihood.OpticalLightCurve'>
11:30 INFO    : Analysis likelihood noise evidence: 0.0
11:30 INFO    : Analysis priors:
11:30 INFO    : inclination_EM=TruncatedGaussian(mu=0.3717551306747922, sigma=0.04363323129985824, minimum=0.0, maximum=1.5707963267948966, name='inclination_EM', latex_label='$\\iota$', unit=None, boundary=None)
11:30 INFO    : log10_mej_dyn=Uniform(minimum=-3, maximum=-1.7, name='log10_mej_dyn', latex_label='$\\log_{10}M^{\\rm{dyn}}_{\\rm{ej}}$', unit=None, boundary=None)
11:30 INFO    : vej_dyn=Uniform(minimum=0.12, maximum=0.25, name='vej_dyn', latex_label='$V^{\\rm{dyn}}_{\\rm{ej}}$', unit=None, boundary=None)
11:30 INFO    : Yedyn=Uniform(minimum=0.15, maximum=0.3, name='Yedyn', latex_label='$Y_{\\rm{dyn}}$', unit=None, boundary=None)
11:30 INFO    : Yewind=Uniform(minimum=0.2, maximum=0.4, name='Yewind', latex_label='$Y_{\\rm{wind}}$', unit=None, boundary=None)
11:30 INFO    : log10_mej_wind=Uniform(minimum=-2, maximum=-0.89, name='log10_mej_wind', latex_label='$\\log_{10}M^{\\rm{wind}}_{\\rm{ej}}$', unit=None, boundary=None)
11:30 INFO    : vej_wind=Uniform(minimum=0.03, maximum=0.15, name='vej_wind', latex_label='$V^{\\rm{wind}}_{\\rm{ej}}$', unit=None, boundary=None)
11:30 INFO    : timeshift=0.0
11:30 INFO    : luminosity_distance=40.0
11:30 INFO    : Ebv=0.0
11:30 INFO    : Analysis likelihood class: <class 'nmma.em.likelihood.OpticalLightCurve'>
11:30 INFO    : Analysis likelihood noise evidence: 0.0
11:30 INFO    : Analysis priors:
11:30 INFO    : inclination_EM=TruncatedGaussian(mu=0.3717551306747922, sigma=0.04363323129985824, minimum=0.0, maximum=1.5707963267948966, name='inclination_EM', latex_label='$\\iota$', unit=None, boundary=None)
11:30 INFO    : log10_mej_dyn=Uniform(minimum=-3, maximum=-1.7, name='log10_mej_dyn', latex_label='$\\log_{10}M^{\\rm{dyn}}_{\\rm{ej}}$', unit=None, boundary=None)
11:30 INFO    : vej_dyn=Uniform(minimum=0.12, maximum=0.25, name='vej_dyn', latex_label='$V^{\\rm{dyn}}_{\\rm{ej}}$', unit=None, boundary=None)
11:30 INFO    : Yedyn=Uniform(minimum=0.15, maximum=0.3, name='Yedyn', latex_label='$Y_{\\rm{dyn}}$', unit=None, boundary=None)
11:30 INFO    : Yewind=Uniform(minimum=0.2, maximum=0.4, name='Yewind', latex_label='$Y_{\\rm{wind}}$', unit=None, boundary=None)
11:30 INFO    : log10_mej_wind=Uniform(minimum=-2, maximum=-0.89, name='log10_mej_wind', latex_label='$\\log_{10}M^{\\rm{wind}}_{\\rm{ej}}$', unit=None, boundary=None)
11:30 INFO    : vej_wind=Uniform(minimum=0.03, maximum=0.15, name='vej_wind', latex_label='$V^{\\rm{wind}}_{\\rm{ej}}$', unit=None, boundary=None)
11:30 INFO    : timeshift=0.0
11:30 INFO    : luminosity_distance=40.0
11:30 INFO    : Ebv=0.0
11:30 INFO    : Analysis likelihood class: <class 'nmma.em.likelihood.OpticalLightCurve'>
11:30 INFO    : Analysis likelihood noise evidence: 0.0
11:30 INFO    : Analysis priors:
11:30 INFO    : inclination_EM=TruncatedGaussian(mu=0.3717551306747922, sigma=0.04363323129985824, minimum=0.0, maximum=1.5707963267948966, name='inclination_EM', latex_label='$\\iota$', unit=None, boundary=None)
11:30 INFO    : log10_mej_dyn=Uniform(minimum=-3, maximum=-1.7, name='log10_mej_dyn', latex_label='$\\log_{10}M^{\\rm{dyn}}_{\\rm{ej}}$', unit=None, boundary=None)
11:30 INFO    : vej_dyn=Uniform(minimum=0.12, maximum=0.25, name='vej_dyn', latex_label='$V^{\\rm{dyn}}_{\\rm{ej}}$', unit=None, boundary=None)
11:30 INFO    : Yedyn=Uniform(minimum=0.15, maximum=0.3, name='Yedyn', latex_label='$Y_{\\rm{dyn}}$', unit=None, boundary=None)
11:30 INFO    : Yewind=Uniform(minimum=0.2, maximum=0.4, name='Yewind', latex_label='$Y_{\\rm{wind}}$', unit=None, boundary=None)
11:30 INFO    : log10_mej_wind=Uniform(minimum=-2, maximum=-0.89, name='log10_mej_wind', latex_label='$\\log_{10}M^{\\rm{wind}}_{\\rm{ej}}$', unit=None, boundary=None)
11:30 INFO    : vej_wind=Uniform(minimum=0.03, maximum=0.15, name='vej_wind', latex_label='$V^{\\rm{wind}}_{\\rm{ej}}$', unit=None, boundary=None)
11:30 INFO    : timeshift=0.0
11:30 INFO    : luminosity_distance=40.0
11:30 INFO    : Ebv=0.0
11:30 INFO    : Analysis likelihood class: <class 'nmma.em.likelihood.OpticalLightCurve'>
11:30 INFO    : Analysis likelihood noise evidence: 0.0
11:30 INFO    : Analysis priors:
11:30 INFO    : inclination_EM=TruncatedGaussian(mu=0.3717551306747922, sigma=0.04363323129985824, minimum=0.0, maximum=1.5707963267948966, name='inclination_EM', latex_label='$\\iota$', unit=None, boundary=None)
11:30 INFO    : log10_mej_dyn=Uniform(minimum=-3, maximum=-1.7, name='log10_mej_dyn', latex_label='$\\log_{10}M^{\\rm{dyn}}_{\\rm{ej}}$', unit=None, boundary=None)
11:30 INFO    : vej_dyn=Uniform(minimum=0.12, maximum=0.25, name='vej_dyn', latex_label='$V^{\\rm{dyn}}_{\\rm{ej}}$', unit=None, boundary=None)
11:30 INFO    : Yedyn=Uniform(minimum=0.15, maximum=0.3, name='Yedyn', latex_label='$Y_{\\rm{dyn}}$', unit=None, boundary=None)
11:30 INFO    : Yewind=Uniform(minimum=0.2, maximum=0.4, name='Yewind', latex_label='$Y_{\\rm{wind}}$', unit=None, boundary=None)
11:30 INFO    : log10_mej_wind=Uniform(minimum=-2, maximum=-0.89, name='log10_mej_wind', latex_label='$\\log_{10}M^{\\rm{wind}}_{\\rm{ej}}$', unit=None, boundary=None)
11:30 INFO    : vej_wind=Uniform(minimum=0.03, maximum=0.15, name='vej_wind', latex_label='$V^{\\rm{wind}}_{\\rm{ej}}$', unit=None, boundary=None)
11:30 INFO    : timeshift=0.0
11:30 INFO    : luminosity_distance=40.0
11:30 INFO    : Ebv=0.0
11:30 INFO    : Analysis likelihood class: <class 'nmma.em.likelihood.OpticalLightCurve'>
11:30 INFO    : Analysis likelihood noise evidence: 0.0
11:30 INFO    : Analysis priors:
11:30 INFO    : inclination_EM=TruncatedGaussian(mu=0.3717551306747922, sigma=0.04363323129985824, minimum=0.0, maximum=1.5707963267948966, name='inclination_EM', latex_label='$\\iota$', unit=None, boundary=None)
11:30 INFO    : log10_mej_dyn=Uniform(minimum=-3, maximum=-1.7, name='log10_mej_dyn', latex_label='$\\log_{10}M^{\\rm{dyn}}_{\\rm{ej}}$', unit=None, boundary=None)
11:30 INFO    : vej_dyn=Uniform(minimum=0.12, maximum=0.25, name='vej_dyn', latex_label='$V^{\\rm{dyn}}_{\\rm{ej}}$', unit=None, boundary=None)
11:30 INFO    : Yedyn=Uniform(minimum=0.15, maximum=0.3, name='Yedyn', latex_label='$Y_{\\rm{dyn}}$', unit=None, boundary=None)
11:30 INFO    : Yewind=Uniform(minimum=0.2, maximum=0.4, name='Yewind', latex_label='$Y_{\\rm{wind}}$', unit=None, boundary=None)
11:30 INFO    : log10_mej_wind=Uniform(minimum=-2, maximum=-0.89, name='log10_mej_wind', latex_label='$\\log_{10}M^{\\rm{wind}}_{\\rm{ej}}$', unit=None, boundary=None)
11:30 INFO    : vej_wind=Uniform(minimum=0.03, maximum=0.15, name='vej_wind', latex_label='$V^{\\rm{wind}}_{\\rm{ej}}$', unit=None, boundary=None)
11:30 INFO    : timeshift=0.0
11:30 INFO    : luminosity_distance=40.0
11:30 INFO    : Ebv=0.0
11:30 INFO    : Analysis likelihood class: <class 'nmma.em.likelihood.OpticalLightCurve'>
11:30 INFO    : Analysis likelihood noise evidence: 0.0
11:30 INFO    : Analysis priors:
11:30 INFO    : inclination_EM=TruncatedGaussian(mu=0.3717551306747922, sigma=0.04363323129985824, minimum=0.0, maximum=1.5707963267948966, name='inclination_EM', latex_label='$\\iota$', unit=None, boundary=None)
11:30 INFO    : log10_mej_dyn=Uniform(minimum=-3, maximum=-1.7, name='log10_mej_dyn', latex_label='$\\log_{10}M^{\\rm{dyn}}_{\\rm{ej}}$', unit=None, boundary=None)
11:30 INFO    : vej_dyn=Uniform(minimum=0.12, maximum=0.25, name='vej_dyn', latex_label='$V^{\\rm{dyn}}_{\\rm{ej}}$', unit=None, boundary=None)
11:30 INFO    : Yedyn=Uniform(minimum=0.15, maximum=0.3, name='Yedyn', latex_label='$Y_{\\rm{dyn}}$', unit=None, boundary=None)
11:30 INFO    : Yewind=Uniform(minimum=0.2, maximum=0.4, name='Yewind', latex_label='$Y_{\\rm{wind}}$', unit=None, boundary=None)
11:30 INFO    : log10_mej_wind=Uniform(minimum=-2, maximum=-0.89, name='log10_mej_wind', latex_label='$\\log_{10}M^{\\rm{wind}}_{\\rm{ej}}$', unit=None, boundary=None)
11:30 INFO    : vej_wind=Uniform(minimum=0.03, maximum=0.15, name='vej_wind', latex_label='$V^{\\rm{wind}}_{\\rm{ej}}$', unit=None, boundary=None)
11:30 INFO    : timeshift=0.0
11:30 INFO    : luminosity_distance=40.0
11:30 INFO    : Ebv=0.0
11:30 INFO    : Analysis likelihood class: <class 'nmma.em.likelihood.OpticalLightCurve'>
11:30 INFO    : Analysis likelihood noise evidence: 0.0
11:30 INFO    : Analysis priors:
11:30 INFO    : inclination_EM=TruncatedGaussian(mu=0.3717551306747922, sigma=0.04363323129985824, minimum=0.0, maximum=1.5707963267948966, name='inclination_EM', latex_label='$\\iota$', unit=None, boundary=None)
11:30 INFO    : log10_mej_dyn=Uniform(minimum=-3, maximum=-1.7, name='log10_mej_dyn', latex_label='$\\log_{10}M^{\\rm{dyn}}_{\\rm{ej}}$', unit=None, boundary=None)
11:30 INFO    : vej_dyn=Uniform(minimum=0.12, maximum=0.25, name='vej_dyn', latex_label='$V^{\\rm{dyn}}_{\\rm{ej}}$', unit=None, boundary=None)
11:30 INFO    : Yedyn=Uniform(minimum=0.15, maximum=0.3, name='Yedyn', latex_label='$Y_{\\rm{dyn}}$', unit=None, boundary=None)
11:30 INFO    : Yewind=Uniform(minimum=0.2, maximum=0.4, name='Yewind', latex_label='$Y_{\\rm{wind}}$', unit=None, boundary=None)
11:30 INFO    : log10_mej_wind=Uniform(minimum=-2, maximum=-0.89, name='log10_mej_wind', latex_label='$\\log_{10}M^{\\rm{wind}}_{\\rm{ej}}$', unit=None, boundary=None)
11:30 INFO    : vej_wind=Uniform(minimum=0.03, maximum=0.15, name='vej_wind', latex_label='$V^{\\rm{wind}}_{\\rm{ej}}$', unit=None, boundary=None)
11:30 INFO    : timeshift=0.0
11:30 INFO    : luminosity_distance=40.0
11:30 INFO    : Ebv=0.0
11:30 INFO    : Analysis likelihood class: <class 'nmma.em.likelihood.OpticalLightCurve'>
11:30 INFO    : Analysis likelihood noise evidence: 0.0
11:30 INFO    : Analysis priors:
11:30 INFO    : inclination_EM=TruncatedGaussian(mu=0.3717551306747922, sigma=0.04363323129985824, minimum=0.0, maximum=1.5707963267948966, name='inclination_EM', latex_label='$\\iota$', unit=None, boundary=None)
11:30 INFO    : log10_mej_dyn=Uniform(minimum=-3, maximum=-1.7, name='log10_mej_dyn', latex_label='$\\log_{10}M^{\\rm{dyn}}_{\\rm{ej}}$', unit=None, boundary=None)
11:30 INFO    : vej_dyn=Uniform(minimum=0.12, maximum=0.25, name='vej_dyn', latex_label='$V^{\\rm{dyn}}_{\\rm{ej}}$', unit=None, boundary=None)
11:30 INFO    : Yedyn=Uniform(minimum=0.15, maximum=0.3, name='Yedyn', latex_label='$Y_{\\rm{dyn}}$', unit=None, boundary=None)
11:30 INFO    : Yewind=Uniform(minimum=0.2, maximum=0.4, name='Yewind', latex_label='$Y_{\\rm{wind}}$', unit=None, boundary=None)
11:30 INFO    : log10_mej_wind=Uniform(minimum=-2, maximum=-0.89, name='log10_mej_wind', latex_label='$\\log_{10}M^{\\rm{wind}}_{\\rm{ej}}$', unit=None, boundary=None)
11:30 INFO    : vej_wind=Uniform(minimum=0.03, maximum=0.15, name='vej_wind', latex_label='$V^{\\rm{wind}}_{\\rm{ej}}$', unit=None, boundary=None)
11:30 INFO    : timeshift=0.0
11:30 INFO    : luminosity_distance=40.0
11:30 INFO    : Ebv=0.0
11:30 INFO    : Analysis likelihood class: <class 'nmma.em.likelihood.OpticalLightCurve'>
11:30 INFO    : Analysis likelihood noise evidence: 0.0
11:30 INFO    : Analysis priors:
11:30 INFO    : inclination_EM=TruncatedGaussian(mu=0.3717551306747922, sigma=0.04363323129985824, minimum=0.0, maximum=1.5707963267948966, name='inclination_EM', latex_label='$\\iota$', unit=None, boundary=None)
11:30 INFO    : log10_mej_dyn=Uniform(minimum=-3, maximum=-1.7, name='log10_mej_dyn', latex_label='$\\log_{10}M^{\\rm{dyn}}_{\\rm{ej}}$', unit=None, boundary=None)
11:30 INFO    : vej_dyn=Uniform(minimum=0.12, maximum=0.25, name='vej_dyn', latex_label='$V^{\\rm{dyn}}_{\\rm{ej}}$', unit=None, boundary=None)
11:30 INFO    : Yedyn=Uniform(minimum=0.15, maximum=0.3, name='Yedyn', latex_label='$Y_{\\rm{dyn}}$', unit=None, boundary=None)
11:30 INFO    : Yewind=Uniform(minimum=0.2, maximum=0.4, name='Yewind', latex_label='$Y_{\\rm{wind}}$', unit=None, boundary=None)
11:30 INFO    : log10_mej_wind=Uniform(minimum=-2, maximum=-0.89, name='log10_mej_wind', latex_label='$\\log_{10}M^{\\rm{wind}}_{\\rm{ej}}$', unit=None, boundary=None)
11:30 INFO    : vej_wind=Uniform(minimum=0.03, maximum=0.15, name='vej_wind', latex_label='$V^{\\rm{wind}}_{\\rm{ej}}$', unit=None, boundary=None)
11:30 INFO    : timeshift=0.0
11:30 INFO    : luminosity_distance=40.0
11:30 INFO    : Ebv=0.0
11:30 INFO    : Analysis likelihood class: <class 'nmma.em.likelihood.OpticalLightCurve'>
11:30 INFO    : Analysis likelihood noise evidence: 0.0
11:30 INFO    : Analysis priors:
11:30 INFO    : inclination_EM=TruncatedGaussian(mu=0.3717551306747922, sigma=0.04363323129985824, minimum=0.0, maximum=1.5707963267948966, name='inclination_EM', latex_label='$\\iota$', unit=None, boundary=None)
11:30 INFO    : log10_mej_dyn=Uniform(minimum=-3, maximum=-1.7, name='log10_mej_dyn', latex_label='$\\log_{10}M^{\\rm{dyn}}_{\\rm{ej}}$', unit=None, boundary=None)
11:30 INFO    : vej_dyn=Uniform(minimum=0.12, maximum=0.25, name='vej_dyn', latex_label='$V^{\\rm{dyn}}_{\\rm{ej}}$', unit=None, boundary=None)
11:30 INFO    : Yedyn=Uniform(minimum=0.15, maximum=0.3, name='Yedyn', latex_label='$Y_{\\rm{dyn}}$', unit=None, boundary=None)
11:30 INFO    : Yewind=Uniform(minimum=0.2, maximum=0.4, name='Yewind', latex_label='$Y_{\\rm{wind}}$', unit=None, boundary=None)
11:30 INFO    : log10_mej_wind=Uniform(minimum=-2, maximum=-0.89, name='log10_mej_wind', latex_label='$\\log_{10}M^{\\rm{wind}}_{\\rm{ej}}$', unit=None, boundary=None)
11:30 INFO    : vej_wind=Uniform(minimum=0.03, maximum=0.15, name='vej_wind', latex_label='$V^{\\rm{wind}}_{\\rm{ej}}$', unit=None, boundary=None)
11:30 INFO    : timeshift=0.0
11:30 INFO    : luminosity_distance=40.0
11:30 INFO    : Ebv=0.0
11:30 INFO    : Analysis likelihood class: <class 'nmma.em.likelihood.OpticalLightCurve'>
11:30 INFO    : Analysis likelihood noise evidence: 0.0
11:30 INFO    : Single likelihood evaluation took nan s
11:30 WARNING : Supplied argument 'queue_size' not an argument of 'Pymultinest', removing.
11:30 WARNING : Supplied argument 'check_point_delta_t' not an argument of 'Pymultinest', removing.
11:30 INFO    : Using sampler Pymultinest with kwargs {'importance_nested_sampling': False, 'resume': True, 'verbose': True, 'sampling_efficiency': 'parameter', 'n_live_points': 2048, 'n_params': 7, 'n_clustering_params': None, 'wrapped_params': None, 'multimodal': True, 'const_efficiency_mode': False, 'evidence_tolerance': 0.5, 'n_iter_before_update': 100, 'null_log_evidence': -1e+90, 'max_modes': 100, 'mode_tolerance': -1e+90, 'seed': 42, 'context': 0, 'write_output': True, 'log_zero': -1e+100, 'max_iter': 0, 'init_MPI': False, 'dump_callback': <bound method Pymultinest._dump_callback of <bilby.core.sampler.pymultinest.Pymultinest object at 0x7fd7d06edd20>>}
11:30 INFO    : Temporary directory incompatible with MPI, will run in original directory
11:30 INFO    : Using output file ./outdir//pm_AT2017gfo_dL40_tight_iota/
11:30 INFO    : Single likelihood evaluation took nan s
11:30 WARNING : Supplied argument 'queue_size' not an argument of 'Pymultinest', removing.
11:30 WARNING : Supplied argument 'check_point_delta_t' not an argument of 'Pymultinest', removing.
11:30 INFO    : Using sampler Pymultinest with kwargs {'importance_nested_sampling': False, 'resume': True, 'verbose': True, 'sampling_efficiency': 'parameter', 'n_live_points': 2048, 'n_params': 7, 'n_clustering_params': None, 'wrapped_params': None, 'multimodal': True, 'const_efficiency_mode': False, 'evidence_tolerance': 0.5, 'n_iter_before_update': 100, 'null_log_evidence': -1e+90, 'max_modes': 100, 'mode_tolerance': -1e+90, 'seed': 42, 'context': 0, 'write_output': True, 'log_zero': -1e+100, 'max_iter': 0, 'init_MPI': False, 'dump_callback': <bound method Pymultinest._dump_callback of <bilby.core.sampler.pymultinest.Pymultinest object at 0x7fb5903467d0>>}
11:30 INFO    : Temporary directory incompatible with MPI, will run in original directory
11:30 INFO    : Using output file ./outdir//pm_AT2017gfo_dL40_tight_iota/
11:30 INFO    : Single likelihood evaluation took nan s
11:30 WARNING : Supplied argument 'queue_size' not an argument of 'Pymultinest', removing.
11:30 WARNING : Supplied argument 'check_point_delta_t' not an argument of 'Pymultinest', removing.
11:30 INFO    : Using sampler Pymultinest with kwargs {'importance_nested_sampling': False, 'resume': True, 'verbose': True, 'sampling_efficiency': 'parameter', 'n_live_points': 2048, 'n_params': 7, 'n_clustering_params': None, 'wrapped_params': None, 'multimodal': True, 'const_efficiency_mode': False, 'evidence_tolerance': 0.5, 'n_iter_before_update': 100, 'null_log_evidence': -1e+90, 'max_modes': 100, 'mode_tolerance': -1e+90, 'seed': 42, 'context': 0, 'write_output': True, 'log_zero': -1e+100, 'max_iter': 0, 'init_MPI': False, 'dump_callback': <bound method Pymultinest._dump_callback of <bilby.core.sampler.pymultinest.Pymultinest object at 0x7faff00aa3b0>>}
11:30 INFO    : Temporary directory incompatible with MPI, will run in original directory
11:30 INFO    : Using output file ./outdir//pm_AT2017gfo_dL40_tight_iota/
11:30 INFO    : Single likelihood evaluation took nan s
11:30 WARNING : Supplied argument 'queue_size' not an argument of 'Pymultinest', removing.
11:30 WARNING : Supplied argument 'check_point_delta_t' not an argument of 'Pymultinest', removing.
11:30 INFO    : Using sampler Pymultinest with kwargs {'importance_nested_sampling': False, 'resume': True, 'verbose': True, 'sampling_efficiency': 'parameter', 'n_live_points': 2048, 'n_params': 7, 'n_clustering_params': None, 'wrapped_params': None, 'multimodal': True, 'const_efficiency_mode': False, 'evidence_tolerance': 0.5, 'n_iter_before_update': 100, 'null_log_evidence': -1e+90, 'max_modes': 100, 'mode_tolerance': -1e+90, 'seed': 42, 'context': 0, 'write_output': True, 'log_zero': -1e+100, 'max_iter': 0, 'init_MPI': False, 'dump_callback': <bound method Pymultinest._dump_callback of <bilby.core.sampler.pymultinest.Pymultinest object at 0x7f2f143d22f0>>}
11:30 INFO    : Temporary directory incompatible with MPI, will run in original directory
11:30 INFO    : Using output file ./outdir//pm_AT2017gfo_dL40_tight_iota/
11:30 INFO    : Single likelihood evaluation took nan s
11:30 WARNING : Supplied argument 'queue_size' not an argument of 'Pymultinest', removing.
11:30 WARNING : Supplied argument 'check_point_delta_t' not an argument of 'Pymultinest', removing.
11:30 INFO    : Using sampler Pymultinest with kwargs {'importance_nested_sampling': False, 'resume': True, 'verbose': True, 'sampling_efficiency': 'parameter', 'n_live_points': 2048, 'n_params': 7, 'n_clustering_params': None, 'wrapped_params': None, 'multimodal': True, 'const_efficiency_mode': False, 'evidence_tolerance': 0.5, 'n_iter_before_update': 100, 'null_log_evidence': -1e+90, 'max_modes': 100, 'mode_tolerance': -1e+90, 'seed': 42, 'context': 0, 'write_output': True, 'log_zero': -1e+100, 'max_iter': 0, 'init_MPI': False, 'dump_callback': <bound method Pymultinest._dump_callback of <bilby.core.sampler.pymultinest.Pymultinest object at 0x7f73fc3f2440>>}
11:30 INFO    : Temporary directory incompatible with MPI, will run in original directory
11:30 INFO    : Using output file ./outdir//pm_AT2017gfo_dL40_tight_iota/
11:30 INFO    : Single likelihood evaluation took nan s
11:30 WARNING : Supplied argument 'queue_size' not an argument of 'Pymultinest', removing.
11:30 WARNING : Supplied argument 'check_point_delta_t' not an argument of 'Pymultinest', removing.
11:30 INFO    : Using sampler Pymultinest with kwargs {'importance_nested_sampling': False, 'resume': True, 'verbose': True, 'sampling_efficiency': 'parameter', 'n_live_points': 2048, 'n_params': 7, 'n_clustering_params': None, 'wrapped_params': None, 'multimodal': True, 'const_efficiency_mode': False, 'evidence_tolerance': 0.5, 'n_iter_before_update': 100, 'null_log_evidence': -1e+90, 'max_modes': 100, 'mode_tolerance': -1e+90, 'seed': 42, 'context': 0, 'write_output': True, 'log_zero': -1e+100, 'max_iter': 0, 'init_MPI': False, 'dump_callback': <bound method Pymultinest._dump_callback of <bilby.core.sampler.pymultinest.Pymultinest object at 0x7f5c8042a2f0>>}
11:30 INFO    : Temporary directory incompatible with MPI, will run in original directory
11:30 INFO    : Using output file ./outdir//pm_AT2017gfo_dL40_tight_iota/
11:30 INFO    : Single likelihood evaluation took nan s
11:30 INFO    : Single likelihood evaluation took nan s
11:30 WARNING : Supplied argument 'queue_size' not an argument of 'Pymultinest', removing.
11:30 WARNING : Supplied argument 'check_point_delta_t' not an argument of 'Pymultinest', removing.
11:30 INFO    : Using sampler Pymultinest with kwargs {'importance_nested_sampling': False, 'resume': True, 'verbose': True, 'sampling_efficiency': 'parameter', 'n_live_points': 2048, 'n_params': 7, 'n_clustering_params': None, 'wrapped_params': None, 'multimodal': True, 'const_efficiency_mode': False, 'evidence_tolerance': 0.5, 'n_iter_before_update': 100, 'null_log_evidence': -1e+90, 'max_modes': 100, 'mode_tolerance': -1e+90, 'seed': 42, 'context': 0, 'write_output': True, 'log_zero': -1e+100, 'max_iter': 0, 'init_MPI': False, 'dump_callback': <bound method Pymultinest._dump_callback of <bilby.core.sampler.pymultinest.Pymultinest object at 0x7f5ea42be170>>}
11:30 INFO    : Temporary directory incompatible with MPI, will run in original directory
11:30 INFO    : Using output file ./outdir//pm_AT2017gfo_dL40_tight_iota/
11:30 WARNING : Supplied argument 'queue_size' not an argument of 'Pymultinest', removing.
11:30 WARNING : Supplied argument 'check_point_delta_t' not an argument of 'Pymultinest', removing.
11:30 INFO    : Using sampler Pymultinest with kwargs {'importance_nested_sampling': False, 'resume': True, 'verbose': True, 'sampling_efficiency': 'parameter', 'n_live_points': 2048, 'n_params': 7, 'n_clustering_params': None, 'wrapped_params': None, 'multimodal': True, 'const_efficiency_mode': False, 'evidence_tolerance': 0.5, 'n_iter_before_update': 100, 'null_log_evidence': -1e+90, 'max_modes': 100, 'mode_tolerance': -1e+90, 'seed': 42, 'context': 0, 'write_output': True, 'log_zero': -1e+100, 'max_iter': 0, 'init_MPI': False, 'dump_callback': <bound method Pymultinest._dump_callback of <bilby.core.sampler.pymultinest.Pymultinest object at 0x7fdb0037e6e0>>}
11:30 INFO    : Temporary directory incompatible with MPI, will run in original directory
11:30 INFO    : Using output file ./outdir//pm_AT2017gfo_dL40_tight_iota/
11:30 INFO    : Single likelihood evaluation took nan s
11:30 WARNING : Supplied argument 'queue_size' not an argument of 'Pymultinest', removing.
11:30 WARNING : Supplied argument 'check_point_delta_t' not an argument of 'Pymultinest', removing.
11:30 INFO    : Using sampler Pymultinest with kwargs {'importance_nested_sampling': False, 'resume': True, 'verbose': True, 'sampling_efficiency': 'parameter', 'n_live_points': 2048, 'n_params': 7, 'n_clustering_params': None, 'wrapped_params': None, 'multimodal': True, 'const_efficiency_mode': False, 'evidence_tolerance': 0.5, 'n_iter_before_update': 100, 'null_log_evidence': -1e+90, 'max_modes': 100, 'mode_tolerance': -1e+90, 'seed': 42, 'context': 0, 'write_output': True, 'log_zero': -1e+100, 'max_iter': 0, 'init_MPI': False, 'dump_callback': <bound method Pymultinest._dump_callback of <bilby.core.sampler.pymultinest.Pymultinest object at 0x7f49a435a7d0>>}
11:30 INFO    : Temporary directory incompatible with MPI, will run in original directory
11:30 INFO    : Using output file ./outdir//pm_AT2017gfo_dL40_tight_iota/
11:30 INFO    : Single likelihood evaluation took nan s
11:30 INFO    : Single likelihood evaluation took nan s
11:30 WARNING : Supplied argument 'queue_size' not an argument of 'Pymultinest', removing.
11:30 WARNING : Supplied argument 'check_point_delta_t' not an argument of 'Pymultinest', removing.
11:30 INFO    : Using sampler Pymultinest with kwargs {'importance_nested_sampling': False, 'resume': True, 'verbose': True, 'sampling_efficiency': 'parameter', 'n_live_points': 2048, 'n_params': 7, 'n_clustering_params': None, 'wrapped_params': None, 'multimodal': True, 'const_efficiency_mode': False, 'evidence_tolerance': 0.5, 'n_iter_before_update': 100, 'null_log_evidence': -1e+90, 'max_modes': 100, 'mode_tolerance': -1e+90, 'seed': 42, 'context': 0, 'write_output': True, 'log_zero': -1e+100, 'max_iter': 0, 'init_MPI': False, 'dump_callback': <bound method Pymultinest._dump_callback of <bilby.core.sampler.pymultinest.Pymultinest object at 0x7f532412e8f0>>}
11:30 INFO    : Temporary directory incompatible with MPI, will run in original directory
11:30 INFO    : Using output file ./outdir//pm_AT2017gfo_dL40_tight_iota/
11:30 INFO    : Single likelihood evaluation took nan s
11:30 WARNING : Supplied argument 'queue_size' not an argument of 'Pymultinest', removing.
11:30 WARNING : Supplied argument 'check_point_delta_t' not an argument of 'Pymultinest', removing.
11:30 INFO    : Using sampler Pymultinest with kwargs {'importance_nested_sampling': False, 'resume': True, 'verbose': True, 'sampling_efficiency': 'parameter', 'n_live_points': 2048, 'n_params': 7, 'n_clustering_params': None, 'wrapped_params': None, 'multimodal': True, 'const_efficiency_mode': False, 'evidence_tolerance': 0.5, 'n_iter_before_update': 100, 'null_log_evidence': -1e+90, 'max_modes': 100, 'mode_tolerance': -1e+90, 'seed': 42, 'context': 0, 'write_output': True, 'log_zero': -1e+100, 'max_iter': 0, 'init_MPI': False, 'dump_callback': <bound method Pymultinest._dump_callback of <bilby.core.sampler.pymultinest.Pymultinest object at 0x7f4cbc31a500>>}
11:30 INFO    : Temporary directory incompatible with MPI, will run in original directory
11:30 INFO    : Using output file ./outdir//pm_AT2017gfo_dL40_tight_iota/
11:30 WARNING : Supplied argument 'queue_size' not an argument of 'Pymultinest', removing.
11:30 WARNING : Supplied argument 'check_point_delta_t' not an argument of 'Pymultinest', removing.
11:30 INFO    : Using sampler Pymultinest with kwargs {'importance_nested_sampling': False, 'resume': True, 'verbose': True, 'sampling_efficiency': 'parameter', 'n_live_points': 2048, 'n_params': 7, 'n_clustering_params': None, 'wrapped_params': None, 'multimodal': True, 'const_efficiency_mode': False, 'evidence_tolerance': 0.5, 'n_iter_before_update': 100, 'null_log_evidence': -1e+90, 'max_modes': 100, 'mode_tolerance': -1e+90, 'seed': 42, 'context': 0, 'write_output': True, 'log_zero': -1e+100, 'max_iter': 0, 'init_MPI': False, 'dump_callback': <bound method Pymultinest._dump_callback of <bilby.core.sampler.pymultinest.Pymultinest object at 0x7f34d83c6950>>}
11:30 INFO    : Temporary directory incompatible with MPI, will run in original directory
11:30 INFO    : Using output file ./outdir//pm_AT2017gfo_dL40_tight_iota/
11:30 INFO    : Single likelihood evaluation took nan s
11:30 WARNING : Supplied argument 'queue_size' not an argument of 'Pymultinest', removing.
11:30 WARNING : Supplied argument 'check_point_delta_t' not an argument of 'Pymultinest', removing.
11:30 INFO    : Using sampler Pymultinest with kwargs {'importance_nested_sampling': False, 'resume': True, 'verbose': True, 'sampling_efficiency': 'parameter', 'n_live_points': 2048, 'n_params': 7, 'n_clustering_params': None, 'wrapped_params': None, 'multimodal': True, 'const_efficiency_mode': False, 'evidence_tolerance': 0.5, 'n_iter_before_update': 100, 'null_log_evidence': -1e+90, 'max_modes': 100, 'mode_tolerance': -1e+90, 'seed': 42, 'context': 0, 'write_output': True, 'log_zero': -1e+100, 'max_iter': 0, 'init_MPI': False, 'dump_callback': <bound method Pymultinest._dump_callback of <bilby.core.sampler.pymultinest.Pymultinest object at 0x7f3f7c6fe470>>}
11:30 INFO    : Temporary directory incompatible with MPI, will run in original directory
11:30 INFO    : Using output file ./outdir//pm_AT2017gfo_dL40_tight_iota/
11:30 INFO    : Single likelihood evaluation took nan s
11:30 WARNING : Supplied argument 'queue_size' not an argument of 'Pymultinest', removing.
11:30 WARNING : Supplied argument 'check_point_delta_t' not an argument of 'Pymultinest', removing.
11:30 INFO    : Using sampler Pymultinest with kwargs {'importance_nested_sampling': False, 'resume': True, 'verbose': True, 'sampling_efficiency': 'parameter', 'n_live_points': 2048, 'n_params': 7, 'n_clustering_params': None, 'wrapped_params': None, 'multimodal': True, 'const_efficiency_mode': False, 'evidence_tolerance': 0.5, 'n_iter_before_update': 100, 'null_log_evidence': -1e+90, 'max_modes': 100, 'mode_tolerance': -1e+90, 'seed': 42, 'context': 0, 'write_output': True, 'log_zero': -1e+100, 'max_iter': 0, 'init_MPI': False, 'dump_callback': <bound method Pymultinest._dump_callback of <bilby.core.sampler.pymultinest.Pymultinest object at 0x7fb7886de590>>}
11:30 INFO    : Temporary directory incompatible with MPI, will run in original directory
11:30 INFO    : Using output file ./outdir//pm_AT2017gfo_dL40_tight_iota/
11:30 INFO    : Single likelihood evaluation took nan s
11:30 WARNING : Supplied argument 'queue_size' not an argument of 'Pymultinest', removing.
11:30 WARNING : Supplied argument 'check_point_delta_t' not an argument of 'Pymultinest', removing.
11:30 INFO    : Using sampler Pymultinest with kwargs {'importance_nested_sampling': False, 'resume': True, 'verbose': True, 'sampling_efficiency': 'parameter', 'n_live_points': 2048, 'n_params': 7, 'n_clustering_params': None, 'wrapped_params': None, 'multimodal': True, 'const_efficiency_mode': False, 'evidence_tolerance': 0.5, 'n_iter_before_update': 100, 'null_log_evidence': -1e+90, 'max_modes': 100, 'mode_tolerance': -1e+90, 'seed': 42, 'context': 0, 'write_output': True, 'log_zero': -1e+100, 'max_iter': 0, 'init_MPI': False, 'dump_callback': <bound method Pymultinest._dump_callback of <bilby.core.sampler.pymultinest.Pymultinest object at 0x7f75104e9f60>>}
11:30 INFO    : Temporary directory incompatible with MPI, will run in original directory
11:30 INFO    : Using output file ./outdir//pm_AT2017gfo_dL40_tight_iota/
11:30 INFO    : Single likelihood evaluation took nan s
11:30 WARNING : Supplied argument 'queue_size' not an argument of 'Pymultinest', removing.
11:30 WARNING : Supplied argument 'check_point_delta_t' not an argument of 'Pymultinest', removing.
11:30 INFO    : Using sampler Pymultinest with kwargs {'importance_nested_sampling': False, 'resume': True, 'verbose': True, 'sampling_efficiency': 'parameter', 'n_live_points': 2048, 'n_params': 7, 'n_clustering_params': None, 'wrapped_params': None, 'multimodal': True, 'const_efficiency_mode': False, 'evidence_tolerance': 0.5, 'n_iter_before_update': 100, 'null_log_evidence': -1e+90, 'max_modes': 100, 'mode_tolerance': -1e+90, 'seed': 42, 'context': 0, 'write_output': True, 'log_zero': -1e+100, 'max_iter': 0, 'init_MPI': False, 'dump_callback': <bound method Pymultinest._dump_callback of <bilby.core.sampler.pymultinest.Pymultinest object at 0x7f3a6c7e24a0>>}
11:30 INFO    : Temporary directory incompatible with MPI, will run in original directory
11:30 INFO    : Using output file ./outdir//pm_AT2017gfo_dL40_tight_iota/
11:31 INFO    : Run interrupted by signal 2: checkpoint and exit on 77
11:31 INFO    : Run interrupted by signal 2: checkpoint and exit on 77
11:31 INFO    : Run interrupted by signal 2: checkpoint and exit on 77
11:31 INFO    : Run interrupted by signal 2: checkpoint and exit on 77
11:31 INFO    : Run interrupted by signal 2: checkpoint and exit on 77
11:31 INFO    : Run interrupted by signal 2: checkpoint and exit on 77
11:31 INFO    : Run interrupted by signal 2: checkpoint and exit on 77
11:31 INFO    : Run interrupted by signal 2: checkpoint and exit on 77
11:31 INFO    : Run interrupted by signal 2: checkpoint and exit on 77
11:31 INFO    : Run interrupted by signal 2: checkpoint and exit on 77
11:31 INFO    : Run interrupted by signal 2: checkpoint and exit on 77
11:31 INFO    : Run interrupted by signal 2: checkpoint and exit on 77
11:31 INFO    : Run interrupted by signal 2: checkpoint and exit on 77
11:31 INFO    : Run interrupted by signal 2: checkpoint and exit on 77
11:31 INFO    : Run interrupted by signal 2: checkpoint and exit on 77
11:31 INFO    : Run interrupted by signal 2: checkpoint and exit on 77
