16:36 INFO    : Running for label 'AT2017gfo_dL40', output will be saved to 'outdir'
16:36 INFO    : Running for label 'AT2017gfo_dL40', output will be saved to 'outdir'
16:36 INFO    : Running for label 'AT2017gfo_dL40', output will be saved to 'outdir'
16:36 INFO    : Running for label 'AT2017gfo_dL40', output will be saved to 'outdir'
16:36 INFO    : Running for label 'AT2017gfo_dL40', output will be saved to 'outdir'
16:36 INFO    : Running for label 'AT2017gfo_dL40', output will be saved to 'outdir'
16:36 INFO    : Running for label 'AT2017gfo_dL40', output will be saved to 'outdir'
16:36 INFO    : Running for label 'AT2017gfo_dL40', output will be saved to 'outdir'
16:36 INFO    : Running for label 'AT2017gfo_dL40', output will be saved to 'outdir'
16:36 INFO    : Running for label 'AT2017gfo_dL40', output will be saved to 'outdir'
16:36 INFO    : Running for label 'AT2017gfo_dL40', output will be saved to 'outdir'
16:36 INFO    : Running for label 'AT2017gfo_dL40', output will be saved to 'outdir'
16:36 INFO    : Running for label 'AT2017gfo_dL40', output will be saved to 'outdir'
16:36 INFO    : Running for label 'AT2017gfo_dL40', output will be saved to 'outdir'
16:36 INFO    : Running for label 'AT2017gfo_dL40', output will be saved to 'outdir'
16:36 INFO    : Running for label 'AT2017gfo_dL40', output will be saved to 'outdir'
16:36 INFO    : Analysis priors:
16:36 INFO    : Analysis priors:
16:36 INFO    : Analysis priors:
16:36 INFO    : Analysis priors:
16:36 INFO    : Analysis priors:
16:36 INFO    : Analysis priors:
16:36 INFO    : Analysis priors:
16:36 INFO    : Analysis priors:
16:36 INFO    : Analysis priors:
16:36 INFO    : Analysis priors:
16:36 INFO    : Analysis priors:
16:36 INFO    : Analysis priors:
16:36 INFO    : Analysis priors:
16:36 INFO    : Analysis priors:
16:36 INFO    : Analysis priors:
16:36 INFO    : inclination_EM=Uniform(minimum=0.0, maximum=1.5707963267948966, name='inclination_EM', latex_label='$\\iota$', unit=None, boundary=None)
16:36 INFO    : inclination_EM=Uniform(minimum=0.0, maximum=1.5707963267948966, name='inclination_EM', latex_label='$\\iota$', unit=None, boundary=None)
16:36 INFO    : inclination_EM=Uniform(minimum=0.0, maximum=1.5707963267948966, name='inclination_EM', latex_label='$\\iota$', unit=None, boundary=None)
16:36 INFO    : log10_mej_dyn=Uniform(minimum=-3, maximum=-1.7, name='log10_mej_dyn', latex_label='$\\log_{10}M^{\\rm{dyn}}_{\\rm{ej}}$', unit=None, boundary=None)
16:36 INFO    : log10_mej_dyn=Uniform(minimum=-3, maximum=-1.7, name='log10_mej_dyn', latex_label='$\\log_{10}M^{\\rm{dyn}}_{\\rm{ej}}$', unit=None, boundary=None)
16:36 INFO    : inclination_EM=Uniform(minimum=0.0, maximum=1.5707963267948966, name='inclination_EM', latex_label='$\\iota$', unit=None, boundary=None)
16:36 INFO    : log10_mej_dyn=Uniform(minimum=-3, maximum=-1.7, name='log10_mej_dyn', latex_label='$\\log_{10}M^{\\rm{dyn}}_{\\rm{ej}}$', unit=None, boundary=None)
16:36 INFO    : inclination_EM=Uniform(minimum=0.0, maximum=1.5707963267948966, name='inclination_EM', latex_label='$\\iota$', unit=None, boundary=None)
16:36 INFO    : inclination_EM=Uniform(minimum=0.0, maximum=1.5707963267948966, name='inclination_EM', latex_label='$\\iota$', unit=None, boundary=None)
16:36 INFO    : vej_dyn=Uniform(minimum=0.12, maximum=0.25, name='vej_dyn', latex_label='$V^{\\rm{dyn}}_{\\rm{ej}}$', unit=None, boundary=None)
16:36 INFO    : inclination_EM=Uniform(minimum=0.0, maximum=1.5707963267948966, name='inclination_EM', latex_label='$\\iota$', unit=None, boundary=None)
16:36 INFO    : vej_dyn=Uniform(minimum=0.12, maximum=0.25, name='vej_dyn', latex_label='$V^{\\rm{dyn}}_{\\rm{ej}}$', unit=None, boundary=None)
16:36 INFO    : vej_dyn=Uniform(minimum=0.12, maximum=0.25, name='vej_dyn', latex_label='$V^{\\rm{dyn}}_{\\rm{ej}}$', unit=None, boundary=None)
16:36 INFO    : Yedyn=Uniform(minimum=0.15, maximum=0.3, name='Yedyn', latex_label='$Y_{\\rm{dyn}}$', unit=None, boundary=None)
16:36 INFO    : inclination_EM=Uniform(minimum=0.0, maximum=1.5707963267948966, name='inclination_EM', latex_label='$\\iota$', unit=None, boundary=None)
16:36 INFO    : inclination_EM=Uniform(minimum=0.0, maximum=1.5707963267948966, name='inclination_EM', latex_label='$\\iota$', unit=None, boundary=None)
16:36 INFO    : inclination_EM=Uniform(minimum=0.0, maximum=1.5707963267948966, name='inclination_EM', latex_label='$\\iota$', unit=None, boundary=None)
16:36 INFO    : inclination_EM=Uniform(minimum=0.0, maximum=1.5707963267948966, name='inclination_EM', latex_label='$\\iota$', unit=None, boundary=None)
16:36 INFO    : Yedyn=Uniform(minimum=0.15, maximum=0.3, name='Yedyn', latex_label='$Y_{\\rm{dyn}}$', unit=None, boundary=None)
16:36 INFO    : Analysis priors:
16:36 INFO    : Yewind=Uniform(minimum=0.15, maximum=0.3, name='Yewind', latex_label='$Y_{\\rm{wind}}$', unit=None, boundary=None)
16:36 INFO    : log10_mej_dyn=Uniform(minimum=-3, maximum=-1.7, name='log10_mej_dyn', latex_label='$\\log_{10}M^{\\rm{dyn}}_{\\rm{ej}}$', unit=None, boundary=None)
16:36 INFO    : Yedyn=Uniform(minimum=0.15, maximum=0.3, name='Yedyn', latex_label='$Y_{\\rm{dyn}}$', unit=None, boundary=None)
16:36 INFO    : log10_mej_dyn=Uniform(minimum=-3, maximum=-1.7, name='log10_mej_dyn', latex_label='$\\log_{10}M^{\\rm{dyn}}_{\\rm{ej}}$', unit=None, boundary=None)
16:36 INFO    : log10_mej_dyn=Uniform(minimum=-3, maximum=-1.7, name='log10_mej_dyn', latex_label='$\\log_{10}M^{\\rm{dyn}}_{\\rm{ej}}$', unit=None, boundary=None)
16:36 INFO    : log10_mej_dyn=Uniform(minimum=-3, maximum=-1.7, name='log10_mej_dyn', latex_label='$\\log_{10}M^{\\rm{dyn}}_{\\rm{ej}}$', unit=None, boundary=None)
16:36 INFO    : Yewind=Uniform(minimum=0.15, maximum=0.3, name='Yewind', latex_label='$Y_{\\rm{wind}}$', unit=None, boundary=None)
16:36 INFO    : log10_mej_wind=Uniform(minimum=-2, maximum=-0.89, name='log10_mej_wind', latex_label='$\\log_{10}M^{\\rm{wind}}_{\\rm{ej}}$', unit=None, boundary=None)
16:36 INFO    : Yewind=Uniform(minimum=0.15, maximum=0.3, name='Yewind', latex_label='$Y_{\\rm{wind}}$', unit=None, boundary=None)
16:36 INFO    : vej_dyn=Uniform(minimum=0.12, maximum=0.25, name='vej_dyn', latex_label='$V^{\\rm{dyn}}_{\\rm{ej}}$', unit=None, boundary=None)
16:36 INFO    : vej_wind=Uniform(minimum=0.03, maximum=0.15, name='vej_wind', latex_label='$V^{\\rm{wind}}_{\\rm{ej}}$', unit=None, boundary=None)
16:36 INFO    : log10_mej_dyn=Uniform(minimum=-3, maximum=-1.7, name='log10_mej_dyn', latex_label='$\\log_{10}M^{\\rm{dyn}}_{\\rm{ej}}$', unit=None, boundary=None)
16:36 INFO    : log10_mej_dyn=Uniform(minimum=-3, maximum=-1.7, name='log10_mej_dyn', latex_label='$\\log_{10}M^{\\rm{dyn}}_{\\rm{ej}}$', unit=None, boundary=None)
16:36 INFO    : log10_mej_wind=Uniform(minimum=-2, maximum=-0.89, name='log10_mej_wind', latex_label='$\\log_{10}M^{\\rm{wind}}_{\\rm{ej}}$', unit=None, boundary=None)
16:36 INFO    : inclination_EM=Uniform(minimum=0.0, maximum=1.5707963267948966, name='inclination_EM', latex_label='$\\iota$', unit=None, boundary=None)
16:36 INFO    : vej_dyn=Uniform(minimum=0.12, maximum=0.25, name='vej_dyn', latex_label='$V^{\\rm{dyn}}_{\\rm{ej}}$', unit=None, boundary=None)
16:36 INFO    : vej_dyn=Uniform(minimum=0.12, maximum=0.25, name='vej_dyn', latex_label='$V^{\\rm{dyn}}_{\\rm{ej}}$', unit=None, boundary=None)
16:36 INFO    : log10_mej_wind=Uniform(minimum=-2, maximum=-0.89, name='log10_mej_wind', latex_label='$\\log_{10}M^{\\rm{wind}}_{\\rm{ej}}$', unit=None, boundary=None)
16:36 INFO    : log10_mej_dyn=Uniform(minimum=-3, maximum=-1.7, name='log10_mej_dyn', latex_label='$\\log_{10}M^{\\rm{dyn}}_{\\rm{ej}}$', unit=None, boundary=None)
16:36 INFO    : log10_mej_dyn=Uniform(minimum=-3, maximum=-1.7, name='log10_mej_dyn', latex_label='$\\log_{10}M^{\\rm{dyn}}_{\\rm{ej}}$', unit=None, boundary=None)
16:36 INFO    : vej_dyn=Uniform(minimum=0.12, maximum=0.25, name='vej_dyn', latex_label='$V^{\\rm{dyn}}_{\\rm{ej}}$', unit=None, boundary=None)
16:36 INFO    : KNphi=Uniform(minimum=15.0, maximum=75.0, name='KNphi', latex_label='$\\phi_{\\rm{KN}}$', unit=None, boundary=None)
16:36 INFO    : inclination_EM=Uniform(minimum=0.0, maximum=1.5707963267948966, name='inclination_EM', latex_label='$\\iota$', unit=None, boundary=None)
16:36 INFO    : vej_wind=Uniform(minimum=0.03, maximum=0.15, name='vej_wind', latex_label='$V^{\\rm{wind}}_{\\rm{ej}}$', unit=None, boundary=None)
16:36 INFO    : inclination_EM=Uniform(minimum=0.0, maximum=1.5707963267948966, name='inclination_EM', latex_label='$\\iota$', unit=None, boundary=None)
16:36 INFO    : timeshift=0.0
16:36 INFO    : inclination_EM=Uniform(minimum=0.0, maximum=1.5707963267948966, name='inclination_EM', latex_label='$\\iota$', unit=None, boundary=None)
16:36 INFO    : luminosity_distance=40.0
16:36 INFO    : vej_wind=Uniform(minimum=0.03, maximum=0.15, name='vej_wind', latex_label='$V^{\\rm{wind}}_{\\rm{ej}}$', unit=None, boundary=None)
16:36 INFO    : vej_dyn=Uniform(minimum=0.12, maximum=0.25, name='vej_dyn', latex_label='$V^{\\rm{dyn}}_{\\rm{ej}}$', unit=None, boundary=None)
16:36 INFO    : Yedyn=Uniform(minimum=0.15, maximum=0.3, name='Yedyn', latex_label='$Y_{\\rm{dyn}}$', unit=None, boundary=None)
16:36 INFO    : Ebv=0.0
16:36 INFO    : vej_dyn=Uniform(minimum=0.12, maximum=0.25, name='vej_dyn', latex_label='$V^{\\rm{dyn}}_{\\rm{ej}}$', unit=None, boundary=None)
16:36 INFO    : KNphi=Uniform(minimum=15.0, maximum=75.0, name='KNphi', latex_label='$\\phi_{\\rm{KN}}$', unit=None, boundary=None)
16:36 INFO    : Analysis likelihood class: <class 'nmma.em.likelihood.OpticalLightCurve'>
16:36 INFO    : Yedyn=Uniform(minimum=0.15, maximum=0.3, name='Yedyn', latex_label='$Y_{\\rm{dyn}}$', unit=None, boundary=None)
16:36 INFO    : Yedyn=Uniform(minimum=0.15, maximum=0.3, name='Yedyn', latex_label='$Y_{\\rm{dyn}}$', unit=None, boundary=None)
16:36 INFO    : Analysis likelihood noise evidence: 0.0
16:36 INFO    : timeshift=0.0
16:36 INFO    : Yedyn=Uniform(minimum=0.15, maximum=0.3, name='Yedyn', latex_label='$Y_{\\rm{dyn}}$', unit=None, boundary=None)
16:36 INFO    : KNphi=Uniform(minimum=15.0, maximum=75.0, name='KNphi', latex_label='$\\phi_{\\rm{KN}}$', unit=None, boundary=None)
16:36 INFO    : luminosity_distance=40.0
16:36 INFO    : Ebv=0.0
16:36 INFO    : timeshift=0.0
16:36 INFO    : vej_dyn=Uniform(minimum=0.12, maximum=0.25, name='vej_dyn', latex_label='$V^{\\rm{dyn}}_{\\rm{ej}}$', unit=None, boundary=None)
16:36 INFO    : vej_dyn=Uniform(minimum=0.12, maximum=0.25, name='vej_dyn', latex_label='$V^{\\rm{dyn}}_{\\rm{ej}}$', unit=None, boundary=None)
16:36 INFO    : Analysis likelihood class: <class 'nmma.em.likelihood.OpticalLightCurve'>
16:36 INFO    : luminosity_distance=40.0
16:36 INFO    : log10_mej_dyn=Uniform(minimum=-3, maximum=-1.7, name='log10_mej_dyn', latex_label='$\\log_{10}M^{\\rm{dyn}}_{\\rm{ej}}$', unit=None, boundary=None)
16:36 INFO    : Yewind=Uniform(minimum=0.15, maximum=0.3, name='Yewind', latex_label='$Y_{\\rm{wind}}$', unit=None, boundary=None)
16:36 INFO    : Analysis likelihood noise evidence: 0.0
16:36 INFO    : Ebv=0.0
16:36 INFO    : log10_mej_dyn=Uniform(minimum=-3, maximum=-1.7, name='log10_mej_dyn', latex_label='$\\log_{10}M^{\\rm{dyn}}_{\\rm{ej}}$', unit=None, boundary=None)
16:36 INFO    : Yedyn=Uniform(minimum=0.15, maximum=0.3, name='Yedyn', latex_label='$Y_{\\rm{dyn}}$', unit=None, boundary=None)
16:36 INFO    : Analysis likelihood class: <class 'nmma.em.likelihood.OpticalLightCurve'>
16:36 INFO    : Yedyn=Uniform(minimum=0.15, maximum=0.3, name='Yedyn', latex_label='$Y_{\\rm{dyn}}$', unit=None, boundary=None)
16:36 INFO    : Analysis likelihood noise evidence: 0.0
16:36 INFO    : Yewind=Uniform(minimum=0.15, maximum=0.3, name='Yewind', latex_label='$Y_{\\rm{wind}}$', unit=None, boundary=None)
16:36 INFO    : Yewind=Uniform(minimum=0.15, maximum=0.3, name='Yewind', latex_label='$Y_{\\rm{wind}}$', unit=None, boundary=None)
16:36 INFO    : Yewind=Uniform(minimum=0.15, maximum=0.3, name='Yewind', latex_label='$Y_{\\rm{wind}}$', unit=None, boundary=None)
16:36 INFO    : log10_mej_dyn=Uniform(minimum=-3, maximum=-1.7, name='log10_mej_dyn', latex_label='$\\log_{10}M^{\\rm{dyn}}_{\\rm{ej}}$', unit=None, boundary=None)
16:36 INFO    : log10_mej_dyn=Uniform(minimum=-3, maximum=-1.7, name='log10_mej_dyn', latex_label='$\\log_{10}M^{\\rm{dyn}}_{\\rm{ej}}$', unit=None, boundary=None)
16:36 INFO    : inclination_EM=Uniform(minimum=0.0, maximum=1.5707963267948966, name='inclination_EM', latex_label='$\\iota$', unit=None, boundary=None)
16:36 INFO    : log10_mej_wind=Uniform(minimum=-2, maximum=-0.89, name='log10_mej_wind', latex_label='$\\log_{10}M^{\\rm{wind}}_{\\rm{ej}}$', unit=None, boundary=None)
16:36 INFO    : vej_dyn=Uniform(minimum=0.12, maximum=0.25, name='vej_dyn', latex_label='$V^{\\rm{dyn}}_{\\rm{ej}}$', unit=None, boundary=None)
16:36 INFO    : Yedyn=Uniform(minimum=0.15, maximum=0.3, name='Yedyn', latex_label='$Y_{\\rm{dyn}}$', unit=None, boundary=None)
16:36 INFO    : Yedyn=Uniform(minimum=0.15, maximum=0.3, name='Yedyn', latex_label='$Y_{\\rm{dyn}}$', unit=None, boundary=None)
16:36 INFO    : Yewind=Uniform(minimum=0.15, maximum=0.3, name='Yewind', latex_label='$Y_{\\rm{wind}}$', unit=None, boundary=None)
16:36 INFO    : log10_mej_wind=Uniform(minimum=-2, maximum=-0.89, name='log10_mej_wind', latex_label='$\\log_{10}M^{\\rm{wind}}_{\\rm{ej}}$', unit=None, boundary=None)
16:36 INFO    : Yewind=Uniform(minimum=0.15, maximum=0.3, name='Yewind', latex_label='$Y_{\\rm{wind}}$', unit=None, boundary=None)
16:36 INFO    : log10_mej_wind=Uniform(minimum=-2, maximum=-0.89, name='log10_mej_wind', latex_label='$\\log_{10}M^{\\rm{wind}}_{\\rm{ej}}$', unit=None, boundary=None)
16:36 INFO    : log10_mej_wind=Uniform(minimum=-2, maximum=-0.89, name='log10_mej_wind', latex_label='$\\log_{10}M^{\\rm{wind}}_{\\rm{ej}}$', unit=None, boundary=None)
16:36 INFO    : vej_dyn=Uniform(minimum=0.12, maximum=0.25, name='vej_dyn', latex_label='$V^{\\rm{dyn}}_{\\rm{ej}}$', unit=None, boundary=None)
16:36 INFO    : vej_wind=Uniform(minimum=0.03, maximum=0.15, name='vej_wind', latex_label='$V^{\\rm{wind}}_{\\rm{ej}}$', unit=None, boundary=None)
16:36 INFO    : vej_dyn=Uniform(minimum=0.12, maximum=0.25, name='vej_dyn', latex_label='$V^{\\rm{dyn}}_{\\rm{ej}}$', unit=None, boundary=None)
16:36 INFO    : vej_dyn=Uniform(minimum=0.12, maximum=0.25, name='vej_dyn', latex_label='$V^{\\rm{dyn}}_{\\rm{ej}}$', unit=None, boundary=None)
16:36 INFO    : Yedyn=Uniform(minimum=0.15, maximum=0.3, name='Yedyn', latex_label='$Y_{\\rm{dyn}}$', unit=None, boundary=None)
16:36 INFO    : log10_mej_dyn=Uniform(minimum=-3, maximum=-1.7, name='log10_mej_dyn', latex_label='$\\log_{10}M^{\\rm{dyn}}_{\\rm{ej}}$', unit=None, boundary=None)
16:36 INFO    : log10_mej_wind=Uniform(minimum=-2, maximum=-0.89, name='log10_mej_wind', latex_label='$\\log_{10}M^{\\rm{wind}}_{\\rm{ej}}$', unit=None, boundary=None)
16:36 INFO    : log10_mej_wind=Uniform(minimum=-2, maximum=-0.89, name='log10_mej_wind', latex_label='$\\log_{10}M^{\\rm{wind}}_{\\rm{ej}}$', unit=None, boundary=None)
16:36 INFO    : Yewind=Uniform(minimum=0.15, maximum=0.3, name='Yewind', latex_label='$Y_{\\rm{wind}}$', unit=None, boundary=None)
16:36 INFO    : Yewind=Uniform(minimum=0.15, maximum=0.3, name='Yewind', latex_label='$Y_{\\rm{wind}}$', unit=None, boundary=None)
16:36 INFO    : vej_wind=Uniform(minimum=0.03, maximum=0.15, name='vej_wind', latex_label='$V^{\\rm{wind}}_{\\rm{ej}}$', unit=None, boundary=None)
16:36 INFO    : vej_wind=Uniform(minimum=0.03, maximum=0.15, name='vej_wind', latex_label='$V^{\\rm{wind}}_{\\rm{ej}}$', unit=None, boundary=None)
16:36 INFO    : vej_wind=Uniform(minimum=0.03, maximum=0.15, name='vej_wind', latex_label='$V^{\\rm{wind}}_{\\rm{ej}}$', unit=None, boundary=None)
16:36 INFO    : KNphi=Uniform(minimum=15.0, maximum=75.0, name='KNphi', latex_label='$\\phi_{\\rm{KN}}$', unit=None, boundary=None)
16:36 INFO    : Yedyn=Uniform(minimum=0.15, maximum=0.3, name='Yedyn', latex_label='$Y_{\\rm{dyn}}$', unit=None, boundary=None)
16:36 INFO    : timeshift=0.0
16:36 INFO    : Yewind=Uniform(minimum=0.15, maximum=0.3, name='Yewind', latex_label='$Y_{\\rm{wind}}$', unit=None, boundary=None)
16:36 INFO    : vej_wind=Uniform(minimum=0.03, maximum=0.15, name='vej_wind', latex_label='$V^{\\rm{wind}}_{\\rm{ej}}$', unit=None, boundary=None)
16:36 INFO    : luminosity_distance=40.0
16:36 INFO    : Yedyn=Uniform(minimum=0.15, maximum=0.3, name='Yedyn', latex_label='$Y_{\\rm{dyn}}$', unit=None, boundary=None)
16:36 INFO    : vej_wind=Uniform(minimum=0.03, maximum=0.15, name='vej_wind', latex_label='$V^{\\rm{wind}}_{\\rm{ej}}$', unit=None, boundary=None)
16:36 INFO    : Yedyn=Uniform(minimum=0.15, maximum=0.3, name='Yedyn', latex_label='$Y_{\\rm{dyn}}$', unit=None, boundary=None)
16:36 INFO    : KNphi=Uniform(minimum=15.0, maximum=75.0, name='KNphi', latex_label='$\\phi_{\\rm{KN}}$', unit=None, boundary=None)
16:36 INFO    : vej_dyn=Uniform(minimum=0.12, maximum=0.25, name='vej_dyn', latex_label='$V^{\\rm{dyn}}_{\\rm{ej}}$', unit=None, boundary=None)
16:36 INFO    : Ebv=0.0
16:36 INFO    : KNphi=Uniform(minimum=15.0, maximum=75.0, name='KNphi', latex_label='$\\phi_{\\rm{KN}}$', unit=None, boundary=None)
16:36 INFO    : KNphi=Uniform(minimum=15.0, maximum=75.0, name='KNphi', latex_label='$\\phi_{\\rm{KN}}$', unit=None, boundary=None)
16:36 INFO    : timeshift=0.0
16:36 INFO    : log10_mej_wind=Uniform(minimum=-2, maximum=-0.89, name='log10_mej_wind', latex_label='$\\log_{10}M^{\\rm{wind}}_{\\rm{ej}}$', unit=None, boundary=None)
16:36 INFO    : log10_mej_wind=Uniform(minimum=-2, maximum=-0.89, name='log10_mej_wind', latex_label='$\\log_{10}M^{\\rm{wind}}_{\\rm{ej}}$', unit=None, boundary=None)
16:36 INFO    : Analysis likelihood class: <class 'nmma.em.likelihood.OpticalLightCurve'>
16:36 INFO    : timeshift=0.0
16:36 INFO    : timeshift=0.0
16:36 INFO    : luminosity_distance=40.0
16:36 INFO    : Analysis likelihood noise evidence: 0.0
16:36 INFO    : Yewind=Uniform(minimum=0.15, maximum=0.3, name='Yewind', latex_label='$Y_{\\rm{wind}}$', unit=None, boundary=None)
16:36 INFO    : luminosity_distance=40.0
16:36 INFO    : luminosity_distance=40.0
16:36 INFO    : Ebv=0.0
16:36 INFO    : log10_mej_wind=Uniform(minimum=-2, maximum=-0.89, name='log10_mej_wind', latex_label='$\\log_{10}M^{\\rm{wind}}_{\\rm{ej}}$', unit=None, boundary=None)
16:36 INFO    : KNphi=Uniform(minimum=15.0, maximum=75.0, name='KNphi', latex_label='$\\phi_{\\rm{KN}}$', unit=None, boundary=None)
16:36 INFO    : KNphi=Uniform(minimum=15.0, maximum=75.0, name='KNphi', latex_label='$\\phi_{\\rm{KN}}$', unit=None, boundary=None)
16:36 INFO    : Ebv=0.0
16:36 INFO    : Ebv=0.0
16:36 INFO    : Yewind=Uniform(minimum=0.15, maximum=0.3, name='Yewind', latex_label='$Y_{\\rm{wind}}$', unit=None, boundary=None)
16:36 INFO    : Analysis likelihood class: <class 'nmma.em.likelihood.OpticalLightCurve'>
16:36 INFO    : Yewind=Uniform(minimum=0.15, maximum=0.3, name='Yewind', latex_label='$Y_{\\rm{wind}}$', unit=None, boundary=None)
16:36 INFO    : timeshift=0.0
16:36 INFO    : Yedyn=Uniform(minimum=0.15, maximum=0.3, name='Yedyn', latex_label='$Y_{\\rm{dyn}}$', unit=None, boundary=None)
16:36 INFO    : Analysis likelihood noise evidence: 0.0
16:36 INFO    : Analysis likelihood class: <class 'nmma.em.likelihood.OpticalLightCurve'>
16:36 INFO    : Analysis likelihood class: <class 'nmma.em.likelihood.OpticalLightCurve'>
16:36 INFO    : timeshift=0.0
16:36 INFO    : luminosity_distance=40.0
16:36 INFO    : vej_wind=Uniform(minimum=0.03, maximum=0.15, name='vej_wind', latex_label='$V^{\\rm{wind}}_{\\rm{ej}}$', unit=None, boundary=None)
16:36 INFO    : vej_wind=Uniform(minimum=0.03, maximum=0.15, name='vej_wind', latex_label='$V^{\\rm{wind}}_{\\rm{ej}}$', unit=None, boundary=None)
16:36 INFO    : Analysis likelihood noise evidence: 0.0
16:36 INFO    : Analysis likelihood noise evidence: 0.0
16:36 INFO    : Ebv=0.0
16:36 INFO    : luminosity_distance=40.0
16:36 INFO    : vej_wind=Uniform(minimum=0.03, maximum=0.15, name='vej_wind', latex_label='$V^{\\rm{wind}}_{\\rm{ej}}$', unit=None, boundary=None)
16:36 INFO    : log10_mej_wind=Uniform(minimum=-2, maximum=-0.89, name='log10_mej_wind', latex_label='$\\log_{10}M^{\\rm{wind}}_{\\rm{ej}}$', unit=None, boundary=None)
16:36 INFO    : Analysis likelihood class: <class 'nmma.em.likelihood.OpticalLightCurve'>
16:36 INFO    : Ebv=0.0
16:36 INFO    : log10_mej_wind=Uniform(minimum=-2, maximum=-0.89, name='log10_mej_wind', latex_label='$\\log_{10}M^{\\rm{wind}}_{\\rm{ej}}$', unit=None, boundary=None)
16:36 INFO    : log10_mej_wind=Uniform(minimum=-2, maximum=-0.89, name='log10_mej_wind', latex_label='$\\log_{10}M^{\\rm{wind}}_{\\rm{ej}}$', unit=None, boundary=None)
16:36 INFO    : Analysis likelihood class: <class 'nmma.em.likelihood.OpticalLightCurve'>
16:36 INFO    : Analysis likelihood noise evidence: 0.0
16:36 INFO    : Yewind=Uniform(minimum=0.15, maximum=0.3, name='Yewind', latex_label='$Y_{\\rm{wind}}$', unit=None, boundary=None)
16:36 INFO    : Analysis likelihood noise evidence: 0.0
16:36 INFO    : KNphi=Uniform(minimum=15.0, maximum=75.0, name='KNphi', latex_label='$\\phi_{\\rm{KN}}$', unit=None, boundary=None)
16:36 INFO    : KNphi=Uniform(minimum=15.0, maximum=75.0, name='KNphi', latex_label='$\\phi_{\\rm{KN}}$', unit=None, boundary=None)
16:36 INFO    : KNphi=Uniform(minimum=15.0, maximum=75.0, name='KNphi', latex_label='$\\phi_{\\rm{KN}}$', unit=None, boundary=None)
16:36 INFO    : vej_wind=Uniform(minimum=0.03, maximum=0.15, name='vej_wind', latex_label='$V^{\\rm{wind}}_{\\rm{ej}}$', unit=None, boundary=None)
16:36 INFO    : timeshift=0.0
16:36 INFO    : timeshift=0.0
16:36 INFO    : timeshift=0.0
16:36 INFO    : luminosity_distance=40.0
16:36 INFO    : vej_wind=Uniform(minimum=0.03, maximum=0.15, name='vej_wind', latex_label='$V^{\\rm{wind}}_{\\rm{ej}}$', unit=None, boundary=None)
16:36 INFO    : vej_wind=Uniform(minimum=0.03, maximum=0.15, name='vej_wind', latex_label='$V^{\\rm{wind}}_{\\rm{ej}}$', unit=None, boundary=None)
16:36 INFO    : log10_mej_wind=Uniform(minimum=-2, maximum=-0.89, name='log10_mej_wind', latex_label='$\\log_{10}M^{\\rm{wind}}_{\\rm{ej}}$', unit=None, boundary=None)
16:36 INFO    : luminosity_distance=40.0
16:36 INFO    : luminosity_distance=40.0
16:36 INFO    : Ebv=0.0
16:36 INFO    : Ebv=0.0
16:36 INFO    : Ebv=0.0
16:36 INFO    : Analysis likelihood class: <class 'nmma.em.likelihood.OpticalLightCurve'>
16:36 INFO    : KNphi=Uniform(minimum=15.0, maximum=75.0, name='KNphi', latex_label='$\\phi_{\\rm{KN}}$', unit=None, boundary=None)
16:36 INFO    : Analysis likelihood noise evidence: 0.0
16:36 INFO    : Analysis likelihood class: <class 'nmma.em.likelihood.OpticalLightCurve'>
16:36 INFO    : Analysis likelihood class: <class 'nmma.em.likelihood.OpticalLightCurve'>
16:36 INFO    : KNphi=Uniform(minimum=15.0, maximum=75.0, name='KNphi', latex_label='$\\phi_{\\rm{KN}}$', unit=None, boundary=None)
16:36 INFO    : timeshift=0.0
16:36 INFO    : KNphi=Uniform(minimum=15.0, maximum=75.0, name='KNphi', latex_label='$\\phi_{\\rm{KN}}$', unit=None, boundary=None)
16:36 INFO    : vej_wind=Uniform(minimum=0.03, maximum=0.15, name='vej_wind', latex_label='$V^{\\rm{wind}}_{\\rm{ej}}$', unit=None, boundary=None)
16:36 INFO    : Analysis likelihood noise evidence: 0.0
16:36 INFO    : Analysis likelihood noise evidence: 0.0
16:36 INFO    : luminosity_distance=40.0
16:36 INFO    : timeshift=0.0
16:36 INFO    : timeshift=0.0
16:36 INFO    : Ebv=0.0
16:36 INFO    : luminosity_distance=40.0
16:36 INFO    : luminosity_distance=40.0
16:36 INFO    : Ebv=0.0
16:36 INFO    : Analysis likelihood class: <class 'nmma.em.likelihood.OpticalLightCurve'>
16:36 INFO    : Ebv=0.0
16:36 INFO    : KNphi=Uniform(minimum=15.0, maximum=75.0, name='KNphi', latex_label='$\\phi_{\\rm{KN}}$', unit=None, boundary=None)
16:36 INFO    : Analysis likelihood noise evidence: 0.0
16:36 INFO    : Analysis likelihood class: <class 'nmma.em.likelihood.OpticalLightCurve'>
16:36 INFO    : Analysis likelihood class: <class 'nmma.em.likelihood.OpticalLightCurve'>
16:36 INFO    : timeshift=0.0
16:36 INFO    : Analysis likelihood noise evidence: 0.0
16:36 INFO    : Analysis likelihood noise evidence: 0.0
16:36 INFO    : luminosity_distance=40.0
16:36 INFO    : Ebv=0.0
16:36 INFO    : Analysis likelihood class: <class 'nmma.em.likelihood.OpticalLightCurve'>
16:36 INFO    : Analysis likelihood noise evidence: 0.0
16:36 INFO    : Single likelihood evaluation took 2.671e-02 s
16:36 INFO    : Single likelihood evaluation took 2.673e-02 s
16:36 INFO    : Single likelihood evaluation took 2.680e-02 s
16:36 WARNING : Supplied argument 'queue_size' not an argument of 'Pymultinest', removing.
16:36 WARNING : Supplied argument 'check_point_delta_t' not an argument of 'Pymultinest', removing.
16:36 INFO    : Using sampler Pymultinest with kwargs {'importance_nested_sampling': False, 'resume': True, 'verbose': True, 'sampling_efficiency': 'parameter', 'n_live_points': 2048, 'n_params': 8, 'n_clustering_params': None, 'wrapped_params': None, 'multimodal': True, 'const_efficiency_mode': False, 'evidence_tolerance': 0.5, 'n_iter_before_update': 100, 'null_log_evidence': -1e+90, 'max_modes': 100, 'mode_tolerance': -1e+90, 'seed': 42, 'context': 0, 'write_output': True, 'log_zero': -1e+100, 'max_iter': 0, 'init_MPI': False, 'dump_callback': <bound method Pymultinest._dump_callback of <bilby.core.sampler.pymultinest.Pymultinest object at 0x7fb88c63b940>>}
16:36 WARNING : Supplied argument 'queue_size' not an argument of 'Pymultinest', removing.
16:36 WARNING : Supplied argument 'check_point_delta_t' not an argument of 'Pymultinest', removing.
16:36 INFO    : Using sampler Pymultinest with kwargs {'importance_nested_sampling': False, 'resume': True, 'verbose': True, 'sampling_efficiency': 'parameter', 'n_live_points': 2048, 'n_params': 8, 'n_clustering_params': None, 'wrapped_params': None, 'multimodal': True, 'const_efficiency_mode': False, 'evidence_tolerance': 0.5, 'n_iter_before_update': 100, 'null_log_evidence': -1e+90, 'max_modes': 100, 'mode_tolerance': -1e+90, 'seed': 42, 'context': 0, 'write_output': True, 'log_zero': -1e+100, 'max_iter': 0, 'init_MPI': False, 'dump_callback': <bound method Pymultinest._dump_callback of <bilby.core.sampler.pymultinest.Pymultinest object at 0x7f9204343af0>>}
16:36 INFO    : Temporary directory incompatible with MPI, will run in original directory
16:36 INFO    : Temporary directory incompatible with MPI, will run in original directory
16:36 INFO    : Using output file outdir/pm_AT2017gfo_dL40/
16:36 INFO    : Using output file outdir/pm_AT2017gfo_dL40/
16:36 WARNING : Supplied argument 'queue_size' not an argument of 'Pymultinest', removing.
16:36 WARNING : Supplied argument 'check_point_delta_t' not an argument of 'Pymultinest', removing.
16:36 INFO    : Using sampler Pymultinest with kwargs {'importance_nested_sampling': False, 'resume': True, 'verbose': True, 'sampling_efficiency': 'parameter', 'n_live_points': 2048, 'n_params': 8, 'n_clustering_params': None, 'wrapped_params': None, 'multimodal': True, 'const_efficiency_mode': False, 'evidence_tolerance': 0.5, 'n_iter_before_update': 100, 'null_log_evidence': -1e+90, 'max_modes': 100, 'mode_tolerance': -1e+90, 'seed': 42, 'context': 0, 'write_output': True, 'log_zero': -1e+100, 'max_iter': 0, 'init_MPI': False, 'dump_callback': <bound method Pymultinest._dump_callback of <bilby.core.sampler.pymultinest.Pymultinest object at 0x7fe4f42e7dc0>>}
16:36 INFO    : Temporary directory incompatible with MPI, will run in original directory
16:36 INFO    : Using output file outdir/pm_AT2017gfo_dL40/
16:36 INFO    : Single likelihood evaluation took 2.710e-02 s
16:36 INFO    : Single likelihood evaluation took 2.722e-02 s
16:36 INFO    : Single likelihood evaluation took 2.726e-02 s
16:36 INFO    : Single likelihood evaluation took 2.736e-02 s
16:36 WARNING : Supplied argument 'queue_size' not an argument of 'Pymultinest', removing.
16:36 WARNING : Supplied argument 'check_point_delta_t' not an argument of 'Pymultinest', removing.
16:36 INFO    : Using sampler Pymultinest with kwargs {'importance_nested_sampling': False, 'resume': True, 'verbose': True, 'sampling_efficiency': 'parameter', 'n_live_points': 2048, 'n_params': 8, 'n_clustering_params': None, 'wrapped_params': None, 'multimodal': True, 'const_efficiency_mode': False, 'evidence_tolerance': 0.5, 'n_iter_before_update': 100, 'null_log_evidence': -1e+90, 'max_modes': 100, 'mode_tolerance': -1e+90, 'seed': 42, 'context': 0, 'write_output': True, 'log_zero': -1e+100, 'max_iter': 0, 'init_MPI': False, 'dump_callback': <bound method Pymultinest._dump_callback of <bilby.core.sampler.pymultinest.Pymultinest object at 0x7f9da40f7d00>>}
16:36 INFO    : Temporary directory incompatible with MPI, will run in original directory
16:36 INFO    : Using output file outdir/pm_AT2017gfo_dL40/
16:36 INFO    : Single likelihood evaluation took 2.740e-02 s
16:36 INFO    : Single likelihood evaluation took 2.741e-02 s
16:36 WARNING : Supplied argument 'queue_size' not an argument of 'Pymultinest', removing.
16:36 WARNING : Supplied argument 'check_point_delta_t' not an argument of 'Pymultinest', removing.
16:36 INFO    : Using sampler Pymultinest with kwargs {'importance_nested_sampling': False, 'resume': True, 'verbose': True, 'sampling_efficiency': 'parameter', 'n_live_points': 2048, 'n_params': 8, 'n_clustering_params': None, 'wrapped_params': None, 'multimodal': True, 'const_efficiency_mode': False, 'evidence_tolerance': 0.5, 'n_iter_before_update': 100, 'null_log_evidence': -1e+90, 'max_modes': 100, 'mode_tolerance': -1e+90, 'seed': 42, 'context': 0, 'write_output': True, 'log_zero': -1e+100, 'max_iter': 0, 'init_MPI': False, 'dump_callback': <bound method Pymultinest._dump_callback of <bilby.core.sampler.pymultinest.Pymultinest object at 0x7f56585ffa90>>}
16:36 INFO    : Temporary directory incompatible with MPI, will run in original directory
16:36 INFO    : Using output file outdir/pm_AT2017gfo_dL40/
16:36 WARNING : Supplied argument 'queue_size' not an argument of 'Pymultinest', removing.
16:36 WARNING : Supplied argument 'check_point_delta_t' not an argument of 'Pymultinest', removing.
16:36 INFO    : Using sampler Pymultinest with kwargs {'importance_nested_sampling': False, 'resume': True, 'verbose': True, 'sampling_efficiency': 'parameter', 'n_live_points': 2048, 'n_params': 8, 'n_clustering_params': None, 'wrapped_params': None, 'multimodal': True, 'const_efficiency_mode': False, 'evidence_tolerance': 0.5, 'n_iter_before_update': 100, 'null_log_evidence': -1e+90, 'max_modes': 100, 'mode_tolerance': -1e+90, 'seed': 42, 'context': 0, 'write_output': True, 'log_zero': -1e+100, 'max_iter': 0, 'init_MPI': False, 'dump_callback': <bound method Pymultinest._dump_callback of <bilby.core.sampler.pymultinest.Pymultinest object at 0x7f43e822fa30>>}
16:36 INFO    : Temporary directory incompatible with MPI, will run in original directory
16:36 INFO    : Using output file outdir/pm_AT2017gfo_dL40/
16:36 WARNING : Supplied argument 'queue_size' not an argument of 'Pymultinest', removing.
16:36 WARNING : Supplied argument 'check_point_delta_t' not an argument of 'Pymultinest', removing.
16:36 INFO    : Using sampler Pymultinest with kwargs {'importance_nested_sampling': False, 'resume': True, 'verbose': True, 'sampling_efficiency': 'parameter', 'n_live_points': 2048, 'n_params': 8, 'n_clustering_params': None, 'wrapped_params': None, 'multimodal': True, 'const_efficiency_mode': False, 'evidence_tolerance': 0.5, 'n_iter_before_update': 100, 'null_log_evidence': -1e+90, 'max_modes': 100, 'mode_tolerance': -1e+90, 'seed': 42, 'context': 0, 'write_output': True, 'log_zero': -1e+100, 'max_iter': 0, 'init_MPI': False, 'dump_callback': <bound method Pymultinest._dump_callback of <bilby.core.sampler.pymultinest.Pymultinest object at 0x7f2ec0327ac0>>}
16:36 INFO    : Single likelihood evaluation took 2.765e-02 s
16:36 INFO    : Temporary directory incompatible with MPI, will run in original directory
16:36 WARNING : Supplied argument 'queue_size' not an argument of 'Pymultinest', removing.
16:36 WARNING : Supplied argument 'check_point_delta_t' not an argument of 'Pymultinest', removing.
16:36 INFO    : Using sampler Pymultinest with kwargs {'importance_nested_sampling': False, 'resume': True, 'verbose': True, 'sampling_efficiency': 'parameter', 'n_live_points': 2048, 'n_params': 8, 'n_clustering_params': None, 'wrapped_params': None, 'multimodal': True, 'const_efficiency_mode': False, 'evidence_tolerance': 0.5, 'n_iter_before_update': 100, 'null_log_evidence': -1e+90, 'max_modes': 100, 'mode_tolerance': -1e+90, 'seed': 42, 'context': 0, 'write_output': True, 'log_zero': -1e+100, 'max_iter': 0, 'init_MPI': False, 'dump_callback': <bound method Pymultinest._dump_callback of <bilby.core.sampler.pymultinest.Pymultinest object at 0x7fc0e453b010>>}
16:36 INFO    : Using output file outdir/pm_AT2017gfo_dL40/
16:36 INFO    : Temporary directory incompatible with MPI, will run in original directory
16:36 INFO    : Using output file outdir/pm_AT2017gfo_dL40/
16:36 WARNING : Supplied argument 'queue_size' not an argument of 'Pymultinest', removing.
16:36 WARNING : Supplied argument 'check_point_delta_t' not an argument of 'Pymultinest', removing.
16:36 INFO    : Using sampler Pymultinest with kwargs {'importance_nested_sampling': False, 'resume': True, 'verbose': True, 'sampling_efficiency': 'parameter', 'n_live_points': 2048, 'n_params': 8, 'n_clustering_params': None, 'wrapped_params': None, 'multimodal': True, 'const_efficiency_mode': False, 'evidence_tolerance': 0.5, 'n_iter_before_update': 100, 'null_log_evidence': -1e+90, 'max_modes': 100, 'mode_tolerance': -1e+90, 'seed': 42, 'context': 0, 'write_output': True, 'log_zero': -1e+100, 'max_iter': 0, 'init_MPI': False, 'dump_callback': <bound method Pymultinest._dump_callback of <bilby.core.sampler.pymultinest.Pymultinest object at 0x7fb15850ba30>>}
16:36 INFO    : Temporary directory incompatible with MPI, will run in original directory
16:36 INFO    : Using output file outdir/pm_AT2017gfo_dL40/
16:36 INFO    : Single likelihood evaluation took 2.776e-02 s
16:36 WARNING : Supplied argument 'queue_size' not an argument of 'Pymultinest', removing.
16:36 WARNING : Supplied argument 'check_point_delta_t' not an argument of 'Pymultinest', removing.
16:36 INFO    : Using sampler Pymultinest with kwargs {'importance_nested_sampling': False, 'resume': True, 'verbose': True, 'sampling_efficiency': 'parameter', 'n_live_points': 2048, 'n_params': 8, 'n_clustering_params': None, 'wrapped_params': None, 'multimodal': True, 'const_efficiency_mode': False, 'evidence_tolerance': 0.5, 'n_iter_before_update': 100, 'null_log_evidence': -1e+90, 'max_modes': 100, 'mode_tolerance': -1e+90, 'seed': 42, 'context': 0, 'write_output': True, 'log_zero': -1e+100, 'max_iter': 0, 'init_MPI': False, 'dump_callback': <bound method Pymultinest._dump_callback of <bilby.core.sampler.pymultinest.Pymultinest object at 0x7f556c32b070>>}
16:36 INFO    : Temporary directory incompatible with MPI, will run in original directory
16:36 INFO    : Using output file outdir/pm_AT2017gfo_dL40/
16:36 WARNING : Supplied argument 'queue_size' not an argument of 'Pymultinest', removing.
16:36 WARNING : Supplied argument 'check_point_delta_t' not an argument of 'Pymultinest', removing.
16:36 INFO    : Using sampler Pymultinest with kwargs {'importance_nested_sampling': False, 'resume': True, 'verbose': True, 'sampling_efficiency': 'parameter', 'n_live_points': 2048, 'n_params': 8, 'n_clustering_params': None, 'wrapped_params': None, 'multimodal': True, 'const_efficiency_mode': False, 'evidence_tolerance': 0.5, 'n_iter_before_update': 100, 'null_log_evidence': -1e+90, 'max_modes': 100, 'mode_tolerance': -1e+90, 'seed': 42, 'context': 0, 'write_output': True, 'log_zero': -1e+100, 'max_iter': 0, 'init_MPI': False, 'dump_callback': <bound method Pymultinest._dump_callback of <bilby.core.sampler.pymultinest.Pymultinest object at 0x7f467450ed70>>}
16:36 INFO    : Temporary directory incompatible with MPI, will run in original directory
16:36 INFO    : Using output file outdir/pm_AT2017gfo_dL40/
16:36 INFO    : Single likelihood evaluation took 2.816e-02 s
16:36 INFO    : Single likelihood evaluation took 2.825e-02 s
16:36 INFO    : Single likelihood evaluation took 2.832e-02 s
16:36 INFO    : Single likelihood evaluation took 2.836e-02 s
16:36 WARNING : Supplied argument 'queue_size' not an argument of 'Pymultinest', removing.
16:36 WARNING : Supplied argument 'check_point_delta_t' not an argument of 'Pymultinest', removing.
16:36 INFO    : Using sampler Pymultinest with kwargs {'importance_nested_sampling': False, 'resume': True, 'verbose': True, 'sampling_efficiency': 'parameter', 'n_live_points': 2048, 'n_params': 8, 'n_clustering_params': None, 'wrapped_params': None, 'multimodal': True, 'const_efficiency_mode': False, 'evidence_tolerance': 0.5, 'n_iter_before_update': 100, 'null_log_evidence': -1e+90, 'max_modes': 100, 'mode_tolerance': -1e+90, 'seed': 42, 'context': 0, 'write_output': True, 'log_zero': -1e+100, 'max_iter': 0, 'init_MPI': False, 'dump_callback': <bound method Pymultinest._dump_callback of <bilby.core.sampler.pymultinest.Pymultinest object at 0x7f0880432e90>>}
16:36 INFO    : Temporary directory incompatible with MPI, will run in original directory
16:36 INFO    : Using output file outdir/pm_AT2017gfo_dL40/
16:36 WARNING : Supplied argument 'queue_size' not an argument of 'Pymultinest', removing.
16:36 WARNING : Supplied argument 'check_point_delta_t' not an argument of 'Pymultinest', removing.
16:36 INFO    : Using sampler Pymultinest with kwargs {'importance_nested_sampling': False, 'resume': True, 'verbose': True, 'sampling_efficiency': 'parameter', 'n_live_points': 2048, 'n_params': 8, 'n_clustering_params': None, 'wrapped_params': None, 'multimodal': True, 'const_efficiency_mode': False, 'evidence_tolerance': 0.5, 'n_iter_before_update': 100, 'null_log_evidence': -1e+90, 'max_modes': 100, 'mode_tolerance': -1e+90, 'seed': 42, 'context': 0, 'write_output': True, 'log_zero': -1e+100, 'max_iter': 0, 'init_MPI': False, 'dump_callback': <bound method Pymultinest._dump_callback of <bilby.core.sampler.pymultinest.Pymultinest object at 0x7f267c5ff8b0>>}
16:36 INFO    : Temporary directory incompatible with MPI, will run in original directory
16:36 INFO    : Using output file outdir/pm_AT2017gfo_dL40/
16:36 WARNING : Supplied argument 'queue_size' not an argument of 'Pymultinest', removing.
16:36 WARNING : Supplied argument 'check_point_delta_t' not an argument of 'Pymultinest', removing.
16:36 INFO    : Using sampler Pymultinest with kwargs {'importance_nested_sampling': False, 'resume': True, 'verbose': True, 'sampling_efficiency': 'parameter', 'n_live_points': 2048, 'n_params': 8, 'n_clustering_params': None, 'wrapped_params': None, 'multimodal': True, 'const_efficiency_mode': False, 'evidence_tolerance': 0.5, 'n_iter_before_update': 100, 'null_log_evidence': -1e+90, 'max_modes': 100, 'mode_tolerance': -1e+90, 'seed': 42, 'context': 0, 'write_output': True, 'log_zero': -1e+100, 'max_iter': 0, 'init_MPI': False, 'dump_callback': <bound method Pymultinest._dump_callback of <bilby.core.sampler.pymultinest.Pymultinest object at 0x7f8b647f0910>>}
16:36 INFO    : Temporary directory incompatible with MPI, will run in original directory
16:36 WARNING : Supplied argument 'queue_size' not an argument of 'Pymultinest', removing.
16:36 WARNING : Supplied argument 'check_point_delta_t' not an argument of 'Pymultinest', removing.
16:36 INFO    : Using sampler Pymultinest with kwargs {'importance_nested_sampling': False, 'resume': True, 'verbose': True, 'sampling_efficiency': 'parameter', 'n_live_points': 2048, 'n_params': 8, 'n_clustering_params': None, 'wrapped_params': None, 'multimodal': True, 'const_efficiency_mode': False, 'evidence_tolerance': 0.5, 'n_iter_before_update': 100, 'null_log_evidence': -1e+90, 'max_modes': 100, 'mode_tolerance': -1e+90, 'seed': 42, 'context': 0, 'write_output': True, 'log_zero': -1e+100, 'max_iter': 0, 'init_MPI': False, 'dump_callback': <bound method Pymultinest._dump_callback of <bilby.core.sampler.pymultinest.Pymultinest object at 0x7f62e83f3b20>>}
16:36 INFO    : Using output file outdir/pm_AT2017gfo_dL40/
16:36 INFO    : Temporary directory incompatible with MPI, will run in original directory
16:36 INFO    : Using output file outdir/pm_AT2017gfo_dL40/
16:36 INFO    : Single likelihood evaluation took 3.014e-02 s
16:36 WARNING : Supplied argument 'queue_size' not an argument of 'Pymultinest', removing.
16:36 WARNING : Supplied argument 'check_point_delta_t' not an argument of 'Pymultinest', removing.
16:36 INFO    : Using sampler Pymultinest with kwargs {'importance_nested_sampling': False, 'resume': True, 'verbose': True, 'sampling_efficiency': 'parameter', 'n_live_points': 2048, 'n_params': 8, 'n_clustering_params': None, 'wrapped_params': None, 'multimodal': True, 'const_efficiency_mode': False, 'evidence_tolerance': 0.5, 'n_iter_before_update': 100, 'null_log_evidence': -1e+90, 'max_modes': 100, 'mode_tolerance': -1e+90, 'seed': 42, 'context': 0, 'write_output': True, 'log_zero': -1e+100, 'max_iter': 0, 'init_MPI': False, 'dump_callback': <bound method Pymultinest._dump_callback of <bilby.core.sampler.pymultinest.Pymultinest object at 0x7f31d063fbb0>>}
16:36 INFO    : Temporary directory incompatible with MPI, will run in original directory
16:36 INFO    : Using output file outdir/pm_AT2017gfo_dL40/
16:38 INFO    : Sampling time: 0:01:33.511278
16:38 INFO    : Sampling time: 0:01:33.480941
16:38 INFO    : Sampling time: 0:01:33.495309
16:38 INFO    : Sampling time: 0:01:33.482625
16:38 INFO    : Sampling time: 0:01:33.388133
16:38 INFO    : Sampling time: 0:01:33.502814
16:38 INFO    : Sampling time: 0:01:33.372352
16:38 INFO    : Sampling time: 0:01:33.447722
16:38 INFO    : Sampling time: 0:01:33.465426
16:38 INFO    : Sampling time: 0:01:33.553955
16:38 INFO    : Sampling time: 0:01:33.560446
16:38 INFO    : Sampling time: 0:01:33.569762
16:38 INFO    : Sampling time: 0:01:33.313249
16:38 INFO    : Sampling time: 0:01:33.591584
16:38 INFO    : Sampling time: 0:01:33.479224
16:38 INFO    : Sampling time: 0:01:33.495921
16:38 INFO    : Summary of results:
nsamples: 9606
ln_noise_evidence:  0.000
ln_evidence: -146.404 +/-  0.044
ln_bayes_factor: -146.404 +/-  0.044

16:38 INFO    : Writing samples file to /nfs/urash/twouters/KN-inference-GPU/inference_runs/Bu2019/runs/outdir/AT2017gfo_dL40_posterior_samples.dat
16:38 INFO    : Summary of results:
nsamples: 9606
ln_noise_evidence:  0.000
ln_evidence: -146.404 +/-  0.044
ln_bayes_factor: -146.404 +/-  0.044

16:38 INFO    : Summary of results:
nsamples: 9606
ln_noise_evidence:  0.000
ln_evidence: -146.404 +/-  0.044
ln_bayes_factor: -146.404 +/-  0.044

16:38 INFO    : Writing samples file to /nfs/urash/twouters/KN-inference-GPU/inference_runs/Bu2019/runs/outdir/AT2017gfo_dL40_posterior_samples.dat
16:38 INFO    : Writing samples file to /nfs/urash/twouters/KN-inference-GPU/inference_runs/Bu2019/runs/outdir/AT2017gfo_dL40_posterior_samples.dat
